2023-09-27 22:52:36,004 [INFO] MainUpdater:2854 - connection check result : 10
2023-09-27 22:52:36,006 [INFO] MainUpdater:2854 - connection check result : 10
2023-09-27 22:52:36,251 [INFO] MicroXplorer:468 - Change Database Path : 
2023-09-27 22:52:36,252 [INFO] MicroXplorer:498 - Change Database Version : DB.6.0.80
2023-09-27 22:52:36,272 [WARN] ThirdParty:871 - waiting for thirdparty lock release [close project]
2023-09-27 22:52:36,272 [INFO] ThirdParty:873 - entering critical section [close project]
2023-09-27 22:52:36,272 [INFO] ThirdParty:883 - exiting critical section [close project]
2023-09-27 22:52:36,274 [INFO] PinOutPanel:1499 - setPackage(No Configuration,No Configuration)
2023-09-27 22:52:36,279 [INFO] UtilMem:75 - Begin LoadConfig() Used Memory: 720207352 Bytes (979369984)
2023-09-27 22:52:36,280 [INFO] MicroXplorer:468 - Change Database Path : 
2023-09-27 22:52:36,280 [INFO] MicroXplorer:498 - Change Database Version : DB.6.0.80
2023-09-27 22:52:36,280 [INFO] OpenFileManager:308 - Change cursor
2023-09-27 22:52:36,291 [INFO] RulesReader:64 - Compatibility file has been processed (293 Rules)
2023-09-27 22:52:36,293 [INFO] Mcu:1937 - Initializing MCU STM32L476R(C-E-G)Tx STM32L476RGTx STM32L476RGT3
2023-09-27 22:52:37,423 [INFO] Context:659 - Trying to add GPIOservice into a context  which must be forbidden
2023-09-27 22:52:38,027 [INFO] RtosManager:555 - Registered RTOS mode: class=CMSIS, group=RTOS, mode=CMSIS_V1, owner=FREERTOS
2023-09-27 22:52:38,027 [INFO] RtosManager:555 - Registered RTOS mode: class=CMSIS, group=RTOS2, mode=CMSIS_V2, owner=FREERTOS
2023-09-27 22:52:38,027 [INFO] RtosManager:555 - Registered RTOS mode: class=RTOS, group=Core, mode=CMSIS_V1, owner=FREERTOS
2023-09-27 22:52:38,027 [INFO] RtosManager:555 - Registered RTOS mode: class=RTOS, group=Core, mode=CMSIS_V2, owner=FREERTOS
2023-09-27 22:52:38,027 [WARN] ModelIntegratedComponent:184 - Missing modes for component STMicroelectronics:FreeRTOS:0.0.1:STMicroelectronics:RTOS:FreeRTOS:Core:::10.2.0:
2023-09-27 22:52:38,036 [WARN] ModelIntegratedComponent:63 - No mode defined for component null
2023-09-27 22:52:38,037 [WARN] ModelIntegratedComponent:63 - No mode defined for component null
2023-09-27 22:52:38,037 [WARN] ModelIntegratedComponent:63 - No mode defined for component null
2023-09-27 22:52:38,037 [WARN] ModelIntegratedComponent:63 - No mode defined for component null
2023-09-27 22:52:38,037 [WARN] ModelIntegratedComponent:63 - No mode defined for component null
2023-09-27 22:52:38,037 [WARN] ModelIntegratedComponent:63 - No mode defined for component null
2023-09-27 22:52:38,037 [WARN] ModelIntegratedComponent:63 - No mode defined for component null
2023-09-27 22:52:38,037 [WARN] ModelIntegratedComponent:63 - No mode defined for component null
2023-09-27 22:52:38,037 [WARN] ModelIntegratedComponent:63 - No mode defined for component null
2023-09-27 22:52:38,037 [WARN] ModelIntegratedComponent:63 - No mode defined for component null
2023-09-27 22:52:38,037 [WARN] ModelIntegratedComponent:63 - No mode defined for component null
2023-09-27 22:52:38,037 [WARN] ModelIntegratedComponent:63 - No mode defined for component null
2023-09-27 22:52:38,037 [WARN] ModelIntegratedComponent:63 - No mode defined for component null
2023-09-27 22:52:38,037 [WARN] ModelIntegratedComponent:63 - No mode defined for component null
2023-09-27 22:52:38,037 [WARN] ModelIntegratedComponent:63 - No mode defined for component null
2023-09-27 22:52:38,037 [WARN] ModelIntegratedComponent:63 - No mode defined for component null
2023-09-27 22:52:38,037 [WARN] ModelIntegratedComponent:63 - No mode defined for component null
2023-09-27 22:52:38,037 [WARN] ModelIntegratedComponent:63 - No mode defined for component null
2023-09-27 22:52:38,037 [WARN] ModelIntegratedComponent:63 - No mode defined for component null
2023-09-27 22:52:38,037 [WARN] ModelIntegratedComponent:63 - No mode defined for component null
2023-09-27 22:52:38,037 [WARN] ModelIntegratedComponent:63 - No mode defined for component null
2023-09-27 22:52:38,037 [WARN] ModelIntegratedComponent:63 - No mode defined for component null
2023-09-27 22:52:38,037 [WARN] ModelIntegratedComponent:63 - No mode defined for component null
2023-09-27 22:52:38,037 [WARN] ModelIntegratedComponent:63 - No mode defined for component null
2023-09-27 22:52:38,037 [WARN] ModelIntegratedComponent:63 - No mode defined for component null
2023-09-27 22:52:38,037 [WARN] ModelIntegratedComponent:63 - No mode defined for component null
2023-09-27 22:52:38,037 [WARN] ModelIntegratedComponent:63 - No mode defined for component null
2023-09-27 22:52:38,037 [WARN] ModelIntegratedComponent:63 - No mode defined for component null
2023-09-27 22:52:38,037 [WARN] ModelIntegratedComponent:63 - No mode defined for component null
2023-09-27 22:52:38,037 [WARN] ModelIntegratedComponent:63 - No mode defined for component null
2023-09-27 22:52:38,037 [WARN] ModelIntegratedComponent:63 - No mode defined for component null
2023-09-27 22:52:38,037 [WARN] ModelIntegratedComponent:63 - No mode defined for component null
2023-09-27 22:52:38,037 [WARN] ModelIntegratedComponent:63 - No mode defined for component null
2023-09-27 22:52:38,046 [INFO] ThirdPartyModel:298 - Start build external matchings
2023-09-27 22:52:38,354 [INFO] ThirdPartyModel:316 - End build external matchings
2023-09-27 22:52:38,359 [INFO] ImportTextPane:194 - (OptionalMessage_ERROR) IP (RCC) : Invalid parameter (FamilyName)
2023-09-27 22:52:38,360 [INFO] ImportTextPane:194 - (OptionalMessage_ERROR) IP (RCC) : Parameter (RNGFreq_Value) has invalid value (64000000)
2023-09-27 22:52:38,360 [INFO] ImportTextPane:194 - (OptionalMessage_ERROR) IP (RCC) : Parameter (SDMMCFreq_Value) has invalid value (64000000)
2023-09-27 22:52:38,360 [INFO] ImportTextPane:194 - (OptionalMessage_ERROR) IP (RCC) : Parameter (USBFreq_Value) has invalid value (64000000)
2023-09-27 22:52:38,532 [INFO] UtilMem:75 - End LoadConfig() Used Memory: 622941120 Bytes (979369984)
2023-09-27 22:52:38,539 [WARN] ThirdParty:833 - waiting for thirdparty lock release [change project]
2023-09-27 22:52:38,539 [INFO] ThirdParty:835 - entering critical section [change project]
2023-09-27 22:52:38,539 [INFO] ThirdParty:1030 - CMSIS Pack Vendor :STMicroelectronics X-CUBE-ISPU 1.1.0
2023-09-27 22:52:38,539 [INFO] ThirdParty:1030 - CMSIS Pack Vendor :STMicroelectronics X-CUBE-GNSS1 6.0.0
2023-09-27 22:52:38,539 [INFO] ThirdParty:1030 - CMSIS Pack Vendor :STMicroelectronics USB_HOST 2.0.0
2023-09-27 22:52:38,540 [INFO] ThirdParty:1030 - CMSIS Pack Vendor :STMicroelectronics X-CUBE-AZRTOS-F4 1.1.0
2023-09-27 22:52:38,540 [INFO] ThirdParty:1030 - CMSIS Pack Vendor :STMicroelectronics LIBJPEG 8.0.0
2023-09-27 22:52:38,540 [INFO] ThirdParty:1030 - CMSIS Pack Vendor :wolfSSL I-CUBE-wolfSSL 5.6.3
2023-09-27 22:52:38,540 [INFO] ThirdParty:1030 - CMSIS Pack Vendor :STMicroelectronics X-CUBE-SMBUS 2.1.0
2023-09-27 22:52:38,540 [INFO] ThirdParty:1030 - CMSIS Pack Vendor :STMicroelectronics USB_DEVICE 3.0.0
2023-09-27 22:52:38,540 [INFO] ThirdParty:1030 - CMSIS Pack Vendor :STMicroelectronics X-CUBE-AZRTOS-WB 2.0.0
2023-09-27 22:52:38,540 [INFO] ThirdParty:1030 - CMSIS Pack Vendor :STMicroelectronics X-CUBE-AZRTOS-F7 1.1.0
2023-09-27 22:52:38,540 [INFO] ThirdParty:1030 - CMSIS Pack Vendor :STMicroelectronics X-CUBE-AZRTOS-L5 2.0.0
2023-09-27 22:52:38,540 [INFO] ThirdParty:1030 - CMSIS Pack Vendor :STMicroelectronics USB_DEVICE 2.0.0
2023-09-27 22:52:38,540 [INFO] ThirdParty:1030 - CMSIS Pack Vendor :STMicroelectronics X-CUBE-MEMS1 9.6.0
2023-09-27 22:52:38,540 [INFO] ThirdParty:1030 - CMSIS Pack Vendor :STMicroelectronics FP-SNS-MOTENV1 4.3.2
2023-09-27 22:52:38,540 [INFO] ThirdParty:1030 - CMSIS Pack Vendor :STMicroelectronics X-CUBE-ALGOBUILD 1.3.0
2023-09-27 22:52:38,540 [INFO] ThirdParty:1030 - CMSIS Pack Vendor :STMicroelectronics FreeRTOS 0.0.1
2023-09-27 22:52:38,540 [INFO] ThirdParty:1030 - CMSIS Pack Vendor :STMicroelectronics X-CUBE-AZRTOS-G0 1.1.0
2023-09-27 22:52:38,540 [INFO] ThirdParty:1030 - CMSIS Pack Vendor :STMicroelectronics X-CUBE-BLEMGR 2.0.0
2023-09-27 22:52:38,540 [INFO] ThirdParty:1030 - CMSIS Pack Vendor :STMicroelectronics X-CUBE-NFC4 3.0.0
2023-09-27 22:52:38,540 [INFO] ThirdParty:1030 - CMSIS Pack Vendor :STMicroelectronics X-CUBE-SUBG2 5.0.0
2023-09-27 22:52:38,540 [INFO] ThirdParty:1030 - CMSIS Pack Vendor :STMicroelectronics STM32_WPAN 1.0.0
2023-09-27 22:52:38,540 [INFO] ThirdParty:1030 - CMSIS Pack Vendor :STMicroelectronics lwIP 2.0.3
2023-09-27 22:52:38,540 [INFO] ThirdParty:1030 - CMSIS Pack Vendor :STMicroelectronics FP-SNS-FLIGHT1 5.0.2
2023-09-27 22:52:38,540 [INFO] ThirdParty:1030 - CMSIS Pack Vendor :STMicroelectronics USB_HOST 1.0.0
2023-09-27 22:52:38,540 [INFO] ThirdParty:1030 - CMSIS Pack Vendor :STMicroelectronics X-CUBE-TOF1 3.3.1
2023-09-27 22:52:38,540 [INFO] ThirdParty:1030 - CMSIS Pack Vendor :STMicroelectronics X-CUBE-AZRTOS-G4 2.0.0
2023-09-27 22:52:38,540 [INFO] ThirdParty:1030 - CMSIS Pack Vendor :STMicroelectronics PDM2PCM 3.1.0
2023-09-27 22:52:38,540 [INFO] ThirdParty:1030 - CMSIS Pack Vendor :STMicroelectronics X-CUBE-AZRTOS-H7 3.1.0
2023-09-27 22:52:38,540 [INFO] ThirdParty:1030 - CMSIS Pack Vendor :STMicroelectronics PDM2PCM 3.3.0
2023-09-27 22:52:38,540 [INFO] ThirdParty:1030 - CMSIS Pack Vendor :STMicroelectronics X-CUBE-DISPLAY 3.0.0
2023-09-27 22:52:38,540 [INFO] ThirdParty:1030 - CMSIS Pack Vendor :STMicroelectronics X-CUBE-BLE1 7.0.0
2023-09-27 22:52:38,540 [INFO] ThirdParty:1030 - CMSIS Pack Vendor :STMicroelectronics FP-ATR-SIGFOX1 3.2.0
2023-09-27 22:52:38,540 [INFO] ThirdParty:1030 - CMSIS Pack Vendor :STMicroelectronics HAL Drivers 0.0.0
2023-09-27 22:52:38,540 [INFO] ThirdParty:1030 - CMSIS Pack Vendor :STMicroelectronics MBEDTLS 2.16.2
2023-09-27 22:52:38,540 [INFO] ThirdParty:1030 - CMSIS Pack Vendor :emotas I-CUBE-CANOPEN 1.3.0
2023-09-27 22:52:38,540 [INFO] ThirdParty:1030 - CMSIS Pack Vendor :STMicroelectronics X-CUBE-FREERTOS 1.1.0
2023-09-27 22:52:38,540 [INFO] ThirdParty:1030 - CMSIS Pack Vendor :STMicroelectronics X-CUBE-TOUCHGFX 4.22.0
2023-09-27 22:52:38,540 [INFO] ThirdParty:1030 - CMSIS Pack Vendor :STMicroelectronics X-CUBE-NFC7 1.0.1
2023-09-27 22:52:38,540 [INFO] ThirdParty:1030 - CMSIS Pack Vendor :STMicroelectronics MBEDTLS 2.14.1
2023-09-27 22:52:38,540 [INFO] ThirdParty:1030 - CMSIS Pack Vendor :STMicroelectronics X-CUBE-NFC6 3.0.0
2023-09-27 22:52:38,540 [INFO] ThirdParty:1030 - CMSIS Pack Vendor :STMicroelectronics X-CUBE-EEPRMA1 4.1.0
2023-09-27 22:52:38,540 [INFO] ThirdParty:1030 - CMSIS Pack Vendor :portGmbH I-Cube-SoM-uGOAL 1.1.0
2023-09-27 22:52:38,540 [INFO] ThirdParty:1030 - CMSIS Pack Vendor :STMicroelectronics X-CUBE-ALS 1.0.1
2023-09-27 22:52:38,540 [INFO] ThirdParty:1030 - CMSIS Pack Vendor :STMicroelectronics ThreadX 1.0.0
2023-09-27 22:52:38,540 [INFO] ThirdParty:1030 - CMSIS Pack Vendor :STMicroelectronics FP-SNS-SMARTAG2 1.2.0
2023-09-27 22:52:38,540 [INFO] ThirdParty:1030 - CMSIS Pack Vendor :STMicroelectronics X-CUBE-AZRTOS-WL 2.0.0
2023-09-27 22:52:38,540 [INFO] ThirdParty:1030 - CMSIS Pack Vendor :SEGGER I-CUBE-embOS 1.3.1
2023-09-27 22:52:38,540 [INFO] ThirdParty:1030 - CMSIS Pack Vendor :STMicroelectronics USB_DEVICE 1.0.0
2023-09-27 22:52:38,540 [INFO] ThirdParty:1030 - CMSIS Pack Vendor :STMicroelectronics X-CUBE-AI 8.1.0
2023-09-27 22:52:38,540 [INFO] ThirdParty:1030 - CMSIS Pack Vendor :STMicroelectronics X-CUBE-AZRTOS-L4 2.0.0
2023-09-27 22:52:38,540 [INFO] ThirdParty:1030 - CMSIS Pack Vendor :STMicroelectronics ThreadX 0.0.2
2023-09-27 22:52:38,540 [INFO] ThirdParty:1030 - CMSIS Pack Vendor :WES I-CUBE-Cesium 1.3.0
2023-09-27 22:52:38,540 [INFO] ThirdParty:1030 - CMSIS Pack Vendor :STMicroelectronics FP-ATR-ASTRA1 2.0.0
2023-09-27 22:52:38,540 [INFO] ThirdParty:1030 - CMSIS Pack Vendor :STMicroelectronics lwIP 2.1.2
2023-09-27 22:52:38,540 [INFO] ThirdParty:1030 - CMSIS Pack Vendor :STMicroelectronics X-CUBE-SFXS2LP1 4.0.0
2023-09-27 22:52:38,540 [INFO] ThirdParty:1030 - CMSIS Pack Vendor :STMicroelectronics X-CUBE-BLE2 3.3.0
2023-09-27 22:52:38,541 [INFO] ThirdParty:1030 - CMSIS Pack Vendor :STMicroelectronics PDM2PCM 3.2.0
2023-09-27 22:52:38,541 [INFO] ThirdParty:841 - exiting critical section [change project]
2023-09-27 22:52:38,803 [INFO] PinOutPanel:1499 - setPackage(No Configuration,No Configuration)
2023-09-27 22:52:38,803 [INFO] PinOutPanel:1499 - setPackage(STM32L476RGTx,LQFP64)
2023-09-27 22:52:39,284 [INFO] UtilMem:75 - Before build in PCC Used Memory: 514694304 Bytes (979369984)
2023-09-27 22:52:39,477 [INFO] UtilMem:75 - After build in PCC Used Memory: 595956896 Bytes (979369984)
2023-09-27 22:52:39,495 [INFO] IPUIPlugin:80 - create IPUIPlugin
2023-09-27 22:52:39,495 [INFO] IPUIPlugin:80 - create IPUIPlugin
2023-09-27 22:52:39,495 [INFO] IPUIPlugin:80 - create IPUIPlugin
2023-09-27 22:52:39,495 [INFO] IPUIPlugin:80 - create IPUIPlugin
2023-09-27 22:52:39,495 [INFO] IPUIPlugin:80 - create IPUIPlugin
2023-09-27 22:52:39,495 [INFO] IPUIPlugin:80 - create IPUIPlugin
2023-09-27 22:52:39,495 [INFO] IPUIPlugin:80 - create IPUIPlugin
2023-09-27 22:52:39,495 [INFO] IPUIPlugin:80 - create IPUIPlugin
2023-09-27 22:52:39,496 [INFO] IPUIPlugin:80 - create IPUIPlugin
2023-09-27 22:52:39,496 [INFO] IPUIPlugin:80 - create IPUIPlugin
2023-09-27 22:52:39,496 [INFO] IPUIPlugin:80 - create IPUIPlugin
2023-09-27 22:52:39,496 [INFO] IPUIPlugin:80 - create IPUIPlugin
2023-09-27 22:52:39,496 [INFO] IPUIPlugin:80 - create IPUIPlugin
2023-09-27 22:52:39,496 [INFO] IPUIPlugin:80 - create IPUIPlugin
2023-09-27 22:52:39,496 [INFO] IPUIPlugin:80 - create IPUIPlugin
2023-09-27 22:52:39,496 [INFO] IPUIPlugin:80 - create IPUIPlugin
2023-09-27 22:52:39,496 [INFO] IPUIPlugin:80 - create IPUIPlugin
2023-09-27 22:52:39,496 [INFO] IPUIPlugin:80 - create IPUIPlugin
2023-09-27 22:52:39,496 [INFO] IPUIPlugin:80 - create IPUIPlugin
2023-09-27 22:52:39,497 [INFO] IPUIPlugin:80 - create IPUIPlugin
2023-09-27 22:52:39,497 [INFO] IPUIPlugin:80 - create IPUIPlugin
2023-09-27 22:52:39,497 [INFO] IPUIPlugin:80 - create IPUIPlugin
2023-09-27 22:52:39,497 [INFO] IPUIPlugin:80 - create IPUIPlugin
2023-09-27 22:52:39,497 [INFO] IPUIPlugin:80 - create IPUIPlugin
2023-09-27 22:52:39,497 [INFO] IPUIPlugin:80 - create IPUIPlugin
2023-09-27 22:52:39,497 [INFO] IPUIPlugin:80 - create IPUIPlugin
2023-09-27 22:52:39,498 [INFO] IPUIPlugin:80 - create IPUIPlugin
2023-09-27 22:52:39,498 [INFO] IPUIPlugin:80 - create IPUIPlugin
2023-09-27 22:52:39,498 [INFO] IPUIPlugin:80 - create IPUIPlugin
2023-09-27 22:52:39,498 [INFO] IPUIPlugin:80 - create IPUIPlugin
2023-09-27 22:52:39,498 [INFO] IPUIPlugin:80 - create IPUIPlugin
2023-09-27 22:52:39,498 [INFO] IPUIPlugin:80 - create IPUIPlugin
2023-09-27 22:52:39,498 [INFO] IPUIPlugin:80 - create IPUIPlugin
2023-09-27 22:52:39,498 [INFO] IPUIPlugin:80 - create IPUIPlugin
2023-09-27 22:52:39,498 [INFO] IPUIPlugin:80 - create IPUIPlugin
2023-09-27 22:52:39,499 [INFO] IPUIPlugin:80 - create IPUIPlugin
2023-09-27 22:52:39,499 [INFO] IPUIPlugin:80 - create IPUIPlugin
2023-09-27 22:52:39,499 [INFO] IPUIPlugin:80 - create IPUIPlugin
2023-09-27 22:52:39,499 [INFO] IPUIPlugin:80 - create IPUIPlugin
2023-09-27 22:52:39,499 [INFO] IPUIPlugin:80 - create IPUIPlugin
2023-09-27 22:52:39,499 [INFO] IPUIPlugin:80 - create IPUIPlugin
2023-09-27 22:52:39,499 [INFO] IPUIPlugin:80 - create IPUIPlugin
2023-09-27 22:52:39,499 [INFO] IPUIPlugin:80 - create IPUIPlugin
2023-09-27 22:52:39,499 [INFO] IPUIPlugin:80 - create IPUIPlugin
2023-09-27 22:52:39,499 [INFO] IPUIPlugin:80 - create IPUIPlugin
2023-09-27 22:52:39,499 [INFO] IPUIPlugin:80 - create IPUIPlugin
2023-09-27 22:52:39,499 [INFO] IPUIPlugin:80 - create IPUIPlugin
2023-09-27 22:52:39,499 [INFO] IPUIPlugin:80 - create IPUIPlugin
2023-09-27 22:52:39,500 [INFO] IPUIPlugin:80 - create IPUIPlugin
2023-09-27 22:52:39,500 [INFO] IPUIPlugin:80 - create IPUIPlugin
2023-09-27 22:52:39,500 [INFO] IPUIPlugin:80 - create IPUIPlugin
2023-09-27 22:52:39,500 [INFO] IPUIPlugin:80 - create IPUIPlugin
2023-09-27 22:52:39,500 [INFO] IPUIPlugin:80 - create IPUIPlugin
2023-09-27 22:52:39,500 [INFO] IPUIPlugin:80 - create IPUIPlugin
2023-09-27 22:52:39,500 [INFO] IPUIPlugin:80 - create IPUIPlugin
2023-09-27 22:52:39,501 [INFO] IPUIPlugin:80 - create IPUIPlugin
2023-09-27 22:52:39,501 [INFO] IPUIPlugin:80 - create IPUIPlugin
2023-09-27 22:52:39,502 [INFO] IPUIPlugin:80 - create IPUIPlugin
2023-09-27 22:52:39,502 [INFO] IPUIPlugin:80 - create IPUIPlugin
2023-09-27 22:52:39,540 [INFO] CADModel:165 - CPN selected for project levelSTM32L476RGT3
2023-09-27 22:52:39,540 [INFO] CADModel:114 - Register for checkConnection events
2023-09-27 22:52:39,578 [INFO] OpenFileManager:328 - Restore cursor
2023-09-27 23:00:18,529 [INFO] MainUpdater:2854 - connection check result : 10
2023-09-27 23:00:18,529 [INFO] MainUpdater:2854 - connection check result : 10
2023-09-27 23:00:18,551 [INFO] MicroXplorer:468 - Change Database Path : 
2023-09-27 23:00:18,551 [INFO] MicroXplorer:498 - Change Database Version : DB.6.0.80
2023-09-27 23:00:18,566 [WARN] ThirdParty:871 - waiting for thirdparty lock release [close project]
2023-09-27 23:00:18,566 [INFO] ThirdParty:873 - entering critical section [close project]
2023-09-27 23:00:18,566 [INFO] ThirdParty:883 - exiting critical section [close project]
2023-09-27 23:00:18,568 [INFO] PinOutPanel:1499 - setPackage(No Configuration,No Configuration)
2023-09-27 23:00:18,571 [INFO] UtilMem:75 - Begin LoadConfig() Used Memory: 726650528 Bytes (979369984)
2023-09-27 23:00:18,571 [INFO] MicroXplorer:468 - Change Database Path : 
2023-09-27 23:00:18,571 [INFO] MicroXplorer:498 - Change Database Version : DB.6.0.80
2023-09-27 23:00:18,572 [INFO] OpenFileManager:308 - Change cursor
2023-09-27 23:00:18,575 [INFO] Mcu:1937 - Initializing MCU STM32L476R(C-E-G)Tx STM32L476RGTx STM32L476RGT3
2023-09-27 23:00:19,625 [INFO] Context:659 - Trying to add GPIOservice into a context  which must be forbidden
2023-09-27 23:00:20,097 [INFO] RtosManager:555 - Registered RTOS mode: class=CMSIS, group=RTOS, mode=CMSIS_V1, owner=FREERTOS
2023-09-27 23:00:20,097 [INFO] RtosManager:555 - Registered RTOS mode: class=CMSIS, group=RTOS2, mode=CMSIS_V2, owner=FREERTOS
2023-09-27 23:00:20,097 [INFO] RtosManager:555 - Registered RTOS mode: class=RTOS, group=Core, mode=CMSIS_V1, owner=FREERTOS
2023-09-27 23:00:20,097 [INFO] RtosManager:555 - Registered RTOS mode: class=RTOS, group=Core, mode=CMSIS_V2, owner=FREERTOS
2023-09-27 23:00:20,097 [WARN] ModelIntegratedComponent:184 - Missing modes for component STMicroelectronics:FreeRTOS:0.0.1:STMicroelectronics:RTOS:FreeRTOS:Core:::10.2.0:
2023-09-27 23:00:20,103 [WARN] ModelIntegratedComponent:63 - No mode defined for component null
2023-09-27 23:00:20,103 [WARN] ModelIntegratedComponent:63 - No mode defined for component null
2023-09-27 23:00:20,103 [WARN] ModelIntegratedComponent:63 - No mode defined for component null
2023-09-27 23:00:20,103 [WARN] ModelIntegratedComponent:63 - No mode defined for component null
2023-09-27 23:00:20,103 [WARN] ModelIntegratedComponent:63 - No mode defined for component null
2023-09-27 23:00:20,103 [WARN] ModelIntegratedComponent:63 - No mode defined for component null
2023-09-27 23:00:20,104 [WARN] ModelIntegratedComponent:63 - No mode defined for component null
2023-09-27 23:00:20,104 [WARN] ModelIntegratedComponent:63 - No mode defined for component null
2023-09-27 23:00:20,104 [WARN] ModelIntegratedComponent:63 - No mode defined for component null
2023-09-27 23:00:20,104 [WARN] ModelIntegratedComponent:63 - No mode defined for component null
2023-09-27 23:00:20,104 [WARN] ModelIntegratedComponent:63 - No mode defined for component null
2023-09-27 23:00:20,104 [WARN] ModelIntegratedComponent:63 - No mode defined for component null
2023-09-27 23:00:20,104 [WARN] ModelIntegratedComponent:63 - No mode defined for component null
2023-09-27 23:00:20,104 [WARN] ModelIntegratedComponent:63 - No mode defined for component null
2023-09-27 23:00:20,104 [WARN] ModelIntegratedComponent:63 - No mode defined for component null
2023-09-27 23:00:20,104 [WARN] ModelIntegratedComponent:63 - No mode defined for component null
2023-09-27 23:00:20,104 [WARN] ModelIntegratedComponent:63 - No mode defined for component null
2023-09-27 23:00:20,104 [WARN] ModelIntegratedComponent:63 - No mode defined for component null
2023-09-27 23:00:20,104 [WARN] ModelIntegratedComponent:63 - No mode defined for component null
2023-09-27 23:00:20,104 [WARN] ModelIntegratedComponent:63 - No mode defined for component null
2023-09-27 23:00:20,104 [WARN] ModelIntegratedComponent:63 - No mode defined for component null
2023-09-27 23:00:20,104 [WARN] ModelIntegratedComponent:63 - No mode defined for component null
2023-09-27 23:00:20,104 [WARN] ModelIntegratedComponent:63 - No mode defined for component null
2023-09-27 23:00:20,104 [WARN] ModelIntegratedComponent:63 - No mode defined for component null
2023-09-27 23:00:20,104 [WARN] ModelIntegratedComponent:63 - No mode defined for component null
2023-09-27 23:00:20,104 [WARN] ModelIntegratedComponent:63 - No mode defined for component null
2023-09-27 23:00:20,104 [WARN] ModelIntegratedComponent:63 - No mode defined for component null
2023-09-27 23:00:20,104 [WARN] ModelIntegratedComponent:63 - No mode defined for component null
2023-09-27 23:00:20,104 [WARN] ModelIntegratedComponent:63 - No mode defined for component null
2023-09-27 23:00:20,104 [WARN] ModelIntegratedComponent:63 - No mode defined for component null
2023-09-27 23:00:20,104 [WARN] ModelIntegratedComponent:63 - No mode defined for component null
2023-09-27 23:00:20,104 [WARN] ModelIntegratedComponent:63 - No mode defined for component null
2023-09-27 23:00:20,104 [WARN] ModelIntegratedComponent:63 - No mode defined for component null
2023-09-27 23:00:20,112 [INFO] ThirdPartyModel:298 - Start build external matchings
2023-09-27 23:00:20,511 [INFO] ThirdPartyModel:316 - End build external matchings
2023-09-27 23:00:20,518 [INFO] ImportTextPane:194 - (OptionalMessage_ERROR) IP (RCC) : Invalid parameter (FamilyName)
2023-09-27 23:00:20,519 [INFO] ImportTextPane:194 - (OptionalMessage_ERROR) IP (RCC) : Parameter (RNGFreq_Value) has invalid value (64000000)
2023-09-27 23:00:20,519 [INFO] ImportTextPane:194 - (OptionalMessage_ERROR) IP (RCC) : Parameter (SDMMCFreq_Value) has invalid value (64000000)
2023-09-27 23:00:20,519 [INFO] ImportTextPane:194 - (OptionalMessage_ERROR) IP (RCC) : Parameter (USBFreq_Value) has invalid value (64000000)
2023-09-27 23:00:20,697 [INFO] UtilMem:75 - End LoadConfig() Used Memory: 798928024 Bytes (979369984)
2023-09-27 23:00:20,707 [WARN] ThirdParty:833 - waiting for thirdparty lock release [change project]
2023-09-27 23:00:20,707 [INFO] ThirdParty:835 - entering critical section [change project]
2023-09-27 23:00:20,707 [INFO] ThirdParty:1030 - CMSIS Pack Vendor :STMicroelectronics X-CUBE-ISPU 1.1.0
2023-09-27 23:00:20,707 [INFO] ThirdParty:1030 - CMSIS Pack Vendor :STMicroelectronics X-CUBE-GNSS1 6.0.0
2023-09-27 23:00:20,707 [INFO] ThirdParty:1030 - CMSIS Pack Vendor :STMicroelectronics USB_HOST 2.0.0
2023-09-27 23:00:20,707 [INFO] ThirdParty:1030 - CMSIS Pack Vendor :STMicroelectronics X-CUBE-AZRTOS-F4 1.1.0
2023-09-27 23:00:20,707 [INFO] ThirdParty:1030 - CMSIS Pack Vendor :STMicroelectronics LIBJPEG 8.0.0
2023-09-27 23:00:20,707 [INFO] ThirdParty:1030 - CMSIS Pack Vendor :wolfSSL I-CUBE-wolfSSL 5.6.3
2023-09-27 23:00:20,707 [INFO] ThirdParty:1030 - CMSIS Pack Vendor :STMicroelectronics X-CUBE-SMBUS 2.1.0
2023-09-27 23:00:20,707 [INFO] ThirdParty:1030 - CMSIS Pack Vendor :STMicroelectronics USB_DEVICE 3.0.0
2023-09-27 23:00:20,707 [INFO] ThirdParty:1030 - CMSIS Pack Vendor :STMicroelectronics X-CUBE-AZRTOS-WB 2.0.0
2023-09-27 23:00:20,707 [INFO] ThirdParty:1030 - CMSIS Pack Vendor :STMicroelectronics X-CUBE-AZRTOS-F7 1.1.0
2023-09-27 23:00:20,707 [INFO] ThirdParty:1030 - CMSIS Pack Vendor :STMicroelectronics X-CUBE-AZRTOS-L5 2.0.0
2023-09-27 23:00:20,707 [INFO] ThirdParty:1030 - CMSIS Pack Vendor :STMicroelectronics USB_DEVICE 2.0.0
2023-09-27 23:00:20,707 [INFO] ThirdParty:1030 - CMSIS Pack Vendor :STMicroelectronics X-CUBE-MEMS1 9.6.0
2023-09-27 23:00:20,707 [INFO] ThirdParty:1030 - CMSIS Pack Vendor :STMicroelectronics FP-SNS-MOTENV1 4.3.2
2023-09-27 23:00:20,707 [INFO] ThirdParty:1030 - CMSIS Pack Vendor :STMicroelectronics X-CUBE-ALGOBUILD 1.3.0
2023-09-27 23:00:20,707 [INFO] ThirdParty:1030 - CMSIS Pack Vendor :STMicroelectronics FreeRTOS 0.0.1
2023-09-27 23:00:20,707 [INFO] ThirdParty:1030 - CMSIS Pack Vendor :STMicroelectronics X-CUBE-AZRTOS-G0 1.1.0
2023-09-27 23:00:20,707 [INFO] ThirdParty:1030 - CMSIS Pack Vendor :STMicroelectronics X-CUBE-BLEMGR 2.0.0
2023-09-27 23:00:20,707 [INFO] ThirdParty:1030 - CMSIS Pack Vendor :STMicroelectronics X-CUBE-NFC4 3.0.0
2023-09-27 23:00:20,707 [INFO] ThirdParty:1030 - CMSIS Pack Vendor :STMicroelectronics X-CUBE-SUBG2 5.0.0
2023-09-27 23:00:20,707 [INFO] ThirdParty:1030 - CMSIS Pack Vendor :STMicroelectronics STM32_WPAN 1.0.0
2023-09-27 23:00:20,707 [INFO] ThirdParty:1030 - CMSIS Pack Vendor :STMicroelectronics lwIP 2.0.3
2023-09-27 23:00:20,707 [INFO] ThirdParty:1030 - CMSIS Pack Vendor :STMicroelectronics FP-SNS-FLIGHT1 5.0.2
2023-09-27 23:00:20,708 [INFO] ThirdParty:1030 - CMSIS Pack Vendor :STMicroelectronics USB_HOST 1.0.0
2023-09-27 23:00:20,708 [INFO] ThirdParty:1030 - CMSIS Pack Vendor :STMicroelectronics X-CUBE-TOF1 3.3.1
2023-09-27 23:00:20,708 [INFO] ThirdParty:1030 - CMSIS Pack Vendor :STMicroelectronics X-CUBE-AZRTOS-G4 2.0.0
2023-09-27 23:00:20,708 [INFO] ThirdParty:1030 - CMSIS Pack Vendor :STMicroelectronics PDM2PCM 3.1.0
2023-09-27 23:00:20,708 [INFO] ThirdParty:1030 - CMSIS Pack Vendor :STMicroelectronics X-CUBE-AZRTOS-H7 3.1.0
2023-09-27 23:00:20,708 [INFO] ThirdParty:1030 - CMSIS Pack Vendor :STMicroelectronics PDM2PCM 3.3.0
2023-09-27 23:00:20,708 [INFO] ThirdParty:1030 - CMSIS Pack Vendor :STMicroelectronics X-CUBE-DISPLAY 3.0.0
2023-09-27 23:00:20,708 [INFO] ThirdParty:1030 - CMSIS Pack Vendor :STMicroelectronics X-CUBE-BLE1 7.0.0
2023-09-27 23:00:20,708 [INFO] ThirdParty:1030 - CMSIS Pack Vendor :STMicroelectronics FP-ATR-SIGFOX1 3.2.0
2023-09-27 23:00:20,708 [INFO] ThirdParty:1030 - CMSIS Pack Vendor :STMicroelectronics HAL Drivers 0.0.0
2023-09-27 23:00:20,708 [INFO] ThirdParty:1030 - CMSIS Pack Vendor :STMicroelectronics MBEDTLS 2.16.2
2023-09-27 23:00:20,708 [INFO] ThirdParty:1030 - CMSIS Pack Vendor :emotas I-CUBE-CANOPEN 1.3.0
2023-09-27 23:00:20,708 [INFO] ThirdParty:1030 - CMSIS Pack Vendor :STMicroelectronics X-CUBE-FREERTOS 1.1.0
2023-09-27 23:00:20,708 [INFO] ThirdParty:1030 - CMSIS Pack Vendor :STMicroelectronics X-CUBE-TOUCHGFX 4.22.0
2023-09-27 23:00:20,708 [INFO] ThirdParty:1030 - CMSIS Pack Vendor :STMicroelectronics X-CUBE-NFC7 1.0.1
2023-09-27 23:00:20,708 [INFO] ThirdParty:1030 - CMSIS Pack Vendor :STMicroelectronics MBEDTLS 2.14.1
2023-09-27 23:00:20,708 [INFO] ThirdParty:1030 - CMSIS Pack Vendor :STMicroelectronics X-CUBE-NFC6 3.0.0
2023-09-27 23:00:20,708 [INFO] ThirdParty:1030 - CMSIS Pack Vendor :STMicroelectronics X-CUBE-EEPRMA1 4.1.0
2023-09-27 23:00:20,708 [INFO] ThirdParty:1030 - CMSIS Pack Vendor :portGmbH I-Cube-SoM-uGOAL 1.1.0
2023-09-27 23:00:20,708 [INFO] ThirdParty:1030 - CMSIS Pack Vendor :STMicroelectronics X-CUBE-ALS 1.0.1
2023-09-27 23:00:20,708 [INFO] ThirdParty:1030 - CMSIS Pack Vendor :STMicroelectronics ThreadX 1.0.0
2023-09-27 23:00:20,708 [INFO] ThirdParty:1030 - CMSIS Pack Vendor :STMicroelectronics FP-SNS-SMARTAG2 1.2.0
2023-09-27 23:00:20,708 [INFO] ThirdParty:1030 - CMSIS Pack Vendor :STMicroelectronics X-CUBE-AZRTOS-WL 2.0.0
2023-09-27 23:00:20,708 [INFO] ThirdParty:1030 - CMSIS Pack Vendor :SEGGER I-CUBE-embOS 1.3.1
2023-09-27 23:00:20,708 [INFO] ThirdParty:1030 - CMSIS Pack Vendor :STMicroelectronics USB_DEVICE 1.0.0
2023-09-27 23:00:20,708 [INFO] ThirdParty:1030 - CMSIS Pack Vendor :STMicroelectronics X-CUBE-AI 8.1.0
2023-09-27 23:00:20,708 [INFO] ThirdParty:1030 - CMSIS Pack Vendor :STMicroelectronics X-CUBE-AZRTOS-L4 2.0.0
2023-09-27 23:00:20,708 [INFO] ThirdParty:1030 - CMSIS Pack Vendor :STMicroelectronics ThreadX 0.0.2
2023-09-27 23:00:20,708 [INFO] ThirdParty:1030 - CMSIS Pack Vendor :WES I-CUBE-Cesium 1.3.0
2023-09-27 23:00:20,708 [INFO] ThirdParty:1030 - CMSIS Pack Vendor :STMicroelectronics FP-ATR-ASTRA1 2.0.0
2023-09-27 23:00:20,708 [INFO] ThirdParty:1030 - CMSIS Pack Vendor :STMicroelectronics lwIP 2.1.2
2023-09-27 23:00:20,708 [INFO] ThirdParty:1030 - CMSIS Pack Vendor :STMicroelectronics X-CUBE-SFXS2LP1 4.0.0
2023-09-27 23:00:20,708 [INFO] ThirdParty:1030 - CMSIS Pack Vendor :STMicroelectronics X-CUBE-BLE2 3.3.0
2023-09-27 23:00:20,708 [INFO] ThirdParty:1030 - CMSIS Pack Vendor :STMicroelectronics PDM2PCM 3.2.0
2023-09-27 23:00:20,709 [INFO] ThirdParty:841 - exiting critical section [change project]
2023-09-27 23:00:20,987 [INFO] PinOutPanel:1499 - setPackage(No Configuration,No Configuration)
2023-09-27 23:00:20,987 [INFO] PinOutPanel:1499 - setPackage(STM32L476RGTx,LQFP64)
2023-09-27 23:00:21,437 [INFO] UtilMem:75 - Before build in PCC Used Memory: 528855336 Bytes (979369984)
2023-09-27 23:00:21,636 [INFO] UtilMem:75 - After build in PCC Used Memory: 608547112 Bytes (979369984)
2023-09-27 23:00:21,654 [INFO] IPUIPlugin:80 - create IPUIPlugin
2023-09-27 23:00:21,654 [INFO] IPUIPlugin:80 - create IPUIPlugin
2023-09-27 23:00:21,654 [INFO] IPUIPlugin:80 - create IPUIPlugin
2023-09-27 23:00:21,655 [INFO] IPUIPlugin:80 - create IPUIPlugin
2023-09-27 23:00:21,655 [INFO] IPUIPlugin:80 - create IPUIPlugin
2023-09-27 23:00:21,655 [INFO] IPUIPlugin:80 - create IPUIPlugin
2023-09-27 23:00:21,655 [INFO] IPUIPlugin:80 - create IPUIPlugin
2023-09-27 23:00:21,655 [INFO] IPUIPlugin:80 - create IPUIPlugin
2023-09-27 23:00:21,655 [INFO] IPUIPlugin:80 - create IPUIPlugin
2023-09-27 23:00:21,655 [INFO] IPUIPlugin:80 - create IPUIPlugin
2023-09-27 23:00:21,655 [INFO] IPUIPlugin:80 - create IPUIPlugin
2023-09-27 23:00:21,655 [INFO] IPUIPlugin:80 - create IPUIPlugin
2023-09-27 23:00:21,655 [INFO] IPUIPlugin:80 - create IPUIPlugin
2023-09-27 23:00:21,655 [INFO] IPUIPlugin:80 - create IPUIPlugin
2023-09-27 23:00:21,655 [INFO] IPUIPlugin:80 - create IPUIPlugin
2023-09-27 23:00:21,655 [INFO] IPUIPlugin:80 - create IPUIPlugin
2023-09-27 23:00:21,656 [INFO] IPUIPlugin:80 - create IPUIPlugin
2023-09-27 23:00:21,656 [INFO] IPUIPlugin:80 - create IPUIPlugin
2023-09-27 23:00:21,656 [INFO] IPUIPlugin:80 - create IPUIPlugin
2023-09-27 23:00:21,656 [INFO] IPUIPlugin:80 - create IPUIPlugin
2023-09-27 23:00:21,656 [INFO] IPUIPlugin:80 - create IPUIPlugin
2023-09-27 23:00:21,656 [INFO] IPUIPlugin:80 - create IPUIPlugin
2023-09-27 23:00:21,656 [INFO] IPUIPlugin:80 - create IPUIPlugin
2023-09-27 23:00:21,657 [INFO] IPUIPlugin:80 - create IPUIPlugin
2023-09-27 23:00:21,657 [INFO] IPUIPlugin:80 - create IPUIPlugin
2023-09-27 23:00:21,657 [INFO] IPUIPlugin:80 - create IPUIPlugin
2023-09-27 23:00:21,657 [INFO] IPUIPlugin:80 - create IPUIPlugin
2023-09-27 23:00:21,657 [INFO] IPUIPlugin:80 - create IPUIPlugin
2023-09-27 23:00:21,657 [INFO] IPUIPlugin:80 - create IPUIPlugin
2023-09-27 23:00:21,657 [INFO] IPUIPlugin:80 - create IPUIPlugin
2023-09-27 23:00:21,658 [INFO] IPUIPlugin:80 - create IPUIPlugin
2023-09-27 23:00:21,658 [INFO] IPUIPlugin:80 - create IPUIPlugin
2023-09-27 23:00:21,658 [INFO] IPUIPlugin:80 - create IPUIPlugin
2023-09-27 23:00:21,658 [INFO] IPUIPlugin:80 - create IPUIPlugin
2023-09-27 23:00:21,658 [INFO] IPUIPlugin:80 - create IPUIPlugin
2023-09-27 23:00:21,658 [INFO] IPUIPlugin:80 - create IPUIPlugin
2023-09-27 23:00:21,658 [INFO] IPUIPlugin:80 - create IPUIPlugin
2023-09-27 23:00:21,658 [INFO] IPUIPlugin:80 - create IPUIPlugin
2023-09-27 23:00:21,658 [INFO] IPUIPlugin:80 - create IPUIPlugin
2023-09-27 23:00:21,658 [INFO] IPUIPlugin:80 - create IPUIPlugin
2023-09-27 23:00:21,658 [INFO] IPUIPlugin:80 - create IPUIPlugin
2023-09-27 23:00:21,659 [INFO] IPUIPlugin:80 - create IPUIPlugin
2023-09-27 23:00:21,659 [INFO] IPUIPlugin:80 - create IPUIPlugin
2023-09-27 23:00:21,659 [INFO] IPUIPlugin:80 - create IPUIPlugin
2023-09-27 23:00:21,659 [INFO] IPUIPlugin:80 - create IPUIPlugin
2023-09-27 23:00:21,659 [INFO] IPUIPlugin:80 - create IPUIPlugin
2023-09-27 23:00:21,659 [INFO] IPUIPlugin:80 - create IPUIPlugin
2023-09-27 23:00:21,659 [INFO] IPUIPlugin:80 - create IPUIPlugin
2023-09-27 23:00:21,659 [INFO] IPUIPlugin:80 - create IPUIPlugin
2023-09-27 23:00:21,660 [INFO] IPUIPlugin:80 - create IPUIPlugin
2023-09-27 23:00:21,660 [INFO] IPUIPlugin:80 - create IPUIPlugin
2023-09-27 23:00:21,660 [INFO] IPUIPlugin:80 - create IPUIPlugin
2023-09-27 23:00:21,660 [INFO] IPUIPlugin:80 - create IPUIPlugin
2023-09-27 23:00:21,660 [INFO] IPUIPlugin:80 - create IPUIPlugin
2023-09-27 23:00:21,660 [INFO] IPUIPlugin:80 - create IPUIPlugin
2023-09-27 23:00:21,661 [INFO] IPUIPlugin:80 - create IPUIPlugin
2023-09-27 23:00:21,661 [INFO] IPUIPlugin:80 - create IPUIPlugin
2023-09-27 23:00:21,661 [INFO] IPUIPlugin:80 - create IPUIPlugin
2023-09-27 23:00:21,662 [INFO] IPUIPlugin:80 - create IPUIPlugin
2023-09-27 23:00:21,702 [INFO] CADModel:165 - CPN selected for project levelSTM32L476RGT3
2023-09-27 23:00:21,702 [INFO] CADModel:114 - Register for checkConnection events
2023-09-27 23:00:21,741 [INFO] OpenFileManager:328 - Restore cursor
2023-09-27 23:01:18,812 [INFO] NvicIntPanel:101 - NVIC parent = com.st.microxplorer.plugins.ip.nvic.MultiNvicIntPanel[,0,0,0x0,invalid,layout=javax.swing.BoxLayout,alignmentX=0.0,alignmentY=0.0,border=,flags=9,maximumSize=,minimumSize=,preferredSize=]
2023-09-27 23:01:23,361 [INFO] NvicIntPanel:101 - NVIC parent = com.st.microxplorer.plugins.ip.nvic.MultiNvicIntPanel[,0,0,0x0,invalid,layout=javax.swing.BoxLayout,alignmentX=0.0,alignmentY=0.0,border=,flags=9,maximumSize=,minimumSize=,preferredSize=]
2023-09-27 23:27:29,631 [INFO] NvicIntPanel:101 - NVIC parent = com.st.microxplorer.plugins.ip.nvic.MultiNvicIntPanel[,0,0,594x246,layout=javax.swing.BoxLayout,alignmentX=0.0,alignmentY=0.0,border=,flags=9,maximumSize=,minimumSize=,preferredSize=]
2023-09-27 23:27:31,143 [INFO] NvicIntPanel:101 - NVIC parent = com.st.microxplorer.plugins.ip.nvic.MultiNvicIntPanel[,0,0,0x0,invalid,layout=javax.swing.BoxLayout,alignmentX=0.0,alignmentY=0.0,border=,flags=9,maximumSize=,minimumSize=,preferredSize=]
2023-09-27 23:27:53,567 [INFO] NvicIntPanel:101 - NVIC parent = com.st.microxplorer.plugins.ip.nvic.MultiNvicIntPanel[,0,0,0x0,invalid,layout=javax.swing.BoxLayout,alignmentX=0.0,alignmentY=0.0,border=,flags=9,maximumSize=,minimumSize=,preferredSize=]
2023-09-27 23:27:58,053 [INFO] NvicIntPanel:101 - NVIC parent = com.st.microxplorer.plugins.ip.nvic.MultiNvicIntPanel[,0,0,0x0,invalid,layout=javax.swing.BoxLayout,alignmentX=0.0,alignmentY=0.0,border=,flags=9,maximumSize=,minimumSize=,preferredSize=]
2023-09-27 23:28:03,518 [INFO] NvicIntPanel:101 - NVIC parent = com.st.microxplorer.plugins.ip.nvic.MultiNvicIntPanel[,0,0,0x0,invalid,layout=javax.swing.BoxLayout,alignmentX=0.0,alignmentY=0.0,border=,flags=9,maximumSize=,minimumSize=,preferredSize=]
2023-09-27 23:28:41,054 [INFO] UtilMem:75 - End SaveConfig() Used Memory: 592352864 Bytes (979369984)
2023-09-27 23:28:41,143 [INFO] UtilMem:75 - End SaveConfig() Used Memory: 615947872 Bytes (979369984)
2023-09-27 23:28:41,500 [INFO] UtilMem:75 - End SaveConfig() Used Memory: 774542960 Bytes (979369984)
2023-09-27 23:28:41,741 [INFO] BlockDiagram:2759 - set Specific Code input for plugin: SYS
2023-09-27 23:28:41,741 [INFO] BlockDiagram:2759 - set Specific Code input for plugin: RCC
2023-09-27 23:28:41,741 [INFO] BlockDiagram:2759 - set Specific Code input for plugin: RTC
2023-09-27 23:28:41,741 [INFO] BlockDiagram:2759 - set Specific Code input for plugin: NVIC
2023-09-27 23:28:41,741 [INFO] BlockDiagram:2759 - set Specific Code input for plugin: GPIO
2023-09-27 23:28:41,741 [INFO] CodeGenerator:793 - code generatio: config db path: /app/stm32cubeide/plugins/com.st.stm32cube.common.mx_6.8.0.202302231600//db/
2023-09-27 23:28:42,026 [INFO] CodeEngine:255 - oldGeneratedFile, /home/kosma/STM32Cube/1p12-workspace/l476rg/MXTmpFiles/license.tmp_save
2023-09-27 23:28:42,140 [INFO] CodeEngine:279 - Generated code: /home/kosma/STM32Cube/1p12-workspace/l476rg/MXTmpFiles/license.tmp
2023-09-27 23:28:42,211 [INFO] CodeEngine:255 - oldGeneratedFile, /home/kosma/STM32Cube/1p12-workspace/l476rg/MXTmpFiles/gpio.tmp_save
2023-09-27 23:28:42,276 [INFO] CodeEngine:279 - Generated code: /home/kosma/STM32Cube/1p12-workspace/l476rg/MXTmpFiles/gpio.tmp
2023-09-27 23:28:42,328 [INFO] CodeEngine:255 - oldGeneratedFile, /home/kosma/STM32Cube/1p12-workspace/l476rg/Core/Src/stm32l4xx_it.c_save
2023-09-27 23:28:42,522 [INFO] CodeEngine:279 - Generated code: /home/kosma/STM32Cube/1p12-workspace/l476rg/Core/Src/stm32l4xx_it.c
2023-09-27 23:28:42,523 [INFO] CodeEngine:255 - oldGeneratedFile, /home/kosma/STM32Cube/1p12-workspace/l476rg/Core/Inc/stm32l4xx_it.h_save
2023-09-27 23:28:42,579 [INFO] CodeEngine:279 - Generated code: /home/kosma/STM32Cube/1p12-workspace/l476rg/Core/Inc/stm32l4xx_it.h
2023-09-27 23:28:42,582 [INFO] CodeEngine:255 - oldGeneratedFile, /home/kosma/STM32Cube/1p12-workspace/l476rg/Core/Src/stm32l4xx_hal_msp.c_save
2023-09-27 23:28:42,700 [INFO] CodeEngine:279 - Generated code: /home/kosma/STM32Cube/1p12-workspace/l476rg/Core/Src/stm32l4xx_hal_msp.c
2023-09-27 23:28:42,701 [INFO] CodeEngine:255 - oldGeneratedFile, /home/kosma/STM32Cube/1p12-workspace/l476rg/MXTmpFiles/system.tmp_save
2023-09-27 23:28:42,753 [INFO] CodeEngine:279 - Generated code: /home/kosma/STM32Cube/1p12-workspace/l476rg/MXTmpFiles/system.tmp
2023-09-27 23:28:42,754 [INFO] CodeEngine:311 - oldGeneratedFile, /home/kosma/STM32Cube/1p12-workspace/l476rg/Core/Inc/stm32l4xx_hal_conf.h_save
2023-09-27 23:28:42,809 [INFO] CodeEngine:335 - Generated code: /home/kosma/STM32Cube/1p12-workspace/l476rg/Core/Inc/stm32l4xx_hal_conf.h
2023-09-27 23:28:42,824 [INFO] CodeEngine:255 - oldGeneratedFile, /home/kosma/STM32Cube/1p12-workspace/l476rg/Core/Inc/main.h_save
2023-09-27 23:28:42,889 [INFO] CodeEngine:279 - Generated code: /home/kosma/STM32Cube/1p12-workspace/l476rg/Core/Inc/main.h
2023-09-27 23:28:42,891 [INFO] CodeEngine:255 - oldGeneratedFile, /home/kosma/STM32Cube/1p12-workspace/l476rg/Core/Src/main.c_save
2023-09-27 23:28:42,967 [INFO] CodeEngine:279 - Generated code: /home/kosma/STM32Cube/1p12-workspace/l476rg/Core/Src/main.c
2023-09-27 23:28:43,480 [INFO] ProjectBuilder:2996 - Time for Copy HAL[2] : 0mS.
2023-09-27 23:28:43,481 [INFO] ProjectBuilder:4304 - Project Generator version: 3.19.2
2023-09-27 23:28:43,723 [INFO] ConfigFileManager:1483 - The Die is : DIE415
2023-09-27 23:28:43,725 [INFO] ApiDbMcu:507 - Load IP Config File for FATFS
2023-09-27 23:28:43,728 [INFO] ApiDbMcu:507 - Load IP Config File for FREERTOS
2023-09-27 23:28:43,739 [INFO] ApiDbMcu:507 - Load IP Config File for TOUCHSENSING
2023-09-27 23:28:43,745 [INFO] ApiDbMcu:507 - Load IP Config File for USB_DEVICE
2023-09-27 23:28:43,749 [INFO] ApiDbMcu:507 - Load IP Config File for USB_HOST
2023-09-27 23:28:45,283 [INFO] ProjectBuilder:4505 - Time for Generating toolchain IDE Files: 1802mS.
2023-09-27 23:28:45,283 [INFO] ProjectBuilder:2867 - Time for Copy CMSIS : 0mS.
2023-09-27 23:28:45,283 [INFO] ProjectBuilder:2867 - Time for Copy CMSIS : 0mS.
2023-09-27 23:35:05,939 [INFO] NvicIntPanel:101 - NVIC parent = com.st.microxplorer.plugins.ip.nvic.MultiNvicIntPanel[,0,0,0x0,invalid,layout=javax.swing.BoxLayout,alignmentX=0.0,alignmentY=0.0,border=,flags=9,maximumSize=,minimumSize=,preferredSize=]
2023-09-27 23:35:41,617 [INFO] NvicIntPanel:101 - NVIC parent = com.st.microxplorer.plugins.ip.nvic.MultiNvicIntPanel[,0,0,0x0,invalid,layout=javax.swing.BoxLayout,alignmentX=0.0,alignmentY=0.0,border=,flags=9,maximumSize=,minimumSize=,preferredSize=]
2023-09-27 23:35:51,470 [INFO] UtilMem:75 - End SaveConfig() Used Memory: 454518016 Bytes (979369984)
2023-09-27 23:35:51,562 [INFO] UtilMem:75 - End SaveConfig() Used Memory: 478635264 Bytes (979369984)
2023-09-27 23:35:51,819 [INFO] UtilMem:75 - End SaveConfig() Used Memory: 517958912 Bytes (979369984)
2023-09-27 23:35:52,010 [INFO] BlockDiagram:2759 - set Specific Code input for plugin: SYS
2023-09-27 23:35:52,010 [INFO] BlockDiagram:2759 - set Specific Code input for plugin: RCC
2023-09-27 23:35:52,010 [INFO] BlockDiagram:2759 - set Specific Code input for plugin: RTC
2023-09-27 23:35:52,010 [INFO] BlockDiagram:2759 - set Specific Code input for plugin: NVIC
2023-09-27 23:35:52,010 [INFO] BlockDiagram:2759 - set Specific Code input for plugin: GPIO
2023-09-27 23:35:52,011 [INFO] CodeGenerator:793 - code generatio: config db path: /app/stm32cubeide/plugins/com.st.stm32cube.common.mx_6.8.0.202302231600//db/
2023-09-27 23:35:52,150 [INFO] CodeEngine:255 - oldGeneratedFile, /home/kosma/STM32Cube/1p12-workspace/l476rg/MXTmpFiles/license.tmp_save
2023-09-27 23:35:52,199 [INFO] CodeEngine:279 - Generated code: /home/kosma/STM32Cube/1p12-workspace/l476rg/MXTmpFiles/license.tmp
2023-09-27 23:35:52,214 [INFO] CodeEngine:255 - oldGeneratedFile, /home/kosma/STM32Cube/1p12-workspace/l476rg/MXTmpFiles/gpio.tmp_save
2023-09-27 23:35:52,266 [INFO] CodeEngine:279 - Generated code: /home/kosma/STM32Cube/1p12-workspace/l476rg/MXTmpFiles/gpio.tmp
2023-09-27 23:35:52,306 [INFO] CodeEngine:255 - oldGeneratedFile, /home/kosma/STM32Cube/1p12-workspace/l476rg/Core/Src/stm32l4xx_it.c_save
2023-09-27 23:35:52,369 [INFO] CodeEngine:279 - Generated code: /home/kosma/STM32Cube/1p12-workspace/l476rg/Core/Src/stm32l4xx_it.c
2023-09-27 23:35:52,370 [INFO] CodeEngine:255 - oldGeneratedFile, /home/kosma/STM32Cube/1p12-workspace/l476rg/Core/Inc/stm32l4xx_it.h_save
2023-09-27 23:35:52,421 [INFO] CodeEngine:279 - Generated code: /home/kosma/STM32Cube/1p12-workspace/l476rg/Core/Inc/stm32l4xx_it.h
2023-09-27 23:35:52,424 [INFO] CodeEngine:255 - oldGeneratedFile, /home/kosma/STM32Cube/1p12-workspace/l476rg/Core/Src/stm32l4xx_hal_msp.c_save
2023-09-27 23:35:52,496 [INFO] CodeEngine:279 - Generated code: /home/kosma/STM32Cube/1p12-workspace/l476rg/Core/Src/stm32l4xx_hal_msp.c
2023-09-27 23:35:52,497 [INFO] CodeEngine:255 - oldGeneratedFile, /home/kosma/STM32Cube/1p12-workspace/l476rg/MXTmpFiles/system.tmp_save
2023-09-27 23:35:52,655 [INFO] CodeEngine:279 - Generated code: /home/kosma/STM32Cube/1p12-workspace/l476rg/MXTmpFiles/system.tmp
2023-09-27 23:35:52,657 [INFO] CodeEngine:311 - oldGeneratedFile, /home/kosma/STM32Cube/1p12-workspace/l476rg/Core/Inc/stm32l4xx_hal_conf.h_save
2023-09-27 23:35:52,720 [INFO] CodeEngine:335 - Generated code: /home/kosma/STM32Cube/1p12-workspace/l476rg/Core/Inc/stm32l4xx_hal_conf.h
2023-09-27 23:35:52,737 [INFO] CodeEngine:255 - oldGeneratedFile, /home/kosma/STM32Cube/1p12-workspace/l476rg/Core/Inc/main.h_save
2023-09-27 23:35:52,789 [INFO] CodeEngine:279 - Generated code: /home/kosma/STM32Cube/1p12-workspace/l476rg/Core/Inc/main.h
2023-09-27 23:35:52,791 [INFO] CodeEngine:255 - oldGeneratedFile, /home/kosma/STM32Cube/1p12-workspace/l476rg/Core/Src/main.c_save
2023-09-27 23:35:52,862 [INFO] CodeEngine:279 - Generated code: /home/kosma/STM32Cube/1p12-workspace/l476rg/Core/Src/main.c
2023-09-27 23:35:53,320 [INFO] ProjectBuilder:2996 - Time for Copy HAL[2] : 0mS.
2023-09-27 23:35:53,321 [INFO] ProjectBuilder:4304 - Project Generator version: 3.19.2
2023-09-27 23:35:53,543 [INFO] ConfigFileManager:1483 - The Die is : DIE415
2023-09-27 23:35:54,805 [INFO] ProjectBuilder:4505 - Time for Generating toolchain IDE Files: 1484mS.
2023-09-27 23:35:54,805 [INFO] ProjectBuilder:2867 - Time for Copy CMSIS : 0mS.
2023-09-27 23:35:54,806 [INFO] ProjectBuilder:2867 - Time for Copy CMSIS : 1mS.
2023-09-27 23:45:13,700 [INFO] Gpio:273 - dependency for GPIO [RCC, SYS]
2023-09-27 23:45:33,517 [INFO] UtilMem:75 - End SaveConfig() Used Memory: 486364208 Bytes (979369984)
2023-09-27 23:45:33,630 [INFO] UtilMem:75 - End SaveConfig() Used Memory: 510481456 Bytes (979369984)
2023-09-27 23:45:33,905 [INFO] UtilMem:75 - End SaveConfig() Used Memory: 551179344 Bytes (979369984)
2023-09-27 23:45:34,091 [INFO] BlockDiagram:2759 - set Specific Code input for plugin: SYS
2023-09-27 23:45:34,092 [INFO] BlockDiagram:2759 - set Specific Code input for plugin: RCC
2023-09-27 23:45:34,092 [INFO] BlockDiagram:2759 - set Specific Code input for plugin: RTC
2023-09-27 23:45:34,092 [INFO] BlockDiagram:2759 - set Specific Code input for plugin: NVIC
2023-09-27 23:45:34,092 [INFO] BlockDiagram:2759 - set Specific Code input for plugin: USART
2023-09-27 23:45:34,092 [INFO] BlockDiagram:2759 - set Specific Code input for plugin: GPIO
2023-09-27 23:45:34,092 [INFO] CodeGenerator:793 - code generatio: config db path: /app/stm32cubeide/plugins/com.st.stm32cube.common.mx_6.8.0.202302231600//db/
2023-09-27 23:45:34,233 [INFO] CodeEngine:255 - oldGeneratedFile, /home/kosma/STM32Cube/1p12-workspace/l476rg/MXTmpFiles/license.tmp_save
2023-09-27 23:45:34,284 [INFO] CodeEngine:279 - Generated code: /home/kosma/STM32Cube/1p12-workspace/l476rg/MXTmpFiles/license.tmp
2023-09-27 23:45:34,301 [INFO] CodeEngine:255 - oldGeneratedFile, /home/kosma/STM32Cube/1p12-workspace/l476rg/MXTmpFiles/gpio.tmp_save
2023-09-27 23:45:34,453 [INFO] CodeEngine:279 - Generated code: /home/kosma/STM32Cube/1p12-workspace/l476rg/MXTmpFiles/gpio.tmp
2023-09-27 23:45:34,531 [INFO] CodeEngine:255 - oldGeneratedFile, /home/kosma/STM32Cube/1p12-workspace/l476rg/Core/Src/stm32l4xx_it.c_save
2023-09-27 23:45:34,594 [INFO] CodeEngine:279 - Generated code: /home/kosma/STM32Cube/1p12-workspace/l476rg/Core/Src/stm32l4xx_it.c
2023-09-27 23:45:34,595 [INFO] CodeEngine:255 - oldGeneratedFile, /home/kosma/STM32Cube/1p12-workspace/l476rg/Core/Inc/stm32l4xx_it.h_save
2023-09-27 23:45:34,645 [INFO] CodeEngine:279 - Generated code: /home/kosma/STM32Cube/1p12-workspace/l476rg/Core/Inc/stm32l4xx_it.h
2023-09-27 23:45:34,649 [INFO] CodeEngine:255 - oldGeneratedFile, /home/kosma/STM32Cube/1p12-workspace/l476rg/Core/Src/stm32l4xx_hal_msp.c_save
2023-09-27 23:45:34,724 [INFO] CodeEngine:279 - Generated code: /home/kosma/STM32Cube/1p12-workspace/l476rg/Core/Src/stm32l4xx_hal_msp.c
2023-09-27 23:45:34,725 [INFO] CodeEngine:255 - oldGeneratedFile, /home/kosma/STM32Cube/1p12-workspace/l476rg/MXTmpFiles/system.tmp_save
2023-09-27 23:45:34,775 [INFO] CodeEngine:279 - Generated code: /home/kosma/STM32Cube/1p12-workspace/l476rg/MXTmpFiles/system.tmp
2023-09-27 23:45:34,777 [INFO] CodeEngine:311 - oldGeneratedFile, /home/kosma/STM32Cube/1p12-workspace/l476rg/Core/Inc/stm32l4xx_hal_conf.h_save
2023-09-27 23:45:34,835 [INFO] CodeEngine:335 - Generated code: /home/kosma/STM32Cube/1p12-workspace/l476rg/Core/Inc/stm32l4xx_hal_conf.h
2023-09-27 23:45:34,850 [INFO] CodeEngine:255 - oldGeneratedFile, /home/kosma/STM32Cube/1p12-workspace/l476rg/Core/Inc/main.h_save
2023-09-27 23:45:34,904 [INFO] CodeEngine:279 - Generated code: /home/kosma/STM32Cube/1p12-workspace/l476rg/Core/Inc/main.h
2023-09-27 23:45:34,906 [INFO] CodeEngine:255 - oldGeneratedFile, /home/kosma/STM32Cube/1p12-workspace/l476rg/Core/Src/main.c_save
2023-09-27 23:45:34,976 [INFO] CodeEngine:279 - Generated code: /home/kosma/STM32Cube/1p12-workspace/l476rg/Core/Src/main.c
2023-09-27 23:45:35,542 [INFO] ProjectBuilder:2996 - Time for Copy HAL[2] : 0mS.
2023-09-27 23:45:35,543 [INFO] ProjectBuilder:4304 - Project Generator version: 3.19.2
2023-09-27 23:45:35,770 [INFO] ConfigFileManager:1483 - The Die is : DIE415
2023-09-27 23:45:37,108 [INFO] ProjectBuilder:4505 - Time for Generating toolchain IDE Files: 1565mS.
2023-09-27 23:45:37,108 [INFO] ProjectBuilder:2867 - Time for Copy CMSIS : 0mS.
2023-09-27 23:45:37,109 [INFO] ProjectBuilder:2867 - Time for Copy CMSIS : 0mS.
2023-09-27 23:46:30,430 [INFO] Gpio:273 - dependency for GPIO [RCC, SYS, USART2]
