2023-09-28 19:05:01,728 [INFO] MainUpdater:2854 - connection check result : 10
2023-09-28 19:05:01,728 [INFO] MainUpdater:2854 - connection check result : 10
2023-09-28 19:05:01,975 [INFO] MicroXplorer:468 - Change Database Path : 
2023-09-28 19:05:01,976 [INFO] MicroXplorer:498 - Change Database Version : DB.6.0.80
2023-09-28 19:05:01,999 [WARN] ThirdParty:871 - waiting for thirdparty lock release [close project]
2023-09-28 19:05:01,999 [INFO] ThirdParty:873 - entering critical section [close project]
2023-09-28 19:05:01,999 [INFO] ThirdParty:883 - exiting critical section [close project]
2023-09-28 19:05:02,001 [INFO] PinOutPanel:1499 - setPackage(No Configuration,No Configuration)
2023-09-28 19:05:02,005 [INFO] UtilMem:75 - Begin LoadConfig() Used Memory: 603028832 Bytes (979369984)
2023-09-28 19:05:02,005 [INFO] MicroXplorer:468 - Change Database Path : 
2023-09-28 19:05:02,005 [INFO] MicroXplorer:498 - Change Database Version : DB.6.0.80
2023-09-28 19:05:02,005 [INFO] OpenFileManager:308 - Change cursor
2023-09-28 19:05:02,014 [INFO] RulesReader:64 - Compatibility file has been processed (293 Rules)
2023-09-28 19:05:02,015 [INFO] Mcu:1937 - Initializing MCU STM32L476R(C-E-G)Tx STM32L476RGTx STM32L476RGT3
2023-09-28 19:05:03,044 [INFO] Context:659 - Trying to add GPIOservice into a context  which must be forbidden
2023-09-28 19:05:03,444 [INFO] RtosManager:555 - Registered RTOS mode: class=CMSIS, group=RTOS, mode=CMSIS_V1, owner=FREERTOS
2023-09-28 19:05:03,444 [INFO] RtosManager:555 - Registered RTOS mode: class=CMSIS, group=RTOS2, mode=CMSIS_V2, owner=FREERTOS
2023-09-28 19:05:03,444 [INFO] RtosManager:555 - Registered RTOS mode: class=RTOS, group=Core, mode=CMSIS_V1, owner=FREERTOS
2023-09-28 19:05:03,444 [INFO] RtosManager:555 - Registered RTOS mode: class=RTOS, group=Core, mode=CMSIS_V2, owner=FREERTOS
2023-09-28 19:05:03,444 [WARN] ModelIntegratedComponent:184 - Missing modes for component STMicroelectronics:FreeRTOS:0.0.1:STMicroelectronics:RTOS:FreeRTOS:Core:::10.2.0:
2023-09-28 19:05:03,451 [WARN] ModelIntegratedComponent:63 - No mode defined for component null
2023-09-28 19:05:03,451 [WARN] ModelIntegratedComponent:63 - No mode defined for component null
2023-09-28 19:05:03,451 [WARN] ModelIntegratedComponent:63 - No mode defined for component null
2023-09-28 19:05:03,451 [WARN] ModelIntegratedComponent:63 - No mode defined for component null
2023-09-28 19:05:03,451 [WARN] ModelIntegratedComponent:63 - No mode defined for component null
2023-09-28 19:05:03,451 [WARN] ModelIntegratedComponent:63 - No mode defined for component null
2023-09-28 19:05:03,451 [WARN] ModelIntegratedComponent:63 - No mode defined for component null
2023-09-28 19:05:03,451 [WARN] ModelIntegratedComponent:63 - No mode defined for component null
2023-09-28 19:05:03,451 [WARN] ModelIntegratedComponent:63 - No mode defined for component null
2023-09-28 19:05:03,451 [WARN] ModelIntegratedComponent:63 - No mode defined for component null
2023-09-28 19:05:03,451 [WARN] ModelIntegratedComponent:63 - No mode defined for component null
2023-09-28 19:05:03,451 [WARN] ModelIntegratedComponent:63 - No mode defined for component null
2023-09-28 19:05:03,451 [WARN] ModelIntegratedComponent:63 - No mode defined for component null
2023-09-28 19:05:03,451 [WARN] ModelIntegratedComponent:63 - No mode defined for component null
2023-09-28 19:05:03,451 [WARN] ModelIntegratedComponent:63 - No mode defined for component null
2023-09-28 19:05:03,451 [WARN] ModelIntegratedComponent:63 - No mode defined for component null
2023-09-28 19:05:03,451 [WARN] ModelIntegratedComponent:63 - No mode defined for component null
2023-09-28 19:05:03,451 [WARN] ModelIntegratedComponent:63 - No mode defined for component null
2023-09-28 19:05:03,451 [WARN] ModelIntegratedComponent:63 - No mode defined for component null
2023-09-28 19:05:03,451 [WARN] ModelIntegratedComponent:63 - No mode defined for component null
2023-09-28 19:05:03,451 [WARN] ModelIntegratedComponent:63 - No mode defined for component null
2023-09-28 19:05:03,451 [WARN] ModelIntegratedComponent:63 - No mode defined for component null
2023-09-28 19:05:03,451 [WARN] ModelIntegratedComponent:63 - No mode defined for component null
2023-09-28 19:05:03,451 [WARN] ModelIntegratedComponent:63 - No mode defined for component null
2023-09-28 19:05:03,451 [WARN] ModelIntegratedComponent:63 - No mode defined for component null
2023-09-28 19:05:03,451 [WARN] ModelIntegratedComponent:63 - No mode defined for component null
2023-09-28 19:05:03,451 [WARN] ModelIntegratedComponent:63 - No mode defined for component null
2023-09-28 19:05:03,451 [WARN] ModelIntegratedComponent:63 - No mode defined for component null
2023-09-28 19:05:03,451 [WARN] ModelIntegratedComponent:63 - No mode defined for component null
2023-09-28 19:05:03,452 [WARN] ModelIntegratedComponent:63 - No mode defined for component null
2023-09-28 19:05:03,452 [WARN] ModelIntegratedComponent:63 - No mode defined for component null
2023-09-28 19:05:03,452 [WARN] ModelIntegratedComponent:63 - No mode defined for component null
2023-09-28 19:05:03,452 [WARN] ModelIntegratedComponent:63 - No mode defined for component null
2023-09-28 19:05:03,459 [INFO] ThirdPartyModel:298 - Start build external matchings
2023-09-28 19:05:03,751 [INFO] ThirdPartyModel:316 - End build external matchings
2023-09-28 19:05:03,755 [INFO] ImportTextPane:194 - (OptionalMessage_ERROR) IP (RCC) : Invalid parameter (FamilyName)
2023-09-28 19:05:03,756 [INFO] ImportTextPane:194 - (OptionalMessage_ERROR) IP (RCC) : Parameter (USBFreq_Value) has invalid value (16000000)
2023-09-28 19:05:03,927 [INFO] UtilMem:75 - End LoadConfig() Used Memory: 680778288 Bytes (979369984)
2023-09-28 19:05:03,937 [WARN] ThirdParty:833 - waiting for thirdparty lock release [change project]
2023-09-28 19:05:03,937 [INFO] ThirdParty:835 - entering critical section [change project]
2023-09-28 19:05:03,937 [INFO] ThirdParty:1030 - CMSIS Pack Vendor :STMicroelectronics X-CUBE-ISPU 1.1.0
2023-09-28 19:05:03,937 [INFO] ThirdParty:1030 - CMSIS Pack Vendor :STMicroelectronics X-CUBE-GNSS1 6.0.0
2023-09-28 19:05:03,937 [INFO] ThirdParty:1030 - CMSIS Pack Vendor :STMicroelectronics USB_HOST 2.0.0
2023-09-28 19:05:03,937 [INFO] ThirdParty:1030 - CMSIS Pack Vendor :STMicroelectronics X-CUBE-AZRTOS-F4 1.1.0
2023-09-28 19:05:03,937 [INFO] ThirdParty:1030 - CMSIS Pack Vendor :STMicroelectronics LIBJPEG 8.0.0
2023-09-28 19:05:03,937 [INFO] ThirdParty:1030 - CMSIS Pack Vendor :wolfSSL I-CUBE-wolfSSL 5.6.3
2023-09-28 19:05:03,937 [INFO] ThirdParty:1030 - CMSIS Pack Vendor :STMicroelectronics X-CUBE-SMBUS 2.1.0
2023-09-28 19:05:03,937 [INFO] ThirdParty:1030 - CMSIS Pack Vendor :STMicroelectronics USB_DEVICE 3.0.0
2023-09-28 19:05:03,937 [INFO] ThirdParty:1030 - CMSIS Pack Vendor :STMicroelectronics X-CUBE-AZRTOS-WB 2.0.0
2023-09-28 19:05:03,937 [INFO] ThirdParty:1030 - CMSIS Pack Vendor :STMicroelectronics X-CUBE-AZRTOS-F7 1.1.0
2023-09-28 19:05:03,937 [INFO] ThirdParty:1030 - CMSIS Pack Vendor :STMicroelectronics X-CUBE-AZRTOS-L5 2.0.0
2023-09-28 19:05:03,937 [INFO] ThirdParty:1030 - CMSIS Pack Vendor :STMicroelectronics USB_DEVICE 2.0.0
2023-09-28 19:05:03,938 [INFO] ThirdParty:1030 - CMSIS Pack Vendor :STMicroelectronics X-CUBE-MEMS1 9.6.0
2023-09-28 19:05:03,938 [INFO] ThirdParty:1030 - CMSIS Pack Vendor :STMicroelectronics FP-SNS-MOTENV1 4.3.2
2023-09-28 19:05:03,938 [INFO] ThirdParty:1030 - CMSIS Pack Vendor :STMicroelectronics X-CUBE-ALGOBUILD 1.3.0
2023-09-28 19:05:03,938 [INFO] ThirdParty:1030 - CMSIS Pack Vendor :STMicroelectronics FreeRTOS 0.0.1
2023-09-28 19:05:03,938 [INFO] ThirdParty:1030 - CMSIS Pack Vendor :STMicroelectronics X-CUBE-AZRTOS-G0 1.1.0
2023-09-28 19:05:03,938 [INFO] ThirdParty:1030 - CMSIS Pack Vendor :STMicroelectronics X-CUBE-BLEMGR 2.0.0
2023-09-28 19:05:03,938 [INFO] ThirdParty:1030 - CMSIS Pack Vendor :STMicroelectronics X-CUBE-NFC4 3.0.0
2023-09-28 19:05:03,938 [INFO] ThirdParty:1030 - CMSIS Pack Vendor :STMicroelectronics X-CUBE-SUBG2 5.0.0
2023-09-28 19:05:03,938 [INFO] ThirdParty:1030 - CMSIS Pack Vendor :STMicroelectronics STM32_WPAN 1.0.0
2023-09-28 19:05:03,938 [INFO] ThirdParty:1030 - CMSIS Pack Vendor :STMicroelectronics lwIP 2.0.3
2023-09-28 19:05:03,938 [INFO] ThirdParty:1030 - CMSIS Pack Vendor :STMicroelectronics FP-SNS-FLIGHT1 5.0.2
2023-09-28 19:05:03,938 [INFO] ThirdParty:1030 - CMSIS Pack Vendor :STMicroelectronics USB_HOST 1.0.0
2023-09-28 19:05:03,938 [INFO] ThirdParty:1030 - CMSIS Pack Vendor :STMicroelectronics X-CUBE-TOF1 3.3.1
2023-09-28 19:05:03,938 [INFO] ThirdParty:1030 - CMSIS Pack Vendor :STMicroelectronics X-CUBE-AZRTOS-G4 2.0.0
2023-09-28 19:05:03,938 [INFO] ThirdParty:1030 - CMSIS Pack Vendor :STMicroelectronics PDM2PCM 3.1.0
2023-09-28 19:05:03,938 [INFO] ThirdParty:1030 - CMSIS Pack Vendor :STMicroelectronics X-CUBE-AZRTOS-H7 3.1.0
2023-09-28 19:05:03,938 [INFO] ThirdParty:1030 - CMSIS Pack Vendor :STMicroelectronics PDM2PCM 3.3.0
2023-09-28 19:05:03,938 [INFO] ThirdParty:1030 - CMSIS Pack Vendor :STMicroelectronics X-CUBE-DISPLAY 3.0.0
2023-09-28 19:05:03,938 [INFO] ThirdParty:1030 - CMSIS Pack Vendor :STMicroelectronics X-CUBE-BLE1 7.0.0
2023-09-28 19:05:03,938 [INFO] ThirdParty:1030 - CMSIS Pack Vendor :STMicroelectronics FP-ATR-SIGFOX1 3.2.0
2023-09-28 19:05:03,938 [INFO] ThirdParty:1030 - CMSIS Pack Vendor :STMicroelectronics HAL Drivers 0.0.0
2023-09-28 19:05:03,938 [INFO] ThirdParty:1030 - CMSIS Pack Vendor :STMicroelectronics MBEDTLS 2.16.2
2023-09-28 19:05:03,938 [INFO] ThirdParty:1030 - CMSIS Pack Vendor :emotas I-CUBE-CANOPEN 1.3.0
2023-09-28 19:05:03,938 [INFO] ThirdParty:1030 - CMSIS Pack Vendor :STMicroelectronics X-CUBE-FREERTOS 1.1.0
2023-09-28 19:05:03,938 [INFO] ThirdParty:1030 - CMSIS Pack Vendor :STMicroelectronics X-CUBE-TOUCHGFX 4.22.0
2023-09-28 19:05:03,938 [INFO] ThirdParty:1030 - CMSIS Pack Vendor :STMicroelectronics X-CUBE-NFC7 1.0.1
2023-09-28 19:05:03,938 [INFO] ThirdParty:1030 - CMSIS Pack Vendor :STMicroelectronics MBEDTLS 2.14.1
2023-09-28 19:05:03,938 [INFO] ThirdParty:1030 - CMSIS Pack Vendor :STMicroelectronics X-CUBE-NFC6 3.0.0
2023-09-28 19:05:03,938 [INFO] ThirdParty:1030 - CMSIS Pack Vendor :STMicroelectronics X-CUBE-EEPRMA1 4.1.0
2023-09-28 19:05:03,938 [INFO] ThirdParty:1030 - CMSIS Pack Vendor :portGmbH I-Cube-SoM-uGOAL 1.1.0
2023-09-28 19:05:03,938 [INFO] ThirdParty:1030 - CMSIS Pack Vendor :STMicroelectronics X-CUBE-ALS 1.0.1
2023-09-28 19:05:03,938 [INFO] ThirdParty:1030 - CMSIS Pack Vendor :STMicroelectronics ThreadX 1.0.0
2023-09-28 19:05:03,938 [INFO] ThirdParty:1030 - CMSIS Pack Vendor :STMicroelectronics FP-SNS-SMARTAG2 1.2.0
2023-09-28 19:05:03,938 [INFO] ThirdParty:1030 - CMSIS Pack Vendor :STMicroelectronics X-CUBE-AZRTOS-WL 2.0.0
2023-09-28 19:05:03,938 [INFO] ThirdParty:1030 - CMSIS Pack Vendor :SEGGER I-CUBE-embOS 1.3.1
2023-09-28 19:05:03,938 [INFO] ThirdParty:1030 - CMSIS Pack Vendor :STMicroelectronics USB_DEVICE 1.0.0
2023-09-28 19:05:03,938 [INFO] ThirdParty:1030 - CMSIS Pack Vendor :STMicroelectronics X-CUBE-AI 8.1.0
2023-09-28 19:05:03,938 [INFO] ThirdParty:1030 - CMSIS Pack Vendor :STMicroelectronics X-CUBE-AZRTOS-L4 2.0.0
2023-09-28 19:05:03,939 [INFO] ThirdParty:1030 - CMSIS Pack Vendor :STMicroelectronics ThreadX 0.0.2
2023-09-28 19:05:03,939 [INFO] ThirdParty:1030 - CMSIS Pack Vendor :WES I-CUBE-Cesium 1.3.0
2023-09-28 19:05:03,939 [INFO] ThirdParty:1030 - CMSIS Pack Vendor :STMicroelectronics FP-ATR-ASTRA1 2.0.0
2023-09-28 19:05:03,939 [INFO] ThirdParty:1030 - CMSIS Pack Vendor :STMicroelectronics lwIP 2.1.2
2023-09-28 19:05:03,939 [INFO] ThirdParty:1030 - CMSIS Pack Vendor :STMicroelectronics X-CUBE-SFXS2LP1 4.0.0
2023-09-28 19:05:03,939 [INFO] ThirdParty:1030 - CMSIS Pack Vendor :STMicroelectronics X-CUBE-BLE2 3.3.0
2023-09-28 19:05:03,939 [INFO] ThirdParty:1030 - CMSIS Pack Vendor :STMicroelectronics PDM2PCM 3.2.0
2023-09-28 19:05:03,939 [INFO] ThirdParty:841 - exiting critical section [change project]
2023-09-28 19:05:04,209 [INFO] PinOutPanel:1499 - setPackage(No Configuration,No Configuration)
2023-09-28 19:05:04,210 [INFO] PinOutPanel:1499 - setPackage(STM32L476RGTx,LQFP64)
2023-09-28 19:05:04,522 [INFO] UtilMem:75 - Before build in PCC Used Memory: 428029992 Bytes (979369984)
2023-09-28 19:05:04,693 [INFO] UtilMem:75 - After build in PCC Used Memory: 507661272 Bytes (979369984)
2023-09-28 19:05:04,711 [INFO] IPUIPlugin:80 - create IPUIPlugin
2023-09-28 19:05:04,711 [INFO] IPUIPlugin:80 - create IPUIPlugin
2023-09-28 19:05:04,711 [INFO] IPUIPlugin:80 - create IPUIPlugin
2023-09-28 19:05:04,712 [INFO] IPUIPlugin:80 - create IPUIPlugin
2023-09-28 19:05:04,712 [INFO] IPUIPlugin:80 - create IPUIPlugin
2023-09-28 19:05:04,712 [INFO] IPUIPlugin:80 - create IPUIPlugin
2023-09-28 19:05:04,712 [INFO] IPUIPlugin:80 - create IPUIPlugin
2023-09-28 19:05:04,712 [INFO] IPUIPlugin:80 - create IPUIPlugin
2023-09-28 19:05:04,712 [INFO] IPUIPlugin:80 - create IPUIPlugin
2023-09-28 19:05:04,712 [INFO] IPUIPlugin:80 - create IPUIPlugin
2023-09-28 19:05:04,712 [INFO] IPUIPlugin:80 - create IPUIPlugin
2023-09-28 19:05:04,712 [INFO] IPUIPlugin:80 - create IPUIPlugin
2023-09-28 19:05:04,712 [INFO] IPUIPlugin:80 - create IPUIPlugin
2023-09-28 19:05:04,712 [INFO] IPUIPlugin:80 - create IPUIPlugin
2023-09-28 19:05:04,712 [INFO] IPUIPlugin:80 - create IPUIPlugin
2023-09-28 19:05:04,713 [INFO] IPUIPlugin:80 - create IPUIPlugin
2023-09-28 19:05:04,713 [INFO] IPUIPlugin:80 - create IPUIPlugin
2023-09-28 19:05:04,713 [INFO] IPUIPlugin:80 - create IPUIPlugin
2023-09-28 19:05:04,713 [INFO] IPUIPlugin:80 - create IPUIPlugin
2023-09-28 19:05:04,713 [INFO] IPUIPlugin:80 - create IPUIPlugin
2023-09-28 19:05:04,713 [INFO] IPUIPlugin:80 - create IPUIPlugin
2023-09-28 19:05:04,713 [INFO] IPUIPlugin:80 - create IPUIPlugin
2023-09-28 19:05:04,713 [INFO] IPUIPlugin:80 - create IPUIPlugin
2023-09-28 19:05:04,714 [INFO] IPUIPlugin:80 - create IPUIPlugin
2023-09-28 19:05:04,714 [INFO] IPUIPlugin:80 - create IPUIPlugin
2023-09-28 19:05:04,714 [INFO] IPUIPlugin:80 - create IPUIPlugin
2023-09-28 19:05:04,714 [INFO] IPUIPlugin:80 - create IPUIPlugin
2023-09-28 19:05:04,714 [INFO] IPUIPlugin:80 - create IPUIPlugin
2023-09-28 19:05:04,715 [INFO] IPUIPlugin:80 - create IPUIPlugin
2023-09-28 19:05:04,715 [INFO] IPUIPlugin:80 - create IPUIPlugin
2023-09-28 19:05:04,715 [INFO] IPUIPlugin:80 - create IPUIPlugin
2023-09-28 19:05:04,715 [INFO] IPUIPlugin:80 - create IPUIPlugin
2023-09-28 19:05:04,715 [INFO] IPUIPlugin:80 - create IPUIPlugin
2023-09-28 19:05:04,715 [INFO] IPUIPlugin:80 - create IPUIPlugin
2023-09-28 19:05:04,715 [INFO] IPUIPlugin:80 - create IPUIPlugin
2023-09-28 19:05:04,716 [INFO] IPUIPlugin:80 - create IPUIPlugin
2023-09-28 19:05:04,716 [INFO] IPUIPlugin:80 - create IPUIPlugin
2023-09-28 19:05:04,716 [INFO] IPUIPlugin:80 - create IPUIPlugin
2023-09-28 19:05:04,716 [INFO] IPUIPlugin:80 - create IPUIPlugin
2023-09-28 19:05:04,716 [INFO] IPUIPlugin:80 - create IPUIPlugin
2023-09-28 19:05:04,716 [INFO] IPUIPlugin:80 - create IPUIPlugin
2023-09-28 19:05:04,716 [INFO] IPUIPlugin:80 - create IPUIPlugin
2023-09-28 19:05:04,716 [INFO] IPUIPlugin:80 - create IPUIPlugin
2023-09-28 19:05:04,716 [INFO] IPUIPlugin:80 - create IPUIPlugin
2023-09-28 19:05:04,716 [INFO] IPUIPlugin:80 - create IPUIPlugin
2023-09-28 19:05:04,716 [INFO] IPUIPlugin:80 - create IPUIPlugin
2023-09-28 19:05:04,716 [INFO] IPUIPlugin:80 - create IPUIPlugin
2023-09-28 19:05:04,716 [INFO] IPUIPlugin:80 - create IPUIPlugin
2023-09-28 19:05:04,717 [INFO] IPUIPlugin:80 - create IPUIPlugin
2023-09-28 19:05:04,717 [INFO] IPUIPlugin:80 - create IPUIPlugin
2023-09-28 19:05:04,717 [INFO] IPUIPlugin:80 - create IPUIPlugin
2023-09-28 19:05:04,717 [INFO] IPUIPlugin:80 - create IPUIPlugin
2023-09-28 19:05:04,717 [INFO] IPUIPlugin:80 - create IPUIPlugin
2023-09-28 19:05:04,717 [INFO] IPUIPlugin:80 - create IPUIPlugin
2023-09-28 19:05:04,717 [INFO] IPUIPlugin:80 - create IPUIPlugin
2023-09-28 19:05:04,718 [INFO] IPUIPlugin:80 - create IPUIPlugin
2023-09-28 19:05:04,718 [INFO] IPUIPlugin:80 - create IPUIPlugin
2023-09-28 19:05:04,719 [INFO] IPUIPlugin:80 - create IPUIPlugin
2023-09-28 19:05:04,719 [INFO] IPUIPlugin:80 - create IPUIPlugin
2023-09-28 19:05:04,758 [INFO] CADModel:165 - CPN selected for project levelSTM32L476RGT3
2023-09-28 19:05:04,758 [INFO] CADModel:114 - Register for checkConnection events
2023-09-28 19:05:04,795 [INFO] OpenFileManager:328 - Restore cursor
2023-09-28 19:06:09,477 [INFO] CADModel:198 - CPN selected (Project mode): STM32L476RGT3
2023-09-28 19:06:09,480 [INFO] CADModel:200 - Internet connection configuration mode: 1
2023-09-28 19:06:09,481 [INFO] CADModel:203 - rpn retrievedSTM32L476RG
2023-09-28 19:06:09,581 [INFO] JxBrowserEngine:115 - Initiate JxBrowser Engine with user profile folder
2023-09-28 19:06:13,254 [INFO] WebAppUi:272 - Instantiating new browser for Project
2023-09-28 19:06:13,878 [INFO] WebAppUi:1170 - Register for checkConnection events
2023-09-28 19:06:13,878 [INFO] WebAppUi:1205 - Apply proxy settings
2023-09-28 19:06:13,878 [INFO] WebAppUi:1243 - Chromium requires no authentication
2023-09-28 19:06:13,885 [INFO] WebAppUi:1229 - Direct internet connection detected
2023-09-28 19:06:13,996 [INFO] WebAppUi:297 - Starting web application
2023-09-28 19:06:13,996 [INFO] WebAppUi:1101 - Web application path used /app/stm32cubeide/plugins/com.st.stm32cube.common.mx_6.8.0.202302231600/db/plugins/mcufinder/reactClient/index.html
2023-09-28 19:06:14,032 [INFO] WebAppUi:870 - Path where api_config.json is located /home/kosma/.stmcufinder/plugins/mcufinder//mcu/api_config.json
2023-09-28 19:06:14,033 [INFO] WebAppUi:871 - Setting api config in window object
2023-09-28 19:06:14,086 [WARN] WebAppUi:908 - Cannot access cad_preferences.json
2023-09-28 19:06:14,086 [WARN] WebAppUi:911 - Fallback to default consent
2023-09-28 19:06:14,087 [INFO] WebAppUi:879 - Path where cad_preferences.json is located /home/kosma/.stm32cubeide/
2023-09-28 19:06:14,087 [INFO] WebAppUi:880 - Setting consent info in window object
2023-09-28 19:06:14,535 [INFO] WebAppUi:775 - Allow Downloads
2023-09-28 19:06:14,536 [INFO] WebAppUi:272 - Instantiating new browser for Finder
2023-09-28 19:06:14,674 [INFO] WebAppUi:1035 - Web application message: [UlApiManager component] Connecting to SSO
2023-09-28 19:06:14,688 [INFO] WebAppUi:1170 - Register for checkConnection events
2023-09-28 19:06:14,688 [INFO] WebAppUi:1205 - Apply proxy settings
2023-09-28 19:06:14,688 [INFO] WebAppUi:1243 - Chromium requires no authentication
2023-09-28 19:06:14,690 [INFO] WebAppUi:1229 - Direct internet connection detected
2023-09-28 19:06:14,695 [INFO] WebAppUi:297 - Starting web application
2023-09-28 19:06:14,695 [INFO] WebAppUi:1101 - Web application path used /app/stm32cubeide/plugins/com.st.stm32cube.common.mx_6.8.0.202302231600/db/plugins/mcufinder/reactClient/index.html
2023-09-28 19:06:14,706 [INFO] WebAppUi:870 - Path where api_config.json is located /home/kosma/.stmcufinder/plugins/mcufinder//mcu/api_config.json
2023-09-28 19:06:14,706 [INFO] WebAppUi:871 - Setting api config in window object
2023-09-28 19:06:14,720 [INFO] WebAppUi:879 - Path where cad_preferences.json is located /home/kosma/.stm32cubeide/
2023-09-28 19:06:14,720 [INFO] WebAppUi:880 - Setting consent info in window object
2023-09-28 19:06:15,110 [INFO] WebAppUi:775 - Allow Downloads
2023-09-28 19:06:15,111 [INFO] WebAppUi:596 - RPN selected STM32L476RG
2023-09-28 19:06:15,111 [INFO] WebAppUi:597 - RefName selected STM32L476RGTx
2023-09-28 19:06:15,111 [INFO] WebAppUi:598 - CPN selected STM32L476RGT3
2023-09-28 19:06:15,118 [INFO] WebAppUi:761 - Which Bigleton in use 2 and which CPN is about STM32L476RGT3
2023-09-28 19:06:15,119 [INFO] WebAppUi:635 - Have injected Javascript into web application
2023-09-28 19:06:15,119 [INFO] WebAppUiContainer:153 - Web application run mode: Project CPN: STM32L476RGT3
2023-09-28 19:06:15,147 [INFO] CADModel:198 - CPN selected (Project mode): STM32L476RGT3
2023-09-28 19:06:15,147 [INFO] CADModel:200 - Internet connection configuration mode: 1
2023-09-28 19:06:15,148 [INFO] CADModel:203 - rpn retrievedSTM32L476RG
2023-09-28 19:06:15,148 [INFO] WebAppUi:596 - RPN selected STM32L476RG
2023-09-28 19:06:15,148 [INFO] WebAppUi:597 - RefName selected STM32L476RGTx
2023-09-28 19:06:15,148 [INFO] WebAppUi:598 - CPN selected STM32L476RGT3
2023-09-28 19:06:15,149 [INFO] WebAppUi:761 - Which Bigleton in use 2 and which CPN is about STM32L476RGT3
2023-09-28 19:06:15,150 [INFO] WebAppUi:635 - Have injected Javascript into web application
2023-09-28 19:06:15,151 [INFO] WebAppUiContainer:153 - Web application run mode: Project CPN: STM32L476RGT3
2023-09-28 19:06:15,310 [INFO] WebAppUi:1035 - Web application message: [UlApiManager component] Connecting to SSO
2023-09-28 19:06:15,469 [INFO] WebAppUi:1035 - Web application message: [UlApiManager component] Connected to Ultra Librarian SSO
2023-09-28 19:06:15,477 [INFO] WebAppUi:1035 - Web application message: [UlApiManager component] Connected to Ultra Librarian API
2023-09-28 19:06:15,935 [INFO] WebAppUi:1035 - Web application message: [UlApiManager component] Connected to Ultra Librarian SSO
2023-09-28 19:06:15,944 [INFO] WebAppUi:1035 - Web application message: [UlApiManager component] Connected to Ultra Librarian API
2023-09-28 19:06:17,680 [INFO] WebAppUi:1035 - Web application message: Project naming
2023-09-28 19:06:17,823 [INFO] WebAppUi:1035 - Web application message: CAD resources feature launch attempt
2023-09-28 19:06:17,825 [INFO] WebAppUi:1035 - Web application message: CAD resources feature launch attempt
2023-09-28 19:06:18,154 [INFO] WebAppUi:870 - Path where api_config.json is located /home/kosma/.stmcufinder/plugins/mcufinder//mcu/api_config.json
2023-09-28 19:06:18,157 [INFO] WebAppUi:871 - Setting api config in window object
2023-09-28 19:06:18,181 [INFO] WebAppUi:879 - Path where cad_preferences.json is located /home/kosma/.stm32cubeide/
2023-09-28 19:06:18,181 [INFO] WebAppUi:880 - Setting consent info in window object
2023-09-28 19:06:19,350 [INFO] WebAppUi:1035 - Web application message: THREE.WebGLRenderer 101
2023-09-28 19:07:06,257 [INFO] WebAppUi:241 - Path where cad_preferences.json is located /home/kosma/.stm32cubeide/
2023-09-28 19:07:06,258 [INFO] WebAppUi:242 - Updating consent from JSON file
2023-09-28 19:07:06,304 [INFO] WebAppUi:241 - Path where cad_preferences.json is located /home/kosma/.stm32cubeide/
2023-09-28 19:07:06,305 [INFO] WebAppUi:242 - Updating consent from JSON file
2023-09-28 19:15:32,178 [INFO] MainUpdater:2854 - connection check result : 10
2023-09-28 19:15:32,178 [INFO] MainUpdater:2854 - connection check result : 10
2023-09-28 19:15:32,429 [INFO] MicroXplorer:468 - Change Database Path : 
2023-09-28 19:15:32,430 [INFO] MicroXplorer:498 - Change Database Version : DB.6.0.80
2023-09-28 19:15:32,467 [WARN] ThirdParty:871 - waiting for thirdparty lock release [close project]
2023-09-28 19:15:32,467 [INFO] ThirdParty:873 - entering critical section [close project]
2023-09-28 19:15:32,467 [INFO] ThirdParty:883 - exiting critical section [close project]
2023-09-28 19:15:32,469 [INFO] PinOutPanel:1499 - setPackage(No Configuration,No Configuration)
2023-09-28 19:15:32,473 [INFO] UtilMem:75 - Begin LoadConfig() Used Memory: 682742584 Bytes (979369984)
2023-09-28 19:15:32,473 [INFO] MicroXplorer:468 - Change Database Path : 
2023-09-28 19:15:32,473 [INFO] MicroXplorer:498 - Change Database Version : DB.6.0.80
2023-09-28 19:15:32,473 [INFO] OpenFileManager:308 - Change cursor
2023-09-28 19:15:32,480 [INFO] Mcu:1937 - Initializing MCU STM32L476R(C-E-G)Tx STM32L476RGTx STM32L476RGT3
2023-09-28 19:15:33,695 [INFO] Context:659 - Trying to add GPIOservice into a context  which must be forbidden
2023-09-28 19:15:34,222 [INFO] RtosManager:555 - Registered RTOS mode: class=CMSIS, group=RTOS, mode=CMSIS_V1, owner=FREERTOS
2023-09-28 19:15:34,222 [INFO] RtosManager:555 - Registered RTOS mode: class=CMSIS, group=RTOS2, mode=CMSIS_V2, owner=FREERTOS
2023-09-28 19:15:34,222 [INFO] RtosManager:555 - Registered RTOS mode: class=RTOS, group=Core, mode=CMSIS_V1, owner=FREERTOS
2023-09-28 19:15:34,222 [INFO] RtosManager:555 - Registered RTOS mode: class=RTOS, group=Core, mode=CMSIS_V2, owner=FREERTOS
2023-09-28 19:15:34,223 [WARN] ModelIntegratedComponent:184 - Missing modes for component STMicroelectronics:FreeRTOS:0.0.1:STMicroelectronics:RTOS:FreeRTOS:Core:::10.2.0:
2023-09-28 19:15:34,233 [WARN] ModelIntegratedComponent:63 - No mode defined for component null
2023-09-28 19:15:34,234 [WARN] ModelIntegratedComponent:63 - No mode defined for component null
2023-09-28 19:15:34,234 [WARN] ModelIntegratedComponent:63 - No mode defined for component null
2023-09-28 19:15:34,234 [WARN] ModelIntegratedComponent:63 - No mode defined for component null
2023-09-28 19:15:34,234 [WARN] ModelIntegratedComponent:63 - No mode defined for component null
2023-09-28 19:15:34,234 [WARN] ModelIntegratedComponent:63 - No mode defined for component null
2023-09-28 19:15:34,234 [WARN] ModelIntegratedComponent:63 - No mode defined for component null
2023-09-28 19:15:34,234 [WARN] ModelIntegratedComponent:63 - No mode defined for component null
2023-09-28 19:15:34,234 [WARN] ModelIntegratedComponent:63 - No mode defined for component null
2023-09-28 19:15:34,234 [WARN] ModelIntegratedComponent:63 - No mode defined for component null
2023-09-28 19:15:34,234 [WARN] ModelIntegratedComponent:63 - No mode defined for component null
2023-09-28 19:15:34,234 [WARN] ModelIntegratedComponent:63 - No mode defined for component null
2023-09-28 19:15:34,234 [WARN] ModelIntegratedComponent:63 - No mode defined for component null
2023-09-28 19:15:34,234 [WARN] ModelIntegratedComponent:63 - No mode defined for component null
2023-09-28 19:15:34,234 [WARN] ModelIntegratedComponent:63 - No mode defined for component null
2023-09-28 19:15:34,234 [WARN] ModelIntegratedComponent:63 - No mode defined for component null
2023-09-28 19:15:34,234 [WARN] ModelIntegratedComponent:63 - No mode defined for component null
2023-09-28 19:15:34,234 [WARN] ModelIntegratedComponent:63 - No mode defined for component null
2023-09-28 19:15:34,234 [WARN] ModelIntegratedComponent:63 - No mode defined for component null
2023-09-28 19:15:34,234 [WARN] ModelIntegratedComponent:63 - No mode defined for component null
2023-09-28 19:15:34,234 [WARN] ModelIntegratedComponent:63 - No mode defined for component null
2023-09-28 19:15:34,234 [WARN] ModelIntegratedComponent:63 - No mode defined for component null
2023-09-28 19:15:34,234 [WARN] ModelIntegratedComponent:63 - No mode defined for component null
2023-09-28 19:15:34,234 [WARN] ModelIntegratedComponent:63 - No mode defined for component null
2023-09-28 19:15:34,234 [WARN] ModelIntegratedComponent:63 - No mode defined for component null
2023-09-28 19:15:34,234 [WARN] ModelIntegratedComponent:63 - No mode defined for component null
2023-09-28 19:15:34,234 [WARN] ModelIntegratedComponent:63 - No mode defined for component null
2023-09-28 19:15:34,234 [WARN] ModelIntegratedComponent:63 - No mode defined for component null
2023-09-28 19:15:34,234 [WARN] ModelIntegratedComponent:63 - No mode defined for component null
2023-09-28 19:15:34,234 [WARN] ModelIntegratedComponent:63 - No mode defined for component null
2023-09-28 19:15:34,235 [WARN] ModelIntegratedComponent:63 - No mode defined for component null
2023-09-28 19:15:34,235 [WARN] ModelIntegratedComponent:63 - No mode defined for component null
2023-09-28 19:15:34,235 [WARN] ModelIntegratedComponent:63 - No mode defined for component null
2023-09-28 19:15:34,249 [INFO] ThirdPartyModel:298 - Start build external matchings
2023-09-28 19:15:34,613 [INFO] ThirdPartyModel:316 - End build external matchings
2023-09-28 19:15:34,618 [INFO] ImportTextPane:194 - (OptionalMessage_ERROR) IP (RCC) : Invalid parameter (FamilyName)
2023-09-28 19:15:34,619 [INFO] ImportTextPane:194 - (OptionalMessage_ERROR) IP (RCC) : Parameter (RNGFreq_Value) has invalid value (64000000)
2023-09-28 19:15:34,619 [INFO] ImportTextPane:194 - (OptionalMessage_ERROR) IP (RCC) : Parameter (SDMMCFreq_Value) has invalid value (64000000)
2023-09-28 19:15:34,619 [INFO] ImportTextPane:194 - (OptionalMessage_ERROR) IP (RCC) : Parameter (USBFreq_Value) has invalid value (64000000)
2023-09-28 19:15:34,791 [INFO] UtilMem:75 - End LoadConfig() Used Memory: 784385152 Bytes (979369984)
2023-09-28 19:15:34,799 [WARN] ThirdParty:833 - waiting for thirdparty lock release [change project]
2023-09-28 19:15:34,799 [INFO] ThirdParty:835 - entering critical section [change project]
2023-09-28 19:15:34,799 [INFO] ThirdParty:1030 - CMSIS Pack Vendor :STMicroelectronics X-CUBE-ISPU 1.1.0
2023-09-28 19:15:34,799 [INFO] ThirdParty:1030 - CMSIS Pack Vendor :STMicroelectronics X-CUBE-GNSS1 6.0.0
2023-09-28 19:15:34,799 [INFO] ThirdParty:1030 - CMSIS Pack Vendor :STMicroelectronics USB_HOST 2.0.0
2023-09-28 19:15:34,799 [INFO] ThirdParty:1030 - CMSIS Pack Vendor :STMicroelectronics X-CUBE-AZRTOS-F4 1.1.0
2023-09-28 19:15:34,799 [INFO] ThirdParty:1030 - CMSIS Pack Vendor :STMicroelectronics LIBJPEG 8.0.0
2023-09-28 19:15:34,799 [INFO] ThirdParty:1030 - CMSIS Pack Vendor :wolfSSL I-CUBE-wolfSSL 5.6.3
2023-09-28 19:15:34,799 [INFO] ThirdParty:1030 - CMSIS Pack Vendor :STMicroelectronics X-CUBE-SMBUS 2.1.0
2023-09-28 19:15:34,799 [INFO] ThirdParty:1030 - CMSIS Pack Vendor :STMicroelectronics USB_DEVICE 3.0.0
2023-09-28 19:15:34,799 [INFO] ThirdParty:1030 - CMSIS Pack Vendor :STMicroelectronics X-CUBE-AZRTOS-WB 2.0.0
2023-09-28 19:15:34,799 [INFO] ThirdParty:1030 - CMSIS Pack Vendor :STMicroelectronics X-CUBE-AZRTOS-F7 1.1.0
2023-09-28 19:15:34,799 [INFO] ThirdParty:1030 - CMSIS Pack Vendor :STMicroelectronics X-CUBE-AZRTOS-L5 2.0.0
2023-09-28 19:15:34,799 [INFO] ThirdParty:1030 - CMSIS Pack Vendor :STMicroelectronics USB_DEVICE 2.0.0
2023-09-28 19:15:34,799 [INFO] ThirdParty:1030 - CMSIS Pack Vendor :STMicroelectronics X-CUBE-MEMS1 9.6.0
2023-09-28 19:15:34,799 [INFO] ThirdParty:1030 - CMSIS Pack Vendor :STMicroelectronics FP-SNS-MOTENV1 4.3.2
2023-09-28 19:15:34,799 [INFO] ThirdParty:1030 - CMSIS Pack Vendor :STMicroelectronics X-CUBE-ALGOBUILD 1.3.0
2023-09-28 19:15:34,799 [INFO] ThirdParty:1030 - CMSIS Pack Vendor :STMicroelectronics FreeRTOS 0.0.1
2023-09-28 19:15:34,799 [INFO] ThirdParty:1030 - CMSIS Pack Vendor :STMicroelectronics X-CUBE-AZRTOS-G0 1.1.0
2023-09-28 19:15:34,799 [INFO] ThirdParty:1030 - CMSIS Pack Vendor :STMicroelectronics X-CUBE-BLEMGR 2.0.0
2023-09-28 19:15:34,799 [INFO] ThirdParty:1030 - CMSIS Pack Vendor :STMicroelectronics X-CUBE-NFC4 3.0.0
2023-09-28 19:15:34,799 [INFO] ThirdParty:1030 - CMSIS Pack Vendor :STMicroelectronics X-CUBE-SUBG2 5.0.0
2023-09-28 19:15:34,799 [INFO] ThirdParty:1030 - CMSIS Pack Vendor :STMicroelectronics STM32_WPAN 1.0.0
2023-09-28 19:15:34,799 [INFO] ThirdParty:1030 - CMSIS Pack Vendor :STMicroelectronics lwIP 2.0.3
2023-09-28 19:15:34,799 [INFO] ThirdParty:1030 - CMSIS Pack Vendor :STMicroelectronics FP-SNS-FLIGHT1 5.0.2
2023-09-28 19:15:34,799 [INFO] ThirdParty:1030 - CMSIS Pack Vendor :STMicroelectronics USB_HOST 1.0.0
2023-09-28 19:15:34,799 [INFO] ThirdParty:1030 - CMSIS Pack Vendor :STMicroelectronics X-CUBE-TOF1 3.3.1
2023-09-28 19:15:34,799 [INFO] ThirdParty:1030 - CMSIS Pack Vendor :STMicroelectronics X-CUBE-AZRTOS-G4 2.0.0
2023-09-28 19:15:34,800 [INFO] ThirdParty:1030 - CMSIS Pack Vendor :STMicroelectronics PDM2PCM 3.1.0
2023-09-28 19:15:34,800 [INFO] ThirdParty:1030 - CMSIS Pack Vendor :STMicroelectronics X-CUBE-AZRTOS-H7 3.1.0
2023-09-28 19:15:34,800 [INFO] ThirdParty:1030 - CMSIS Pack Vendor :STMicroelectronics PDM2PCM 3.3.0
2023-09-28 19:15:34,800 [INFO] ThirdParty:1030 - CMSIS Pack Vendor :STMicroelectronics X-CUBE-DISPLAY 3.0.0
2023-09-28 19:15:34,800 [INFO] ThirdParty:1030 - CMSIS Pack Vendor :STMicroelectronics X-CUBE-BLE1 7.0.0
2023-09-28 19:15:34,800 [INFO] ThirdParty:1030 - CMSIS Pack Vendor :STMicroelectronics FP-ATR-SIGFOX1 3.2.0
2023-09-28 19:15:34,800 [INFO] ThirdParty:1030 - CMSIS Pack Vendor :STMicroelectronics HAL Drivers 0.0.0
2023-09-28 19:15:34,800 [INFO] ThirdParty:1030 - CMSIS Pack Vendor :STMicroelectronics MBEDTLS 2.16.2
2023-09-28 19:15:34,800 [INFO] ThirdParty:1030 - CMSIS Pack Vendor :emotas I-CUBE-CANOPEN 1.3.0
2023-09-28 19:15:34,800 [INFO] ThirdParty:1030 - CMSIS Pack Vendor :STMicroelectronics X-CUBE-FREERTOS 1.1.0
2023-09-28 19:15:34,800 [INFO] ThirdParty:1030 - CMSIS Pack Vendor :STMicroelectronics X-CUBE-TOUCHGFX 4.22.0
2023-09-28 19:15:34,800 [INFO] ThirdParty:1030 - CMSIS Pack Vendor :STMicroelectronics X-CUBE-NFC7 1.0.1
2023-09-28 19:15:34,800 [INFO] ThirdParty:1030 - CMSIS Pack Vendor :STMicroelectronics MBEDTLS 2.14.1
2023-09-28 19:15:34,800 [INFO] ThirdParty:1030 - CMSIS Pack Vendor :STMicroelectronics X-CUBE-NFC6 3.0.0
2023-09-28 19:15:34,800 [INFO] ThirdParty:1030 - CMSIS Pack Vendor :STMicroelectronics X-CUBE-EEPRMA1 4.1.0
2023-09-28 19:15:34,800 [INFO] ThirdParty:1030 - CMSIS Pack Vendor :portGmbH I-Cube-SoM-uGOAL 1.1.0
2023-09-28 19:15:34,800 [INFO] ThirdParty:1030 - CMSIS Pack Vendor :STMicroelectronics X-CUBE-ALS 1.0.1
2023-09-28 19:15:34,800 [INFO] ThirdParty:1030 - CMSIS Pack Vendor :STMicroelectronics ThreadX 1.0.0
2023-09-28 19:15:34,800 [INFO] ThirdParty:1030 - CMSIS Pack Vendor :STMicroelectronics FP-SNS-SMARTAG2 1.2.0
2023-09-28 19:15:34,800 [INFO] ThirdParty:1030 - CMSIS Pack Vendor :STMicroelectronics X-CUBE-AZRTOS-WL 2.0.0
2023-09-28 19:15:34,800 [INFO] ThirdParty:1030 - CMSIS Pack Vendor :SEGGER I-CUBE-embOS 1.3.1
2023-09-28 19:15:34,800 [INFO] ThirdParty:1030 - CMSIS Pack Vendor :STMicroelectronics USB_DEVICE 1.0.0
2023-09-28 19:15:34,800 [INFO] ThirdParty:1030 - CMSIS Pack Vendor :STMicroelectronics X-CUBE-AI 8.1.0
2023-09-28 19:15:34,800 [INFO] ThirdParty:1030 - CMSIS Pack Vendor :STMicroelectronics X-CUBE-AZRTOS-L4 2.0.0
2023-09-28 19:15:34,800 [INFO] ThirdParty:1030 - CMSIS Pack Vendor :STMicroelectronics ThreadX 0.0.2
2023-09-28 19:15:34,800 [INFO] ThirdParty:1030 - CMSIS Pack Vendor :WES I-CUBE-Cesium 1.3.0
2023-09-28 19:15:34,800 [INFO] ThirdParty:1030 - CMSIS Pack Vendor :STMicroelectronics FP-ATR-ASTRA1 2.0.0
2023-09-28 19:15:34,800 [INFO] ThirdParty:1030 - CMSIS Pack Vendor :STMicroelectronics lwIP 2.1.2
2023-09-28 19:15:34,800 [INFO] ThirdParty:1030 - CMSIS Pack Vendor :STMicroelectronics X-CUBE-SFXS2LP1 4.0.0
2023-09-28 19:15:34,800 [INFO] ThirdParty:1030 - CMSIS Pack Vendor :STMicroelectronics X-CUBE-BLE2 3.3.0
2023-09-28 19:15:34,800 [INFO] ThirdParty:1030 - CMSIS Pack Vendor :STMicroelectronics PDM2PCM 3.2.0
2023-09-28 19:15:34,801 [INFO] ThirdParty:841 - exiting critical section [change project]
2023-09-28 19:15:35,051 [INFO] PinOutPanel:1499 - setPackage(No Configuration,No Configuration)
2023-09-28 19:15:35,052 [INFO] PinOutPanel:1499 - setPackage(STM32L476RGTx,LQFP64)
2023-09-28 19:15:35,504 [INFO] UtilMem:75 - Before build in PCC Used Memory: 691307256 Bytes (979369984)
2023-09-28 19:15:35,649 [INFO] UtilMem:75 - After build in PCC Used Memory: 769950456 Bytes (979369984)
2023-09-28 19:15:35,668 [INFO] IPUIPlugin:80 - create IPUIPlugin
2023-09-28 19:15:35,668 [INFO] IPUIPlugin:80 - create IPUIPlugin
2023-09-28 19:15:35,668 [INFO] IPUIPlugin:80 - create IPUIPlugin
2023-09-28 19:15:35,668 [INFO] IPUIPlugin:80 - create IPUIPlugin
2023-09-28 19:15:35,668 [INFO] IPUIPlugin:80 - create IPUIPlugin
2023-09-28 19:15:35,668 [INFO] IPUIPlugin:80 - create IPUIPlugin
2023-09-28 19:15:35,668 [INFO] IPUIPlugin:80 - create IPUIPlugin
2023-09-28 19:15:35,668 [INFO] IPUIPlugin:80 - create IPUIPlugin
2023-09-28 19:15:35,668 [INFO] IPUIPlugin:80 - create IPUIPlugin
2023-09-28 19:15:35,668 [INFO] IPUIPlugin:80 - create IPUIPlugin
2023-09-28 19:15:35,669 [INFO] IPUIPlugin:80 - create IPUIPlugin
2023-09-28 19:15:35,669 [INFO] IPUIPlugin:80 - create IPUIPlugin
2023-09-28 19:15:35,669 [INFO] IPUIPlugin:80 - create IPUIPlugin
2023-09-28 19:15:35,669 [INFO] IPUIPlugin:80 - create IPUIPlugin
2023-09-28 19:15:35,669 [INFO] IPUIPlugin:80 - create IPUIPlugin
2023-09-28 19:15:35,669 [INFO] IPUIPlugin:80 - create IPUIPlugin
2023-09-28 19:15:35,669 [INFO] IPUIPlugin:80 - create IPUIPlugin
2023-09-28 19:15:35,669 [INFO] IPUIPlugin:80 - create IPUIPlugin
2023-09-28 19:15:35,669 [INFO] IPUIPlugin:80 - create IPUIPlugin
2023-09-28 19:15:35,670 [INFO] IPUIPlugin:80 - create IPUIPlugin
2023-09-28 19:15:35,670 [INFO] IPUIPlugin:80 - create IPUIPlugin
2023-09-28 19:15:35,670 [INFO] IPUIPlugin:80 - create IPUIPlugin
2023-09-28 19:15:35,670 [INFO] IPUIPlugin:80 - create IPUIPlugin
2023-09-28 19:15:35,670 [INFO] IPUIPlugin:80 - create IPUIPlugin
2023-09-28 19:15:35,670 [INFO] IPUIPlugin:80 - create IPUIPlugin
2023-09-28 19:15:35,670 [INFO] IPUIPlugin:80 - create IPUIPlugin
2023-09-28 19:15:35,670 [INFO] IPUIPlugin:80 - create IPUIPlugin
2023-09-28 19:15:35,671 [INFO] IPUIPlugin:80 - create IPUIPlugin
2023-09-28 19:15:35,671 [INFO] IPUIPlugin:80 - create IPUIPlugin
2023-09-28 19:15:35,671 [INFO] IPUIPlugin:80 - create IPUIPlugin
2023-09-28 19:15:35,671 [INFO] IPUIPlugin:80 - create IPUIPlugin
2023-09-28 19:15:35,671 [INFO] IPUIPlugin:80 - create IPUIPlugin
2023-09-28 19:15:35,671 [INFO] IPUIPlugin:80 - create IPUIPlugin
2023-09-28 19:15:35,671 [INFO] IPUIPlugin:80 - create IPUIPlugin
2023-09-28 19:15:35,671 [INFO] IPUIPlugin:80 - create IPUIPlugin
2023-09-28 19:15:35,672 [INFO] IPUIPlugin:80 - create IPUIPlugin
2023-09-28 19:15:35,672 [INFO] IPUIPlugin:80 - create IPUIPlugin
2023-09-28 19:15:35,672 [INFO] IPUIPlugin:80 - create IPUIPlugin
2023-09-28 19:15:35,672 [INFO] IPUIPlugin:80 - create IPUIPlugin
2023-09-28 19:15:35,672 [INFO] IPUIPlugin:80 - create IPUIPlugin
2023-09-28 19:15:35,672 [INFO] IPUIPlugin:80 - create IPUIPlugin
2023-09-28 19:15:35,673 [INFO] IPUIPlugin:80 - create IPUIPlugin
2023-09-28 19:15:35,673 [INFO] IPUIPlugin:80 - create IPUIPlugin
2023-09-28 19:15:35,673 [INFO] IPUIPlugin:80 - create IPUIPlugin
2023-09-28 19:15:35,673 [INFO] IPUIPlugin:80 - create IPUIPlugin
2023-09-28 19:15:35,673 [INFO] IPUIPlugin:80 - create IPUIPlugin
2023-09-28 19:15:35,673 [INFO] IPUIPlugin:80 - create IPUIPlugin
2023-09-28 19:15:35,673 [INFO] IPUIPlugin:80 - create IPUIPlugin
2023-09-28 19:15:35,673 [INFO] IPUIPlugin:80 - create IPUIPlugin
2023-09-28 19:15:35,674 [INFO] IPUIPlugin:80 - create IPUIPlugin
2023-09-28 19:15:35,674 [INFO] IPUIPlugin:80 - create IPUIPlugin
2023-09-28 19:15:35,674 [INFO] IPUIPlugin:80 - create IPUIPlugin
2023-09-28 19:15:35,674 [INFO] IPUIPlugin:80 - create IPUIPlugin
2023-09-28 19:15:35,674 [INFO] IPUIPlugin:80 - create IPUIPlugin
2023-09-28 19:15:35,674 [INFO] IPUIPlugin:80 - create IPUIPlugin
2023-09-28 19:15:35,675 [INFO] IPUIPlugin:80 - create IPUIPlugin
2023-09-28 19:15:35,675 [INFO] IPUIPlugin:80 - create IPUIPlugin
2023-09-28 19:15:35,675 [INFO] IPUIPlugin:80 - create IPUIPlugin
2023-09-28 19:15:35,676 [INFO] IPUIPlugin:80 - create IPUIPlugin
2023-09-28 19:15:35,717 [INFO] CADModel:165 - CPN selected for project levelSTM32L476RGT3
2023-09-28 19:15:35,717 [INFO] CADModel:114 - Register for checkConnection events
2023-09-28 19:15:35,754 [INFO] OpenFileManager:328 - Restore cursor
2023-09-28 19:40:40,218 [INFO] UtilMem:75 - End SaveConfig() Used Memory: 726128232 Bytes (979369984)
2023-09-28 19:40:40,352 [INFO] UtilMem:75 - End SaveConfig() Used Memory: 750245480 Bytes (979369984)
2023-09-28 19:40:50,420 [INFO] UtilMem:75 - End SaveConfig() Used Memory: 428048952 Bytes (979369984)
2023-09-28 19:40:50,633 [INFO] BlockDiagram:2759 - set Specific Code input for plugin: SYS
2023-09-28 19:40:50,633 [INFO] BlockDiagram:2759 - set Specific Code input for plugin: RCC
2023-09-28 19:40:50,633 [INFO] BlockDiagram:2759 - set Specific Code input for plugin: NVIC
2023-09-28 19:40:50,633 [INFO] BlockDiagram:2759 - set Specific Code input for plugin: USART
2023-09-28 19:40:50,634 [INFO] BlockDiagram:2759 - set Specific Code input for plugin: GPIO
2023-09-28 19:40:50,634 [INFO] CodeGenerator:793 - code generatio: config db path: /app/stm32cubeide/plugins/com.st.stm32cube.common.mx_6.8.0.202302231600//db/
2023-09-28 19:40:50,807 [INFO] CodeEngine:255 - oldGeneratedFile, /home/kosma/STM32Cube/1p12-workspace/l476rg/MXTmpFiles/license.tmp_save
2023-09-28 19:40:50,887 [INFO] CodeEngine:279 - Generated code: /home/kosma/STM32Cube/1p12-workspace/l476rg/MXTmpFiles/license.tmp
2023-09-28 19:40:50,912 [INFO] CodeEngine:255 - oldGeneratedFile, /home/kosma/STM32Cube/1p12-workspace/l476rg/MXTmpFiles/gpio.tmp_save
2023-09-28 19:40:50,973 [INFO] CodeEngine:279 - Generated code: /home/kosma/STM32Cube/1p12-workspace/l476rg/MXTmpFiles/gpio.tmp
2023-09-28 19:40:51,035 [INFO] CodeEngine:255 - oldGeneratedFile, /home/kosma/STM32Cube/1p12-workspace/l476rg/Core/Src/stm32l4xx_it.c_save
2023-09-28 19:40:51,194 [INFO] CodeEngine:279 - Generated code: /home/kosma/STM32Cube/1p12-workspace/l476rg/Core/Src/stm32l4xx_it.c
2023-09-28 19:40:51,195 [INFO] CodeEngine:255 - oldGeneratedFile, /home/kosma/STM32Cube/1p12-workspace/l476rg/Core/Inc/stm32l4xx_it.h_save
2023-09-28 19:40:51,282 [INFO] CodeEngine:279 - Generated code: /home/kosma/STM32Cube/1p12-workspace/l476rg/Core/Inc/stm32l4xx_it.h
2023-09-28 19:40:51,286 [INFO] CodeEngine:255 - oldGeneratedFile, /home/kosma/STM32Cube/1p12-workspace/l476rg/Core/Src/stm32l4xx_hal_msp.c_save
2023-09-28 19:40:51,436 [INFO] CodeEngine:279 - Generated code: /home/kosma/STM32Cube/1p12-workspace/l476rg/Core/Src/stm32l4xx_hal_msp.c
2023-09-28 19:40:51,437 [INFO] CodeEngine:255 - oldGeneratedFile, /home/kosma/STM32Cube/1p12-workspace/l476rg/MXTmpFiles/system.tmp_save
2023-09-28 19:40:51,520 [INFO] CodeEngine:279 - Generated code: /home/kosma/STM32Cube/1p12-workspace/l476rg/MXTmpFiles/system.tmp
2023-09-28 19:40:51,522 [INFO] CodeEngine:311 - oldGeneratedFile, /home/kosma/STM32Cube/1p12-workspace/l476rg/Core/Inc/stm32l4xx_hal_conf.h_save
2023-09-28 19:40:51,612 [INFO] CodeEngine:335 - Generated code: /home/kosma/STM32Cube/1p12-workspace/l476rg/Core/Inc/stm32l4xx_hal_conf.h
2023-09-28 19:40:51,629 [INFO] CodeEngine:255 - oldGeneratedFile, /home/kosma/STM32Cube/1p12-workspace/l476rg/Core/Inc/main.h_save
2023-09-28 19:40:51,855 [INFO] CodeEngine:279 - Generated code: /home/kosma/STM32Cube/1p12-workspace/l476rg/Core/Inc/main.h
2023-09-28 19:40:51,856 [INFO] CodeEngine:255 - oldGeneratedFile, /home/kosma/STM32Cube/1p12-workspace/l476rg/Core/Src/main.c_save
2023-09-28 19:40:51,932 [INFO] CodeEngine:279 - Generated code: /home/kosma/STM32Cube/1p12-workspace/l476rg/Core/Src/main.c
2023-09-28 19:40:52,524 [INFO] ProjectBuilder:2996 - Time for Copy HAL[2] : 0mS.
2023-09-28 19:40:52,526 [INFO] ProjectBuilder:4304 - Project Generator version: 3.19.2
2023-09-28 19:40:52,859 [INFO] ConfigFileManager:1483 - The Die is : DIE415
2023-09-28 19:40:52,861 [INFO] ApiDbMcu:507 - Load IP Config File for FATFS
2023-09-28 19:40:52,863 [INFO] ApiDbMcu:507 - Load IP Config File for FREERTOS
2023-09-28 19:40:52,872 [INFO] ApiDbMcu:507 - Load IP Config File for TOUCHSENSING
2023-09-28 19:40:52,876 [INFO] ApiDbMcu:507 - Load IP Config File for USB_DEVICE
2023-09-28 19:40:52,878 [INFO] ApiDbMcu:507 - Load IP Config File for USB_HOST
2023-09-28 19:40:54,273 [INFO] ProjectBuilder:4505 - Time for Generating toolchain IDE Files: 1747mS.
2023-09-28 19:40:54,274 [INFO] ProjectBuilder:2867 - Time for Copy CMSIS : 0mS.
2023-09-28 19:40:54,274 [INFO] ProjectBuilder:2867 - Time for Copy CMSIS : 0mS.
2023-09-28 19:41:32,064 [INFO] DmaTabbedPanel:205 - Cannot restore the selected Tab for DMA
2023-09-28 19:41:51,484 [INFO] Gpio:273 - dependency for GPIO [RCC, SYS, USART2]
2023-09-28 22:20:09,077 [INFO] WebAppUi:1035 - Web application message: Reloading CAD
2023-09-28 22:23:42,767 [INFO] Gpio:273 - dependency for GPIO [RCC, SYS, USART2]
