2023-09-29 08:53:59,589 [INFO] WebAppUi:1035 - Web application message: Reloading CAD
2023-09-29 10:06:50,282 [INFO] UtilMem:75 - End SaveConfig() Used Memory: 729482680 Bytes (996147200)
2023-09-29 10:06:50,376 [INFO] UtilMem:75 - End SaveConfig() Used Memory: 753599928 Bytes (996147200)
2023-09-29 10:06:50,731 [INFO] UtilMem:75 - End SaveConfig() Used Memory: 852690360 Bytes (996147200)
2023-09-29 10:06:50,988 [INFO] BlockDiagram:2759 - set Specific Code input for plugin: SYS
2023-09-29 10:06:50,988 [INFO] BlockDiagram:2759 - set Specific Code input for plugin: RCC
2023-09-29 10:06:50,988 [INFO] BlockDiagram:2759 - set Specific Code input for plugin: NVIC
2023-09-29 10:06:50,988 [INFO] BlockDiagram:2759 - set Specific Code input for plugin: USART
2023-09-29 10:06:50,988 [INFO] BlockDiagram:2759 - set Specific Code input for plugin: GPIO
2023-09-29 10:06:50,988 [INFO] CodeGenerator:793 - code generatio: config db path: /app/stm32cubeide/plugins/com.st.stm32cube.common.mx_6.8.0.202302231600//db/
2023-09-29 10:06:51,138 [INFO] CodeEngine:255 - oldGeneratedFile, /home/kosma/STM32Cube/1p12-workspace/l476rg/MXTmpFiles/license.tmp_save
2023-09-29 10:06:51,197 [INFO] CodeEngine:279 - Generated code: /home/kosma/STM32Cube/1p12-workspace/l476rg/MXTmpFiles/license.tmp
2023-09-29 10:06:51,214 [INFO] CodeEngine:255 - oldGeneratedFile, /home/kosma/STM32Cube/1p12-workspace/l476rg/MXTmpFiles/gpio.tmp_save
2023-09-29 10:06:51,269 [INFO] CodeEngine:279 - Generated code: /home/kosma/STM32Cube/1p12-workspace/l476rg/MXTmpFiles/gpio.tmp
2023-09-29 10:06:51,318 [INFO] CodeEngine:255 - oldGeneratedFile, /home/kosma/STM32Cube/1p12-workspace/l476rg/Core/Src/stm32l4xx_it.c_save
2023-09-29 10:06:51,453 [INFO] CodeEngine:279 - Generated code: /home/kosma/STM32Cube/1p12-workspace/l476rg/Core/Src/stm32l4xx_it.c
2023-09-29 10:06:51,454 [INFO] CodeEngine:255 - oldGeneratedFile, /home/kosma/STM32Cube/1p12-workspace/l476rg/Core/Inc/stm32l4xx_it.h_save
2023-09-29 10:06:51,521 [INFO] CodeEngine:279 - Generated code: /home/kosma/STM32Cube/1p12-workspace/l476rg/Core/Inc/stm32l4xx_it.h
2023-09-29 10:06:51,527 [INFO] CodeEngine:255 - oldGeneratedFile, /home/kosma/STM32Cube/1p12-workspace/l476rg/Core/Src/stm32l4xx_hal_msp.c_save
2023-09-29 10:06:51,654 [INFO] CodeEngine:279 - Generated code: /home/kosma/STM32Cube/1p12-workspace/l476rg/Core/Src/stm32l4xx_hal_msp.c
2023-09-29 10:06:51,655 [INFO] CodeEngine:255 - oldGeneratedFile, /home/kosma/STM32Cube/1p12-workspace/l476rg/MXTmpFiles/system.tmp_save
2023-09-29 10:06:51,734 [INFO] CodeEngine:279 - Generated code: /home/kosma/STM32Cube/1p12-workspace/l476rg/MXTmpFiles/system.tmp
2023-09-29 10:06:51,737 [INFO] CodeEngine:311 - oldGeneratedFile, /home/kosma/STM32Cube/1p12-workspace/l476rg/Core/Inc/stm32l4xx_hal_conf.h_save
2023-09-29 10:06:51,814 [INFO] CodeEngine:335 - Generated code: /home/kosma/STM32Cube/1p12-workspace/l476rg/Core/Inc/stm32l4xx_hal_conf.h
2023-09-29 10:06:51,841 [INFO] CodeEngine:255 - oldGeneratedFile, /home/kosma/STM32Cube/1p12-workspace/l476rg/Core/Inc/main.h_save
2023-09-29 10:06:51,949 [INFO] CodeEngine:279 - Generated code: /home/kosma/STM32Cube/1p12-workspace/l476rg/Core/Inc/main.h
2023-09-29 10:06:51,952 [INFO] CodeEngine:255 - oldGeneratedFile, /home/kosma/STM32Cube/1p12-workspace/l476rg/Core/Src/main.c_save
2023-09-29 10:06:52,045 [INFO] CodeEngine:279 - Generated code: /home/kosma/STM32Cube/1p12-workspace/l476rg/Core/Src/main.c
2023-09-29 10:06:52,690 [INFO] ProjectBuilder:2996 - Time for Copy HAL[2] : 0mS.
2023-09-29 10:06:52,691 [INFO] ProjectBuilder:4304 - Project Generator version: 3.19.2
2023-09-29 10:06:53,140 [INFO] ConfigFileManager:1483 - The Die is : DIE415
2023-09-29 10:06:54,577 [INFO] ProjectBuilder:4505 - Time for Generating toolchain IDE Files: 1886mS.
2023-09-29 10:06:54,577 [INFO] ProjectBuilder:2867 - Time for Copy CMSIS : 0mS.
2023-09-29 10:06:54,578 [INFO] ProjectBuilder:2867 - Time for Copy CMSIS : 0mS.
2023-09-29 10:09:58,244 [INFO] NvicIntPanel:101 - NVIC parent = com.st.microxplorer.plugins.ip.nvic.MultiNvicIntPanel[,0,0,847x246,layout=javax.swing.BoxLayout,alignmentX=0.0,alignmentY=0.0,border=,flags=9,maximumSize=,minimumSize=,preferredSize=]
2023-09-29 11:17:20,577 [INFO] NvicIntPanel:101 - NVIC parent = com.st.microxplorer.plugins.ip.nvic.MultiNvicIntPanel[,0,0,0x0,invalid,layout=javax.swing.BoxLayout,alignmentX=0.0,alignmentY=0.0,border=,flags=9,maximumSize=,minimumSize=,preferredSize=]
2023-09-29 12:52:42,921 [INFO] WebAppUi:1035 - Web application message: Reloading CAD
2023-09-29 13:38:31,196 [INFO] WebAppUi:1035 - Web application message: Reloading CAD
2023-09-29 15:00:06,079 [INFO] MainUpdater:2854 - connection check result : 10
2023-09-29 15:00:06,079 [INFO] MainUpdater:2854 - connection check result : 10
2023-09-29 15:00:06,108 [INFO] MicroXplorer:468 - Change Database Path : 
2023-09-29 15:00:06,109 [INFO] MicroXplorer:498 - Change Database Version : DB.6.0.80
2023-09-29 15:00:06,118 [WARN] ThirdParty:871 - waiting for thirdparty lock release [close project]
2023-09-29 15:00:06,118 [INFO] ThirdParty:873 - entering critical section [close project]
2023-09-29 15:00:06,118 [INFO] ThirdParty:883 - exiting critical section [close project]
2023-09-29 15:00:06,120 [INFO] PinOutPanel:1499 - setPackage(No Configuration,No Configuration)
2023-09-29 15:00:06,124 [INFO] UtilMem:75 - Begin LoadConfig() Used Memory: 643633688 Bytes (996147200)
2023-09-29 15:00:06,125 [INFO] MicroXplorer:468 - Change Database Path : 
2023-09-29 15:00:06,125 [INFO] MicroXplorer:498 - Change Database Version : DB.6.0.80
2023-09-29 15:00:06,125 [INFO] OpenFileManager:308 - Change cursor
2023-09-29 15:00:06,136 [INFO] RulesReader:64 - Compatibility file has been processed (293 Rules)
2023-09-29 15:00:06,139 [INFO] Mcu:1937 - Initializing MCU STM32L476R(C-E-G)Tx STM32L476RGTx STM32L476RGT3
2023-09-29 15:00:07,214 [INFO] Context:659 - Trying to add GPIOservice into a context  which must be forbidden
2023-09-29 15:00:07,711 [INFO] RtosManager:555 - Registered RTOS mode: class=CMSIS, group=RTOS, mode=CMSIS_V1, owner=FREERTOS
2023-09-29 15:00:07,711 [INFO] RtosManager:555 - Registered RTOS mode: class=CMSIS, group=RTOS2, mode=CMSIS_V2, owner=FREERTOS
2023-09-29 15:00:07,711 [INFO] RtosManager:555 - Registered RTOS mode: class=RTOS, group=Core, mode=CMSIS_V1, owner=FREERTOS
2023-09-29 15:00:07,711 [INFO] RtosManager:555 - Registered RTOS mode: class=RTOS, group=Core, mode=CMSIS_V2, owner=FREERTOS
2023-09-29 15:00:07,711 [WARN] ModelIntegratedComponent:184 - Missing modes for component STMicroelectronics:FreeRTOS:0.0.1:STMicroelectronics:RTOS:FreeRTOS:Core:::10.2.0:
2023-09-29 15:00:07,718 [WARN] ModelIntegratedComponent:63 - No mode defined for component null
2023-09-29 15:00:07,718 [WARN] ModelIntegratedComponent:63 - No mode defined for component null
2023-09-29 15:00:07,718 [WARN] ModelIntegratedComponent:63 - No mode defined for component null
2023-09-29 15:00:07,718 [WARN] ModelIntegratedComponent:63 - No mode defined for component null
2023-09-29 15:00:07,718 [WARN] ModelIntegratedComponent:63 - No mode defined for component null
2023-09-29 15:00:07,718 [WARN] ModelIntegratedComponent:63 - No mode defined for component null
2023-09-29 15:00:07,718 [WARN] ModelIntegratedComponent:63 - No mode defined for component null
2023-09-29 15:00:07,718 [WARN] ModelIntegratedComponent:63 - No mode defined for component null
2023-09-29 15:00:07,718 [WARN] ModelIntegratedComponent:63 - No mode defined for component null
2023-09-29 15:00:07,718 [WARN] ModelIntegratedComponent:63 - No mode defined for component null
2023-09-29 15:00:07,718 [WARN] ModelIntegratedComponent:63 - No mode defined for component null
2023-09-29 15:00:07,718 [WARN] ModelIntegratedComponent:63 - No mode defined for component null
2023-09-29 15:00:07,718 [WARN] ModelIntegratedComponent:63 - No mode defined for component null
2023-09-29 15:00:07,718 [WARN] ModelIntegratedComponent:63 - No mode defined for component null
2023-09-29 15:00:07,718 [WARN] ModelIntegratedComponent:63 - No mode defined for component null
2023-09-29 15:00:07,718 [WARN] ModelIntegratedComponent:63 - No mode defined for component null
2023-09-29 15:00:07,718 [WARN] ModelIntegratedComponent:63 - No mode defined for component null
2023-09-29 15:00:07,718 [WARN] ModelIntegratedComponent:63 - No mode defined for component null
2023-09-29 15:00:07,718 [WARN] ModelIntegratedComponent:63 - No mode defined for component null
2023-09-29 15:00:07,718 [WARN] ModelIntegratedComponent:63 - No mode defined for component null
2023-09-29 15:00:07,718 [WARN] ModelIntegratedComponent:63 - No mode defined for component null
2023-09-29 15:00:07,718 [WARN] ModelIntegratedComponent:63 - No mode defined for component null
2023-09-29 15:00:07,718 [WARN] ModelIntegratedComponent:63 - No mode defined for component null
2023-09-29 15:00:07,718 [WARN] ModelIntegratedComponent:63 - No mode defined for component null
2023-09-29 15:00:07,718 [WARN] ModelIntegratedComponent:63 - No mode defined for component null
2023-09-29 15:00:07,718 [WARN] ModelIntegratedComponent:63 - No mode defined for component null
2023-09-29 15:00:07,718 [WARN] ModelIntegratedComponent:63 - No mode defined for component null
2023-09-29 15:00:07,719 [WARN] ModelIntegratedComponent:63 - No mode defined for component null
2023-09-29 15:00:07,719 [WARN] ModelIntegratedComponent:63 - No mode defined for component null
2023-09-29 15:00:07,719 [WARN] ModelIntegratedComponent:63 - No mode defined for component null
2023-09-29 15:00:07,719 [WARN] ModelIntegratedComponent:63 - No mode defined for component null
2023-09-29 15:00:07,719 [WARN] ModelIntegratedComponent:63 - No mode defined for component null
2023-09-29 15:00:07,719 [WARN] ModelIntegratedComponent:63 - No mode defined for component null
2023-09-29 15:00:07,728 [INFO] ThirdPartyModel:298 - Start build external matchings
2023-09-29 15:00:08,092 [INFO] ThirdPartyModel:316 - End build external matchings
2023-09-29 15:00:08,097 [INFO] ImportTextPane:194 - (OptionalMessage_ERROR) IP (RCC) : Invalid parameter (FamilyName)
2023-09-29 15:00:08,098 [INFO] ImportTextPane:194 - (OptionalMessage_ERROR) IP (RCC) : Parameter (RNGFreq_Value) has invalid value (64000000)
2023-09-29 15:00:08,098 [INFO] ImportTextPane:194 - (OptionalMessage_ERROR) IP (RCC) : Parameter (SDMMCFreq_Value) has invalid value (64000000)
2023-09-29 15:00:08,098 [INFO] ImportTextPane:194 - (OptionalMessage_ERROR) IP (RCC) : Parameter (USBFreq_Value) has invalid value (64000000)
2023-09-29 15:00:08,239 [INFO] UtilMem:75 - End LoadConfig() Used Memory: 688227656 Bytes (996147200)
2023-09-29 15:00:08,254 [WARN] ThirdParty:833 - waiting for thirdparty lock release [change project]
2023-09-29 15:00:08,254 [INFO] ThirdParty:835 - entering critical section [change project]
2023-09-29 15:00:08,254 [INFO] ThirdParty:1030 - CMSIS Pack Vendor :STMicroelectronics X-CUBE-ISPU 1.1.0
2023-09-29 15:00:08,254 [INFO] ThirdParty:1030 - CMSIS Pack Vendor :STMicroelectronics X-CUBE-GNSS1 6.0.0
2023-09-29 15:00:08,254 [INFO] ThirdParty:1030 - CMSIS Pack Vendor :STMicroelectronics USB_HOST 2.0.0
2023-09-29 15:00:08,254 [INFO] ThirdParty:1030 - CMSIS Pack Vendor :STMicroelectronics X-CUBE-AZRTOS-F4 1.1.0
2023-09-29 15:00:08,254 [INFO] ThirdParty:1030 - CMSIS Pack Vendor :STMicroelectronics LIBJPEG 8.0.0
2023-09-29 15:00:08,254 [INFO] ThirdParty:1030 - CMSIS Pack Vendor :wolfSSL I-CUBE-wolfSSL 5.6.3
2023-09-29 15:00:08,254 [INFO] ThirdParty:1030 - CMSIS Pack Vendor :STMicroelectronics X-CUBE-SMBUS 2.1.0
2023-09-29 15:00:08,254 [INFO] ThirdParty:1030 - CMSIS Pack Vendor :STMicroelectronics USB_DEVICE 3.0.0
2023-09-29 15:00:08,254 [INFO] ThirdParty:1030 - CMSIS Pack Vendor :STMicroelectronics X-CUBE-AZRTOS-WB 2.0.0
2023-09-29 15:00:08,254 [INFO] ThirdParty:1030 - CMSIS Pack Vendor :STMicroelectronics X-CUBE-AZRTOS-F7 1.1.0
2023-09-29 15:00:08,254 [INFO] ThirdParty:1030 - CMSIS Pack Vendor :STMicroelectronics X-CUBE-AZRTOS-L5 2.0.0
2023-09-29 15:00:08,254 [INFO] ThirdParty:1030 - CMSIS Pack Vendor :STMicroelectronics USB_DEVICE 2.0.0
2023-09-29 15:00:08,254 [INFO] ThirdParty:1030 - CMSIS Pack Vendor :STMicroelectronics X-CUBE-MEMS1 9.6.0
2023-09-29 15:00:08,254 [INFO] ThirdParty:1030 - CMSIS Pack Vendor :STMicroelectronics FP-SNS-MOTENV1 4.3.2
2023-09-29 15:00:08,254 [INFO] ThirdParty:1030 - CMSIS Pack Vendor :STMicroelectronics X-CUBE-ALGOBUILD 1.3.0
2023-09-29 15:00:08,254 [INFO] ThirdParty:1030 - CMSIS Pack Vendor :STMicroelectronics FreeRTOS 0.0.1
2023-09-29 15:00:08,254 [INFO] ThirdParty:1030 - CMSIS Pack Vendor :STMicroelectronics X-CUBE-AZRTOS-G0 1.1.0
2023-09-29 15:00:08,254 [INFO] ThirdParty:1030 - CMSIS Pack Vendor :STMicroelectronics X-CUBE-BLEMGR 2.0.0
2023-09-29 15:00:08,254 [INFO] ThirdParty:1030 - CMSIS Pack Vendor :STMicroelectronics X-CUBE-NFC4 3.0.0
2023-09-29 15:00:08,254 [INFO] ThirdParty:1030 - CMSIS Pack Vendor :STMicroelectronics X-CUBE-SUBG2 5.0.0
2023-09-29 15:00:08,254 [INFO] ThirdParty:1030 - CMSIS Pack Vendor :STMicroelectronics STM32_WPAN 1.0.0
2023-09-29 15:00:08,254 [INFO] ThirdParty:1030 - CMSIS Pack Vendor :STMicroelectronics lwIP 2.0.3
2023-09-29 15:00:08,254 [INFO] ThirdParty:1030 - CMSIS Pack Vendor :STMicroelectronics FP-SNS-FLIGHT1 5.0.2
2023-09-29 15:00:08,254 [INFO] ThirdParty:1030 - CMSIS Pack Vendor :STMicroelectronics USB_HOST 1.0.0
2023-09-29 15:00:08,254 [INFO] ThirdParty:1030 - CMSIS Pack Vendor :STMicroelectronics X-CUBE-TOF1 3.3.1
2023-09-29 15:00:08,254 [INFO] ThirdParty:1030 - CMSIS Pack Vendor :STMicroelectronics X-CUBE-AZRTOS-G4 2.0.0
2023-09-29 15:00:08,254 [INFO] ThirdParty:1030 - CMSIS Pack Vendor :STMicroelectronics PDM2PCM 3.1.0
2023-09-29 15:00:08,254 [INFO] ThirdParty:1030 - CMSIS Pack Vendor :STMicroelectronics X-CUBE-AZRTOS-H7 3.1.0
2023-09-29 15:00:08,254 [INFO] ThirdParty:1030 - CMSIS Pack Vendor :STMicroelectronics PDM2PCM 3.3.0
2023-09-29 15:00:08,254 [INFO] ThirdParty:1030 - CMSIS Pack Vendor :STMicroelectronics X-CUBE-DISPLAY 3.0.0
2023-09-29 15:00:08,254 [INFO] ThirdParty:1030 - CMSIS Pack Vendor :STMicroelectronics X-CUBE-BLE1 7.0.0
2023-09-29 15:00:08,254 [INFO] ThirdParty:1030 - CMSIS Pack Vendor :STMicroelectronics FP-ATR-SIGFOX1 3.2.0
2023-09-29 15:00:08,255 [INFO] ThirdParty:1030 - CMSIS Pack Vendor :STMicroelectronics HAL Drivers 0.0.0
2023-09-29 15:00:08,255 [INFO] ThirdParty:1030 - CMSIS Pack Vendor :STMicroelectronics MBEDTLS 2.16.2
2023-09-29 15:00:08,255 [INFO] ThirdParty:1030 - CMSIS Pack Vendor :emotas I-CUBE-CANOPEN 1.3.0
2023-09-29 15:00:08,255 [INFO] ThirdParty:1030 - CMSIS Pack Vendor :STMicroelectronics X-CUBE-FREERTOS 1.1.0
2023-09-29 15:00:08,255 [INFO] ThirdParty:1030 - CMSIS Pack Vendor :STMicroelectronics X-CUBE-TOUCHGFX 4.22.0
2023-09-29 15:00:08,255 [INFO] ThirdParty:1030 - CMSIS Pack Vendor :STMicroelectronics X-CUBE-NFC7 1.0.1
2023-09-29 15:00:08,255 [INFO] ThirdParty:1030 - CMSIS Pack Vendor :STMicroelectronics MBEDTLS 2.14.1
2023-09-29 15:00:08,255 [INFO] ThirdParty:1030 - CMSIS Pack Vendor :STMicroelectronics X-CUBE-NFC6 3.0.0
2023-09-29 15:00:08,255 [INFO] ThirdParty:1030 - CMSIS Pack Vendor :STMicroelectronics X-CUBE-EEPRMA1 4.1.0
2023-09-29 15:00:08,255 [INFO] ThirdParty:1030 - CMSIS Pack Vendor :portGmbH I-Cube-SoM-uGOAL 1.1.0
2023-09-29 15:00:08,255 [INFO] ThirdParty:1030 - CMSIS Pack Vendor :STMicroelectronics X-CUBE-ALS 1.0.1
2023-09-29 15:00:08,255 [INFO] ThirdParty:1030 - CMSIS Pack Vendor :STMicroelectronics ThreadX 1.0.0
2023-09-29 15:00:08,255 [INFO] ThirdParty:1030 - CMSIS Pack Vendor :STMicroelectronics FP-SNS-SMARTAG2 1.2.0
2023-09-29 15:00:08,255 [INFO] ThirdParty:1030 - CMSIS Pack Vendor :STMicroelectronics X-CUBE-AZRTOS-WL 2.0.0
2023-09-29 15:00:08,255 [INFO] ThirdParty:1030 - CMSIS Pack Vendor :SEGGER I-CUBE-embOS 1.3.1
2023-09-29 15:00:08,255 [INFO] ThirdParty:1030 - CMSIS Pack Vendor :STMicroelectronics USB_DEVICE 1.0.0
2023-09-29 15:00:08,255 [INFO] ThirdParty:1030 - CMSIS Pack Vendor :STMicroelectronics X-CUBE-AI 8.1.0
2023-09-29 15:00:08,255 [INFO] ThirdParty:1030 - CMSIS Pack Vendor :STMicroelectronics X-CUBE-AZRTOS-L4 2.0.0
2023-09-29 15:00:08,255 [INFO] ThirdParty:1030 - CMSIS Pack Vendor :STMicroelectronics ThreadX 0.0.2
2023-09-29 15:00:08,255 [INFO] ThirdParty:1030 - CMSIS Pack Vendor :WES I-CUBE-Cesium 1.3.0
2023-09-29 15:00:08,255 [INFO] ThirdParty:1030 - CMSIS Pack Vendor :STMicroelectronics FP-ATR-ASTRA1 2.0.0
2023-09-29 15:00:08,255 [INFO] ThirdParty:1030 - CMSIS Pack Vendor :STMicroelectronics lwIP 2.1.2
2023-09-29 15:00:08,255 [INFO] ThirdParty:1030 - CMSIS Pack Vendor :STMicroelectronics X-CUBE-SFXS2LP1 4.0.0
2023-09-29 15:00:08,255 [INFO] ThirdParty:1030 - CMSIS Pack Vendor :STMicroelectronics X-CUBE-BLE2 3.3.0
2023-09-29 15:00:08,255 [INFO] ThirdParty:1030 - CMSIS Pack Vendor :STMicroelectronics PDM2PCM 3.2.0
2023-09-29 15:00:08,255 [INFO] ThirdParty:841 - exiting critical section [change project]
2023-09-29 15:00:08,458 [INFO] PinOutPanel:1499 - setPackage(No Configuration,No Configuration)
2023-09-29 15:00:08,458 [INFO] PinOutPanel:1499 - setPackage(STM32L476RGTx,LQFP64)
2023-09-29 15:00:08,896 [INFO] UtilMem:75 - Before build in PCC Used Memory: 558206280 Bytes (996147200)
2023-09-29 15:00:09,062 [INFO] UtilMem:75 - After build in PCC Used Memory: 637371720 Bytes (996147200)
2023-09-29 15:00:09,079 [INFO] IPUIPlugin:80 - create IPUIPlugin
2023-09-29 15:00:09,079 [INFO] IPUIPlugin:80 - create IPUIPlugin
2023-09-29 15:00:09,079 [INFO] IPUIPlugin:80 - create IPUIPlugin
2023-09-29 15:00:09,079 [INFO] IPUIPlugin:80 - create IPUIPlugin
2023-09-29 15:00:09,079 [INFO] IPUIPlugin:80 - create IPUIPlugin
2023-09-29 15:00:09,079 [INFO] IPUIPlugin:80 - create IPUIPlugin
2023-09-29 15:00:09,079 [INFO] IPUIPlugin:80 - create IPUIPlugin
2023-09-29 15:00:09,079 [INFO] IPUIPlugin:80 - create IPUIPlugin
2023-09-29 15:00:09,080 [INFO] IPUIPlugin:80 - create IPUIPlugin
2023-09-29 15:00:09,080 [INFO] IPUIPlugin:80 - create IPUIPlugin
2023-09-29 15:00:09,080 [INFO] IPUIPlugin:80 - create IPUIPlugin
2023-09-29 15:00:09,080 [INFO] IPUIPlugin:80 - create IPUIPlugin
2023-09-29 15:00:09,080 [INFO] IPUIPlugin:80 - create IPUIPlugin
2023-09-29 15:00:09,080 [INFO] IPUIPlugin:80 - create IPUIPlugin
2023-09-29 15:00:09,080 [INFO] IPUIPlugin:80 - create IPUIPlugin
2023-09-29 15:00:09,080 [INFO] IPUIPlugin:80 - create IPUIPlugin
2023-09-29 15:00:09,080 [INFO] IPUIPlugin:80 - create IPUIPlugin
2023-09-29 15:00:09,080 [INFO] IPUIPlugin:80 - create IPUIPlugin
2023-09-29 15:00:09,080 [INFO] IPUIPlugin:80 - create IPUIPlugin
2023-09-29 15:00:09,081 [INFO] IPUIPlugin:80 - create IPUIPlugin
2023-09-29 15:00:09,081 [INFO] IPUIPlugin:80 - create IPUIPlugin
2023-09-29 15:00:09,081 [INFO] IPUIPlugin:80 - create IPUIPlugin
2023-09-29 15:00:09,081 [INFO] IPUIPlugin:80 - create IPUIPlugin
2023-09-29 15:00:09,081 [INFO] IPUIPlugin:80 - create IPUIPlugin
2023-09-29 15:00:09,081 [INFO] IPUIPlugin:80 - create IPUIPlugin
2023-09-29 15:00:09,081 [INFO] IPUIPlugin:80 - create IPUIPlugin
2023-09-29 15:00:09,081 [INFO] IPUIPlugin:80 - create IPUIPlugin
2023-09-29 15:00:09,082 [INFO] IPUIPlugin:80 - create IPUIPlugin
2023-09-29 15:00:09,082 [INFO] IPUIPlugin:80 - create IPUIPlugin
2023-09-29 15:00:09,082 [INFO] IPUIPlugin:80 - create IPUIPlugin
2023-09-29 15:00:09,082 [INFO] IPUIPlugin:80 - create IPUIPlugin
2023-09-29 15:00:09,082 [INFO] IPUIPlugin:80 - create IPUIPlugin
2023-09-29 15:00:09,082 [INFO] IPUIPlugin:80 - create IPUIPlugin
2023-09-29 15:00:09,082 [INFO] IPUIPlugin:80 - create IPUIPlugin
2023-09-29 15:00:09,082 [INFO] IPUIPlugin:80 - create IPUIPlugin
2023-09-29 15:00:09,082 [INFO] IPUIPlugin:80 - create IPUIPlugin
2023-09-29 15:00:09,083 [INFO] IPUIPlugin:80 - create IPUIPlugin
2023-09-29 15:00:09,083 [INFO] IPUIPlugin:80 - create IPUIPlugin
2023-09-29 15:00:09,083 [INFO] IPUIPlugin:80 - create IPUIPlugin
2023-09-29 15:00:09,083 [INFO] IPUIPlugin:80 - create IPUIPlugin
2023-09-29 15:00:09,083 [INFO] IPUIPlugin:80 - create IPUIPlugin
2023-09-29 15:00:09,083 [INFO] IPUIPlugin:80 - create IPUIPlugin
2023-09-29 15:00:09,083 [INFO] IPUIPlugin:80 - create IPUIPlugin
2023-09-29 15:00:09,083 [INFO] IPUIPlugin:80 - create IPUIPlugin
2023-09-29 15:00:09,083 [INFO] IPUIPlugin:80 - create IPUIPlugin
2023-09-29 15:00:09,083 [INFO] IPUIPlugin:80 - create IPUIPlugin
2023-09-29 15:00:09,083 [INFO] IPUIPlugin:80 - create IPUIPlugin
2023-09-29 15:00:09,083 [INFO] IPUIPlugin:80 - create IPUIPlugin
2023-09-29 15:00:09,083 [INFO] IPUIPlugin:80 - create IPUIPlugin
2023-09-29 15:00:09,083 [INFO] IPUIPlugin:80 - create IPUIPlugin
2023-09-29 15:00:09,083 [INFO] IPUIPlugin:80 - create IPUIPlugin
2023-09-29 15:00:09,084 [INFO] IPUIPlugin:80 - create IPUIPlugin
2023-09-29 15:00:09,084 [INFO] IPUIPlugin:80 - create IPUIPlugin
2023-09-29 15:00:09,084 [INFO] IPUIPlugin:80 - create IPUIPlugin
2023-09-29 15:00:09,084 [INFO] IPUIPlugin:80 - create IPUIPlugin
2023-09-29 15:00:09,084 [INFO] IPUIPlugin:80 - create IPUIPlugin
2023-09-29 15:00:09,085 [INFO] IPUIPlugin:80 - create IPUIPlugin
2023-09-29 15:00:09,085 [INFO] IPUIPlugin:80 - create IPUIPlugin
2023-09-29 15:00:09,085 [INFO] IPUIPlugin:80 - create IPUIPlugin
2023-09-29 15:00:09,124 [INFO] CADModel:165 - CPN selected for project levelSTM32L476RGT3
2023-09-29 15:00:09,124 [INFO] CADModel:114 - Register for checkConnection events
2023-09-29 15:00:09,162 [INFO] OpenFileManager:328 - Restore cursor
2023-09-29 15:13:25,443 [INFO] UtilMem:75 - End SaveConfig() Used Memory: 406145744 Bytes (996147200)
2023-09-29 15:13:25,529 [INFO] UtilMem:75 - End SaveConfig() Used Memory: 429736656 Bytes (996147200)
2023-09-29 15:13:25,836 [INFO] UtilMem:75 - End SaveConfig() Used Memory: 535126632 Bytes (996147200)
2023-09-29 15:13:26,072 [INFO] BlockDiagram:2759 - set Specific Code input for plugin: SYS
2023-09-29 15:13:26,072 [INFO] BlockDiagram:2759 - set Specific Code input for plugin: RCC
2023-09-29 15:13:26,072 [INFO] BlockDiagram:2759 - set Specific Code input for plugin: NVIC
2023-09-29 15:13:26,072 [INFO] BlockDiagram:2759 - set Specific Code input for plugin: USART
2023-09-29 15:13:26,073 [INFO] BlockDiagram:2759 - set Specific Code input for plugin: GPIO
2023-09-29 15:13:26,073 [INFO] CodeGenerator:793 - code generatio: config db path: /app/stm32cubeide/plugins/com.st.stm32cube.common.mx_6.8.0.202302231600//db/
2023-09-29 15:13:26,259 [INFO] CodeEngine:255 - oldGeneratedFile, /home/kosma/STM32Cube/1p12-workspace/l476rg/MXTmpFiles/license.tmp_save
2023-09-29 15:13:26,327 [INFO] CodeEngine:279 - Generated code: /home/kosma/STM32Cube/1p12-workspace/l476rg/MXTmpFiles/license.tmp
2023-09-29 15:13:26,398 [INFO] CodeEngine:255 - oldGeneratedFile, /home/kosma/STM32Cube/1p12-workspace/l476rg/MXTmpFiles/gpio.tmp_save
2023-09-29 15:13:26,492 [INFO] CodeEngine:279 - Generated code: /home/kosma/STM32Cube/1p12-workspace/l476rg/MXTmpFiles/gpio.tmp
2023-09-29 15:13:26,570 [INFO] CodeEngine:255 - oldGeneratedFile, /home/kosma/STM32Cube/1p12-workspace/l476rg/Core/Src/stm32l4xx_it.c_save
2023-09-29 15:13:26,746 [INFO] CodeEngine:279 - Generated code: /home/kosma/STM32Cube/1p12-workspace/l476rg/Core/Src/stm32l4xx_it.c
2023-09-29 15:13:26,747 [INFO] CodeEngine:255 - oldGeneratedFile, /home/kosma/STM32Cube/1p12-workspace/l476rg/Core/Inc/stm32l4xx_it.h_save
2023-09-29 15:13:26,809 [INFO] CodeEngine:279 - Generated code: /home/kosma/STM32Cube/1p12-workspace/l476rg/Core/Inc/stm32l4xx_it.h
2023-09-29 15:13:26,812 [INFO] CodeEngine:255 - oldGeneratedFile, /home/kosma/STM32Cube/1p12-workspace/l476rg/Core/Src/stm32l4xx_hal_msp.c_save
2023-09-29 15:13:26,908 [INFO] CodeEngine:279 - Generated code: /home/kosma/STM32Cube/1p12-workspace/l476rg/Core/Src/stm32l4xx_hal_msp.c
2023-09-29 15:13:26,909 [INFO] CodeEngine:255 - oldGeneratedFile, /home/kosma/STM32Cube/1p12-workspace/l476rg/MXTmpFiles/system.tmp_save
2023-09-29 15:13:26,964 [INFO] CodeEngine:279 - Generated code: /home/kosma/STM32Cube/1p12-workspace/l476rg/MXTmpFiles/system.tmp
2023-09-29 15:13:26,967 [INFO] CodeEngine:311 - oldGeneratedFile, /home/kosma/STM32Cube/1p12-workspace/l476rg/Core/Inc/stm32l4xx_hal_conf.h_save
2023-09-29 15:13:27,034 [INFO] CodeEngine:335 - Generated code: /home/kosma/STM32Cube/1p12-workspace/l476rg/Core/Inc/stm32l4xx_hal_conf.h
2023-09-29 15:13:27,054 [INFO] CodeEngine:255 - oldGeneratedFile, /home/kosma/STM32Cube/1p12-workspace/l476rg/Core/Inc/main.h_save
2023-09-29 15:13:27,125 [INFO] CodeEngine:279 - Generated code: /home/kosma/STM32Cube/1p12-workspace/l476rg/Core/Inc/main.h
2023-09-29 15:13:27,126 [INFO] CodeEngine:255 - oldGeneratedFile, /home/kosma/STM32Cube/1p12-workspace/l476rg/Core/Src/main.c_save
2023-09-29 15:13:27,198 [INFO] CodeEngine:279 - Generated code: /home/kosma/STM32Cube/1p12-workspace/l476rg/Core/Src/main.c
2023-09-29 15:13:28,037 [INFO] ProjectBuilder:2996 - Time for Copy HAL[2] : 1mS.
2023-09-29 15:13:28,038 [INFO] ProjectBuilder:4304 - Project Generator version: 3.19.2
2023-09-29 15:13:28,268 [INFO] ConfigFileManager:1483 - The Die is : DIE415
2023-09-29 15:13:28,270 [INFO] ApiDbMcu:507 - Load IP Config File for FATFS
2023-09-29 15:13:28,272 [INFO] ApiDbMcu:507 - Load IP Config File for FREERTOS
2023-09-29 15:13:28,280 [INFO] ApiDbMcu:507 - Load IP Config File for TOUCHSENSING
2023-09-29 15:13:28,284 [INFO] ApiDbMcu:507 - Load IP Config File for USB_DEVICE
2023-09-29 15:13:28,287 [INFO] ApiDbMcu:507 - Load IP Config File for USB_HOST
2023-09-29 15:13:29,890 [INFO] ProjectBuilder:4505 - Time for Generating toolchain IDE Files: 1852mS.
2023-09-29 15:13:29,891 [INFO] ProjectBuilder:2867 - Time for Copy CMSIS : 0mS.
2023-09-29 15:13:29,891 [INFO] ProjectBuilder:2867 - Time for Copy CMSIS : 0mS.
2023-09-29 15:16:59,371 [INFO] UtilMem:75 - End SaveConfig() Used Memory: 885484352 Bytes (996147200)
2023-09-29 15:16:59,483 [INFO] UtilMem:75 - End SaveConfig() Used Memory: 392047392 Bytes (996147200)
2023-09-29 15:16:59,890 [INFO] UtilMem:75 - End SaveConfig() Used Memory: 488359536 Bytes (996147200)
2023-09-29 15:17:00,156 [INFO] BlockDiagram:2759 - set Specific Code input for plugin: SYS
2023-09-29 15:17:00,156 [INFO] BlockDiagram:2759 - set Specific Code input for plugin: RCC
2023-09-29 15:17:00,156 [INFO] BlockDiagram:2759 - set Specific Code input for plugin: NVIC
2023-09-29 15:17:00,156 [INFO] BlockDiagram:2759 - set Specific Code input for plugin: USART
2023-09-29 15:17:00,157 [INFO] BlockDiagram:2759 - set Specific Code input for plugin: GPIO
2023-09-29 15:17:00,157 [INFO] CodeGenerator:793 - code generatio: config db path: /app/stm32cubeide/plugins/com.st.stm32cube.common.mx_6.8.0.202302231600//db/
2023-09-29 15:17:00,300 [INFO] CodeEngine:255 - oldGeneratedFile, /home/kosma/STM32Cube/1p12-workspace/l476rg/MXTmpFiles/license.tmp_save
2023-09-29 15:17:00,350 [INFO] CodeEngine:279 - Generated code: /home/kosma/STM32Cube/1p12-workspace/l476rg/MXTmpFiles/license.tmp
2023-09-29 15:17:00,369 [INFO] CodeEngine:255 - oldGeneratedFile, /home/kosma/STM32Cube/1p12-workspace/l476rg/MXTmpFiles/gpio.tmp_save
2023-09-29 15:17:00,420 [INFO] CodeEngine:279 - Generated code: /home/kosma/STM32Cube/1p12-workspace/l476rg/MXTmpFiles/gpio.tmp
2023-09-29 15:17:00,480 [INFO] CodeEngine:255 - oldGeneratedFile, /home/kosma/STM32Cube/1p12-workspace/l476rg/Core/Src/stm32l4xx_it.c_save
2023-09-29 15:17:00,539 [INFO] CodeEngine:279 - Generated code: /home/kosma/STM32Cube/1p12-workspace/l476rg/Core/Src/stm32l4xx_it.c
2023-09-29 15:17:00,541 [INFO] CodeEngine:255 - oldGeneratedFile, /home/kosma/STM32Cube/1p12-workspace/l476rg/Core/Inc/stm32l4xx_it.h_save
2023-09-29 15:17:00,629 [INFO] CodeEngine:279 - Generated code: /home/kosma/STM32Cube/1p12-workspace/l476rg/Core/Inc/stm32l4xx_it.h
2023-09-29 15:17:00,633 [INFO] CodeEngine:255 - oldGeneratedFile, /home/kosma/STM32Cube/1p12-workspace/l476rg/Core/Src/stm32l4xx_hal_msp.c_save
2023-09-29 15:17:00,712 [INFO] CodeEngine:279 - Generated code: /home/kosma/STM32Cube/1p12-workspace/l476rg/Core/Src/stm32l4xx_hal_msp.c
2023-09-29 15:17:00,713 [INFO] CodeEngine:255 - oldGeneratedFile, /home/kosma/STM32Cube/1p12-workspace/l476rg/MXTmpFiles/system.tmp_save
2023-09-29 15:17:00,779 [INFO] CodeEngine:279 - Generated code: /home/kosma/STM32Cube/1p12-workspace/l476rg/MXTmpFiles/system.tmp
2023-09-29 15:17:00,781 [INFO] CodeEngine:311 - oldGeneratedFile, /home/kosma/STM32Cube/1p12-workspace/l476rg/Core/Inc/stm32l4xx_hal_conf.h_save
2023-09-29 15:17:00,859 [INFO] CodeEngine:335 - Generated code: /home/kosma/STM32Cube/1p12-workspace/l476rg/Core/Inc/stm32l4xx_hal_conf.h
2023-09-29 15:17:00,876 [INFO] CodeEngine:255 - oldGeneratedFile, /home/kosma/STM32Cube/1p12-workspace/l476rg/Core/Inc/main.h_save
2023-09-29 15:17:00,959 [INFO] CodeEngine:279 - Generated code: /home/kosma/STM32Cube/1p12-workspace/l476rg/Core/Inc/main.h
2023-09-29 15:17:00,961 [INFO] CodeEngine:255 - oldGeneratedFile, /home/kosma/STM32Cube/1p12-workspace/l476rg/Core/Src/main.c_save
2023-09-29 15:17:01,067 [INFO] CodeEngine:279 - Generated code: /home/kosma/STM32Cube/1p12-workspace/l476rg/Core/Src/main.c
2023-09-29 15:17:02,101 [INFO] ProjectBuilder:2996 - Time for Copy HAL[2] : 0mS.
2023-09-29 15:17:02,103 [INFO] ProjectBuilder:4304 - Project Generator version: 3.19.2
2023-09-29 15:17:02,367 [INFO] ConfigFileManager:1483 - The Die is : DIE415
2023-09-29 15:17:04,221 [INFO] ProjectBuilder:4505 - Time for Generating toolchain IDE Files: 2118mS.
2023-09-29 15:17:04,221 [INFO] ProjectBuilder:2867 - Time for Copy CMSIS : 0mS.
2023-09-29 15:17:04,222 [INFO] ProjectBuilder:2867 - Time for Copy CMSIS : 0mS.
2023-09-29 15:18:23,853 [INFO] UtilMem:75 - End SaveConfig() Used Memory: 451914656 Bytes (1015021568)
2023-09-29 15:18:23,939 [INFO] UtilMem:75 - End SaveConfig() Used Memory: 474983328 Bytes (1015021568)
2023-09-29 15:18:24,218 [INFO] UtilMem:75 - End SaveConfig() Used Memory: 519549856 Bytes (1015021568)
2023-09-29 15:18:24,475 [INFO] BlockDiagram:2759 - set Specific Code input for plugin: SYS
2023-09-29 15:18:24,475 [INFO] BlockDiagram:2759 - set Specific Code input for plugin: RCC
2023-09-29 15:18:24,475 [INFO] BlockDiagram:2759 - set Specific Code input for plugin: NVIC
2023-09-29 15:18:24,475 [INFO] BlockDiagram:2759 - set Specific Code input for plugin: USART
2023-09-29 15:18:24,475 [INFO] BlockDiagram:2759 - set Specific Code input for plugin: GPIO
2023-09-29 15:18:24,476 [INFO] CodeGenerator:793 - code generatio: config db path: /app/stm32cubeide/plugins/com.st.stm32cube.common.mx_6.8.0.202302231600//db/
2023-09-29 15:18:24,702 [INFO] CodeEngine:255 - oldGeneratedFile, /home/kosma/STM32Cube/1p12-workspace/l476rg/MXTmpFiles/license.tmp_save
2023-09-29 15:18:24,781 [INFO] CodeEngine:279 - Generated code: /home/kosma/STM32Cube/1p12-workspace/l476rg/MXTmpFiles/license.tmp
2023-09-29 15:18:24,816 [INFO] CodeEngine:255 - oldGeneratedFile, /home/kosma/STM32Cube/1p12-workspace/l476rg/MXTmpFiles/gpio.tmp_save
2023-09-29 15:18:24,890 [INFO] CodeEngine:279 - Generated code: /home/kosma/STM32Cube/1p12-workspace/l476rg/MXTmpFiles/gpio.tmp
2023-09-29 15:18:24,951 [INFO] CodeEngine:255 - oldGeneratedFile, /home/kosma/STM32Cube/1p12-workspace/l476rg/Core/Src/stm32l4xx_it.c_save
2023-09-29 15:18:25,022 [INFO] CodeEngine:279 - Generated code: /home/kosma/STM32Cube/1p12-workspace/l476rg/Core/Src/stm32l4xx_it.c
2023-09-29 15:18:25,023 [INFO] CodeEngine:255 - oldGeneratedFile, /home/kosma/STM32Cube/1p12-workspace/l476rg/Core/Inc/stm32l4xx_it.h_save
2023-09-29 15:18:25,087 [INFO] CodeEngine:279 - Generated code: /home/kosma/STM32Cube/1p12-workspace/l476rg/Core/Inc/stm32l4xx_it.h
2023-09-29 15:18:25,091 [INFO] CodeEngine:255 - oldGeneratedFile, /home/kosma/STM32Cube/1p12-workspace/l476rg/Core/Src/stm32l4xx_hal_msp.c_save
2023-09-29 15:18:25,175 [INFO] CodeEngine:279 - Generated code: /home/kosma/STM32Cube/1p12-workspace/l476rg/Core/Src/stm32l4xx_hal_msp.c
2023-09-29 15:18:25,176 [INFO] CodeEngine:255 - oldGeneratedFile, /home/kosma/STM32Cube/1p12-workspace/l476rg/MXTmpFiles/system.tmp_save
2023-09-29 15:18:25,249 [INFO] CodeEngine:279 - Generated code: /home/kosma/STM32Cube/1p12-workspace/l476rg/MXTmpFiles/system.tmp
2023-09-29 15:18:25,251 [INFO] CodeEngine:311 - oldGeneratedFile, /home/kosma/STM32Cube/1p12-workspace/l476rg/Core/Inc/stm32l4xx_hal_conf.h_save
2023-09-29 15:18:25,358 [INFO] CodeEngine:335 - Generated code: /home/kosma/STM32Cube/1p12-workspace/l476rg/Core/Inc/stm32l4xx_hal_conf.h
2023-09-29 15:18:25,390 [INFO] CodeEngine:255 - oldGeneratedFile, /home/kosma/STM32Cube/1p12-workspace/l476rg/Core/Inc/main.h_save
2023-09-29 15:18:25,471 [INFO] CodeEngine:279 - Generated code: /home/kosma/STM32Cube/1p12-workspace/l476rg/Core/Inc/main.h
2023-09-29 15:18:25,472 [INFO] CodeEngine:255 - oldGeneratedFile, /home/kosma/STM32Cube/1p12-workspace/l476rg/Core/Src/main.c_save
2023-09-29 15:18:25,549 [INFO] CodeEngine:279 - Generated code: /home/kosma/STM32Cube/1p12-workspace/l476rg/Core/Src/main.c
2023-09-29 15:18:26,394 [INFO] ProjectBuilder:2996 - Time for Copy HAL[2] : 0mS.
2023-09-29 15:18:26,395 [INFO] ProjectBuilder:4304 - Project Generator version: 3.19.2
2023-09-29 15:18:26,737 [INFO] ConfigFileManager:1483 - The Die is : DIE415
2023-09-29 15:18:28,428 [INFO] ProjectBuilder:4505 - Time for Generating toolchain IDE Files: 2033mS.
2023-09-29 15:18:28,428 [INFO] ProjectBuilder:2867 - Time for Copy CMSIS : 0mS.
2023-09-29 15:18:28,429 [INFO] ProjectBuilder:2867 - Time for Copy CMSIS : 0mS.
2023-09-29 15:27:33,303 [INFO] UtilMem:75 - End SaveConfig() Used Memory: 787891432 Bytes (1026555904)
2023-09-29 15:27:33,393 [INFO] UtilMem:75 - End SaveConfig() Used Memory: 810433768 Bytes (1026555904)
2023-09-29 15:27:33,777 [INFO] UtilMem:75 - End SaveConfig() Used Memory: 401355664 Bytes (1026555904)
2023-09-29 15:27:34,040 [INFO] BlockDiagram:2759 - set Specific Code input for plugin: SYS
2023-09-29 15:27:34,040 [INFO] BlockDiagram:2759 - set Specific Code input for plugin: RCC
2023-09-29 15:27:34,040 [INFO] BlockDiagram:2759 - set Specific Code input for plugin: NVIC
2023-09-29 15:27:34,040 [INFO] BlockDiagram:2759 - set Specific Code input for plugin: USART
2023-09-29 15:27:34,041 [INFO] BlockDiagram:2759 - set Specific Code input for plugin: GPIO
2023-09-29 15:27:34,041 [INFO] CodeGenerator:793 - code generatio: config db path: /app/stm32cubeide/plugins/com.st.stm32cube.common.mx_6.8.0.202302231600//db/
2023-09-29 15:27:34,291 [INFO] CodeEngine:255 - oldGeneratedFile, /home/kosma/STM32Cube/1p12-workspace/l476rg/MXTmpFiles/license.tmp_save
2023-09-29 15:27:34,346 [INFO] CodeEngine:279 - Generated code: /home/kosma/STM32Cube/1p12-workspace/l476rg/MXTmpFiles/license.tmp
2023-09-29 15:27:34,370 [INFO] CodeEngine:255 - oldGeneratedFile, /home/kosma/STM32Cube/1p12-workspace/l476rg/MXTmpFiles/gpio.tmp_save
2023-09-29 15:27:34,435 [INFO] CodeEngine:279 - Generated code: /home/kosma/STM32Cube/1p12-workspace/l476rg/MXTmpFiles/gpio.tmp
2023-09-29 15:27:34,585 [INFO] CodeEngine:255 - oldGeneratedFile, /home/kosma/STM32Cube/1p12-workspace/l476rg/Core/Src/stm32l4xx_it.c_save
2023-09-29 15:27:34,669 [INFO] CodeEngine:279 - Generated code: /home/kosma/STM32Cube/1p12-workspace/l476rg/Core/Src/stm32l4xx_it.c
2023-09-29 15:27:34,672 [INFO] CodeEngine:255 - oldGeneratedFile, /home/kosma/STM32Cube/1p12-workspace/l476rg/Core/Inc/stm32l4xx_it.h_save
2023-09-29 15:27:34,741 [INFO] CodeEngine:279 - Generated code: /home/kosma/STM32Cube/1p12-workspace/l476rg/Core/Inc/stm32l4xx_it.h
2023-09-29 15:27:34,747 [INFO] CodeEngine:255 - oldGeneratedFile, /home/kosma/STM32Cube/1p12-workspace/l476rg/Core/Src/stm32l4xx_hal_msp.c_save
2023-09-29 15:27:34,855 [INFO] CodeEngine:279 - Generated code: /home/kosma/STM32Cube/1p12-workspace/l476rg/Core/Src/stm32l4xx_hal_msp.c
2023-09-29 15:27:34,856 [INFO] CodeEngine:255 - oldGeneratedFile, /home/kosma/STM32Cube/1p12-workspace/l476rg/MXTmpFiles/system.tmp_save
2023-09-29 15:27:34,914 [INFO] CodeEngine:279 - Generated code: /home/kosma/STM32Cube/1p12-workspace/l476rg/MXTmpFiles/system.tmp
2023-09-29 15:27:34,915 [INFO] CodeEngine:311 - oldGeneratedFile, /home/kosma/STM32Cube/1p12-workspace/l476rg/Core/Inc/stm32l4xx_hal_conf.h_save
2023-09-29 15:27:34,988 [INFO] CodeEngine:335 - Generated code: /home/kosma/STM32Cube/1p12-workspace/l476rg/Core/Inc/stm32l4xx_hal_conf.h
2023-09-29 15:27:35,006 [INFO] CodeEngine:255 - oldGeneratedFile, /home/kosma/STM32Cube/1p12-workspace/l476rg/Core/Inc/main.h_save
2023-09-29 15:27:35,063 [INFO] CodeEngine:279 - Generated code: /home/kosma/STM32Cube/1p12-workspace/l476rg/Core/Inc/main.h
2023-09-29 15:27:35,064 [INFO] CodeEngine:255 - oldGeneratedFile, /home/kosma/STM32Cube/1p12-workspace/l476rg/Core/Src/main.c_save
2023-09-29 15:27:35,131 [INFO] CodeEngine:279 - Generated code: /home/kosma/STM32Cube/1p12-workspace/l476rg/Core/Src/main.c
2023-09-29 15:27:35,559 [INFO] ProjectBuilder:2996 - Time for Copy HAL[2] : 0mS.
2023-09-29 15:27:35,561 [INFO] ProjectBuilder:4304 - Project Generator version: 3.19.2
2023-09-29 15:27:36,210 [INFO] ConfigFileManager:1483 - The Die is : DIE415
2023-09-29 15:27:37,638 [INFO] ProjectBuilder:4505 - Time for Generating toolchain IDE Files: 2077mS.
2023-09-29 15:27:37,638 [INFO] ProjectBuilder:2867 - Time for Copy CMSIS : 0mS.
2023-09-29 15:27:37,639 [INFO] ProjectBuilder:2867 - Time for Copy CMSIS : 0mS.
2023-09-29 18:06:29,320 [INFO] WebAppUi:1035 - Web application message: Reloading CAD
2023-09-29 18:45:06,016 [INFO] WebAppUi:1035 - Web application message: Reloading CAD
2023-09-29 22:56:31,388 [INFO] WebAppUi:1035 - Web application message: Reloading CAD
2023-09-29 23:44:49,259 [INFO] UtilMem:75 - End SaveConfig() Used Memory: 887339744 Bytes (1024458752)
2023-09-29 23:44:49,372 [INFO] UtilMem:75 - End SaveConfig() Used Memory: 319265680 Bytes (1024458752)
2023-09-29 23:44:49,864 [INFO] UtilMem:75 - End SaveConfig() Used Memory: 426742672 Bytes (1024458752)
2023-09-29 23:44:50,127 [INFO] BlockDiagram:2759 - set Specific Code input for plugin: SYS
2023-09-29 23:44:50,127 [INFO] BlockDiagram:2759 - set Specific Code input for plugin: RCC
2023-09-29 23:44:50,127 [INFO] BlockDiagram:2759 - set Specific Code input for plugin: NVIC
2023-09-29 23:44:50,127 [INFO] BlockDiagram:2759 - set Specific Code input for plugin: USART
2023-09-29 23:44:50,127 [INFO] BlockDiagram:2759 - set Specific Code input for plugin: GPIO
2023-09-29 23:44:50,128 [INFO] CodeGenerator:793 - code generatio: config db path: /app/stm32cubeide/plugins/com.st.stm32cube.common.mx_6.8.0.202302231600//db/
2023-09-29 23:44:50,373 [INFO] CodeEngine:255 - oldGeneratedFile, /home/kosma/STM32Cube/1p12-workspace/l476rg/MXTmpFiles/license.tmp_save
2023-09-29 23:44:50,483 [INFO] CodeEngine:279 - Generated code: /home/kosma/STM32Cube/1p12-workspace/l476rg/MXTmpFiles/license.tmp
2023-09-29 23:44:50,518 [INFO] CodeEngine:255 - oldGeneratedFile, /home/kosma/STM32Cube/1p12-workspace/l476rg/MXTmpFiles/gpio.tmp_save
2023-09-29 23:44:50,606 [INFO] CodeEngine:279 - Generated code: /home/kosma/STM32Cube/1p12-workspace/l476rg/MXTmpFiles/gpio.tmp
2023-09-29 23:44:50,685 [INFO] CodeEngine:255 - oldGeneratedFile, /home/kosma/STM32Cube/1p12-workspace/l476rg/Core/Src/stm32l4xx_it.c_save
2023-09-29 23:44:50,911 [INFO] CodeEngine:279 - Generated code: /home/kosma/STM32Cube/1p12-workspace/l476rg/Core/Src/stm32l4xx_it.c
2023-09-29 23:44:50,913 [INFO] CodeEngine:255 - oldGeneratedFile, /home/kosma/STM32Cube/1p12-workspace/l476rg/Core/Inc/stm32l4xx_it.h_save
2023-09-29 23:44:50,975 [INFO] CodeEngine:279 - Generated code: /home/kosma/STM32Cube/1p12-workspace/l476rg/Core/Inc/stm32l4xx_it.h
2023-09-29 23:44:50,979 [INFO] CodeEngine:255 - oldGeneratedFile, /home/kosma/STM32Cube/1p12-workspace/l476rg/Core/Src/stm32l4xx_hal_msp.c_save
2023-09-29 23:44:51,073 [INFO] CodeEngine:279 - Generated code: /home/kosma/STM32Cube/1p12-workspace/l476rg/Core/Src/stm32l4xx_hal_msp.c
2023-09-29 23:44:51,074 [INFO] CodeEngine:255 - oldGeneratedFile, /home/kosma/STM32Cube/1p12-workspace/l476rg/MXTmpFiles/system.tmp_save
2023-09-29 23:44:51,133 [INFO] CodeEngine:279 - Generated code: /home/kosma/STM32Cube/1p12-workspace/l476rg/MXTmpFiles/system.tmp
2023-09-29 23:44:51,135 [INFO] CodeEngine:311 - oldGeneratedFile, /home/kosma/STM32Cube/1p12-workspace/l476rg/Core/Inc/stm32l4xx_hal_conf.h_save
2023-09-29 23:44:51,205 [INFO] CodeEngine:335 - Generated code: /home/kosma/STM32Cube/1p12-workspace/l476rg/Core/Inc/stm32l4xx_hal_conf.h
2023-09-29 23:44:51,302 [INFO] CodeEngine:255 - oldGeneratedFile, /home/kosma/STM32Cube/1p12-workspace/l476rg/Core/Inc/main.h_save
2023-09-29 23:44:51,403 [INFO] CodeEngine:279 - Generated code: /home/kosma/STM32Cube/1p12-workspace/l476rg/Core/Inc/main.h
2023-09-29 23:44:51,406 [INFO] CodeEngine:255 - oldGeneratedFile, /home/kosma/STM32Cube/1p12-workspace/l476rg/Core/Src/main.c_save
2023-09-29 23:44:51,489 [INFO] CodeEngine:279 - Generated code: /home/kosma/STM32Cube/1p12-workspace/l476rg/Core/Src/main.c
2023-09-29 23:44:52,184 [INFO] ProjectBuilder:2996 - Time for Copy HAL[2] : 0mS.
2023-09-29 23:44:52,185 [INFO] ProjectBuilder:4304 - Project Generator version: 3.19.2
2023-09-29 23:44:52,473 [INFO] ConfigFileManager:1483 - The Die is : DIE415
2023-09-29 23:44:54,053 [INFO] ProjectBuilder:4505 - Time for Generating toolchain IDE Files: 1868mS.
2023-09-29 23:44:54,053 [INFO] ProjectBuilder:2867 - Time for Copy CMSIS : 0mS.
2023-09-29 23:44:54,054 [INFO] ProjectBuilder:2867 - Time for Copy CMSIS : 0mS.
