2023-09-30 08:25:29,250 [INFO] WebAppUi:1035 - Web application message: Reloading CAD
2023-09-30 08:47:48,817 [INFO] Gpio:273 - dependency for GPIO [RCC, SYS, USART2]
2023-09-30 10:33:46,600 [INFO] NvicIntPanel:101 - NVIC parent = com.st.microxplorer.plugins.ip.nvic.MultiNvicIntPanel[,0,0,0x0,invalid,layout=javax.swing.BoxLayout,alignmentX=0.0,alignmentY=0.0,border=,flags=9,maximumSize=,minimumSize=,preferredSize=]
2023-09-30 10:35:04,992 [INFO] NvicIntPanel:101 - NVIC parent = com.st.microxplorer.plugins.ip.nvic.MultiNvicIntPanel[,0,0,0x0,invalid,layout=javax.swing.BoxLayout,alignmentX=0.0,alignmentY=0.0,border=,flags=9,maximumSize=,minimumSize=,preferredSize=]
2023-09-30 10:35:26,901 [INFO] NvicIntPanel:101 - NVIC parent = com.st.microxplorer.plugins.ip.nvic.MultiNvicIntPanel[,0,0,0x0,invalid,layout=javax.swing.BoxLayout,alignmentX=0.0,alignmentY=0.0,border=,flags=9,maximumSize=,minimumSize=,preferredSize=]
2023-09-30 10:35:40,849 [INFO] NvicIntPanel:101 - NVIC parent = com.st.microxplorer.plugins.ip.nvic.MultiNvicIntPanel[,0,0,0x0,invalid,layout=javax.swing.BoxLayout,alignmentX=0.0,alignmentY=0.0,border=,flags=9,maximumSize=,minimumSize=,preferredSize=]
2023-09-30 10:41:05,803 [INFO] UtilMem:75 - End SaveConfig() Used Memory: 574960112 Bytes (1024458752)
2023-09-30 10:41:05,903 [INFO] UtilMem:75 - End SaveConfig() Used Memory: 603793904 Bytes (1024458752)
2023-09-30 10:41:06,235 [INFO] UtilMem:75 - End SaveConfig() Used Memory: 731202192 Bytes (1024458752)
2023-09-30 10:41:06,488 [INFO] BlockDiagram:2759 - set Specific Code input for plugin: TIM1_8L4
2023-09-30 10:41:06,488 [INFO] BlockDiagram:2759 - set Specific Code input for plugin: SYS
2023-09-30 10:41:06,488 [INFO] BlockDiagram:2759 - set Specific Code input for plugin: RCC
2023-09-30 10:41:06,488 [INFO] BlockDiagram:2759 - set Specific Code input for plugin: NVIC
2023-09-30 10:41:06,488 [INFO] BlockDiagram:2759 - set Specific Code input for plugin: USART
2023-09-30 10:41:06,488 [INFO] BlockDiagram:2759 - set Specific Code input for plugin: GPIO
2023-09-30 10:41:06,489 [INFO] CodeGenerator:793 - code generatio: config db path: /app/stm32cubeide/plugins/com.st.stm32cube.common.mx_6.8.0.202302231600//db/
2023-09-30 10:41:06,792 [INFO] CodeEngine:255 - oldGeneratedFile, /home/kosma/STM32Cube/1p12-workspace/l476rg/MXTmpFiles/license.tmp_save
2023-09-30 10:41:06,861 [INFO] CodeEngine:279 - Generated code: /home/kosma/STM32Cube/1p12-workspace/l476rg/MXTmpFiles/license.tmp
2023-09-30 10:41:06,889 [INFO] CodeEngine:255 - oldGeneratedFile, /home/kosma/STM32Cube/1p12-workspace/l476rg/MXTmpFiles/gpio.tmp_save
2023-09-30 10:41:06,947 [INFO] CodeEngine:279 - Generated code: /home/kosma/STM32Cube/1p12-workspace/l476rg/MXTmpFiles/gpio.tmp
2023-09-30 10:41:07,115 [INFO] CodeEngine:255 - oldGeneratedFile, /home/kosma/STM32Cube/1p12-workspace/l476rg/Core/Src/stm32l4xx_it.c_save
2023-09-30 10:41:07,247 [INFO] CodeEngine:279 - Generated code: /home/kosma/STM32Cube/1p12-workspace/l476rg/Core/Src/stm32l4xx_it.c
2023-09-30 10:41:07,248 [INFO] CodeEngine:255 - oldGeneratedFile, /home/kosma/STM32Cube/1p12-workspace/l476rg/Core/Inc/stm32l4xx_it.h_save
2023-09-30 10:41:07,297 [INFO] CodeEngine:279 - Generated code: /home/kosma/STM32Cube/1p12-workspace/l476rg/Core/Inc/stm32l4xx_it.h
2023-09-30 10:41:07,300 [INFO] CodeEngine:255 - oldGeneratedFile, /home/kosma/STM32Cube/1p12-workspace/l476rg/Core/Src/stm32l4xx_hal_msp.c_save
2023-09-30 10:41:07,385 [INFO] CodeEngine:279 - Generated code: /home/kosma/STM32Cube/1p12-workspace/l476rg/Core/Src/stm32l4xx_hal_msp.c
2023-09-30 10:41:07,386 [INFO] CodeEngine:255 - oldGeneratedFile, /home/kosma/STM32Cube/1p12-workspace/l476rg/MXTmpFiles/system.tmp_save
2023-09-30 10:41:07,432 [INFO] CodeEngine:279 - Generated code: /home/kosma/STM32Cube/1p12-workspace/l476rg/MXTmpFiles/system.tmp
2023-09-30 10:41:07,434 [INFO] CodeEngine:311 - oldGeneratedFile, /home/kosma/STM32Cube/1p12-workspace/l476rg/Core/Inc/stm32l4xx_hal_conf.h_save
2023-09-30 10:41:07,491 [INFO] CodeEngine:335 - Generated code: /home/kosma/STM32Cube/1p12-workspace/l476rg/Core/Inc/stm32l4xx_hal_conf.h
2023-09-30 10:41:07,504 [WARN] IPConfigManager:3431 - IP not found : TIM
2023-09-30 10:41:07,504 [WARN] CodeGenerator:3754 - IP not found : null
2023-09-30 10:41:07,506 [INFO] CodeEngine:255 - oldGeneratedFile, /home/kosma/STM32Cube/1p12-workspace/l476rg/Core/Inc/main.h_save
2023-09-30 10:41:07,691 [INFO] CodeEngine:279 - Generated code: /home/kosma/STM32Cube/1p12-workspace/l476rg/Core/Inc/main.h
2023-09-30 10:41:07,693 [INFO] CodeEngine:255 - oldGeneratedFile, /home/kosma/STM32Cube/1p12-workspace/l476rg/Core/Src/main.c_save
2023-09-30 10:41:07,778 [INFO] CodeEngine:279 - Generated code: /home/kosma/STM32Cube/1p12-workspace/l476rg/Core/Src/main.c
2023-09-30 10:41:08,522 [INFO] ProjectBuilder:2996 - Time for Copy HAL[2] : 0mS.
2023-09-30 10:41:08,524 [INFO] ProjectBuilder:4304 - Project Generator version: 3.19.2
2023-09-30 10:41:08,779 [INFO] ConfigFileManager:1483 - The Die is : DIE415
2023-09-30 10:41:10,218 [INFO] ProjectBuilder:4505 - Time for Generating toolchain IDE Files: 1694mS.
2023-09-30 10:41:10,218 [INFO] ProjectBuilder:2867 - Time for Copy CMSIS : 0mS.
2023-09-30 10:41:10,219 [INFO] ProjectBuilder:2867 - Time for Copy CMSIS : 0mS.
2023-09-30 10:41:32,367 [INFO] UtilMem:75 - End SaveConfig() Used Memory: 447552248 Bytes (1030750208)
2023-09-30 10:41:32,473 [INFO] UtilMem:75 - End SaveConfig() Used Memory: 475863800 Bytes (1030750208)
2023-09-30 10:41:32,785 [INFO] UtilMem:75 - End SaveConfig() Used Memory: 570761976 Bytes (1030750208)
2023-09-30 10:41:33,029 [INFO] BlockDiagram:2759 - set Specific Code input for plugin: TIM1_8L4
2023-09-30 10:41:33,029 [INFO] BlockDiagram:2759 - set Specific Code input for plugin: SYS
2023-09-30 10:41:33,029 [INFO] BlockDiagram:2759 - set Specific Code input for plugin: RCC
2023-09-30 10:41:33,029 [INFO] BlockDiagram:2759 - set Specific Code input for plugin: NVIC
2023-09-30 10:41:33,029 [INFO] BlockDiagram:2759 - set Specific Code input for plugin: USART
2023-09-30 10:41:33,029 [INFO] BlockDiagram:2759 - set Specific Code input for plugin: GPIO
2023-09-30 10:41:33,029 [INFO] CodeGenerator:793 - code generatio: config db path: /app/stm32cubeide/plugins/com.st.stm32cube.common.mx_6.8.0.202302231600//db/
2023-09-30 10:41:33,263 [INFO] CodeEngine:255 - oldGeneratedFile, /home/kosma/STM32Cube/1p12-workspace/l476rg/MXTmpFiles/license.tmp_save
2023-09-30 10:41:33,320 [INFO] CodeEngine:279 - Generated code: /home/kosma/STM32Cube/1p12-workspace/l476rg/MXTmpFiles/license.tmp
2023-09-30 10:41:33,352 [INFO] CodeEngine:255 - oldGeneratedFile, /home/kosma/STM32Cube/1p12-workspace/l476rg/MXTmpFiles/gpio.tmp_save
2023-09-30 10:41:33,437 [INFO] CodeEngine:279 - Generated code: /home/kosma/STM32Cube/1p12-workspace/l476rg/MXTmpFiles/gpio.tmp
2023-09-30 10:41:33,581 [INFO] CodeEngine:255 - oldGeneratedFile, /home/kosma/STM32Cube/1p12-workspace/l476rg/Core/Src/stm32l4xx_it.c_save
2023-09-30 10:41:33,638 [INFO] CodeEngine:279 - Generated code: /home/kosma/STM32Cube/1p12-workspace/l476rg/Core/Src/stm32l4xx_it.c
2023-09-30 10:41:33,639 [INFO] CodeEngine:255 - oldGeneratedFile, /home/kosma/STM32Cube/1p12-workspace/l476rg/Core/Inc/stm32l4xx_it.h_save
2023-09-30 10:41:33,686 [INFO] CodeEngine:279 - Generated code: /home/kosma/STM32Cube/1p12-workspace/l476rg/Core/Inc/stm32l4xx_it.h
2023-09-30 10:41:33,689 [INFO] CodeEngine:255 - oldGeneratedFile, /home/kosma/STM32Cube/1p12-workspace/l476rg/Core/Src/stm32l4xx_hal_msp.c_save
2023-09-30 10:41:33,760 [INFO] CodeEngine:279 - Generated code: /home/kosma/STM32Cube/1p12-workspace/l476rg/Core/Src/stm32l4xx_hal_msp.c
2023-09-30 10:41:33,761 [INFO] CodeEngine:255 - oldGeneratedFile, /home/kosma/STM32Cube/1p12-workspace/l476rg/MXTmpFiles/system.tmp_save
2023-09-30 10:41:33,807 [INFO] CodeEngine:279 - Generated code: /home/kosma/STM32Cube/1p12-workspace/l476rg/MXTmpFiles/system.tmp
2023-09-30 10:41:33,809 [INFO] CodeEngine:311 - oldGeneratedFile, /home/kosma/STM32Cube/1p12-workspace/l476rg/Core/Inc/stm32l4xx_hal_conf.h_save
2023-09-30 10:41:33,858 [INFO] CodeEngine:335 - Generated code: /home/kosma/STM32Cube/1p12-workspace/l476rg/Core/Inc/stm32l4xx_hal_conf.h
2023-09-30 10:41:33,869 [WARN] IPConfigManager:3431 - IP not found : TIM
2023-09-30 10:41:33,869 [WARN] CodeGenerator:3754 - IP not found : null
2023-09-30 10:41:33,871 [INFO] CodeEngine:255 - oldGeneratedFile, /home/kosma/STM32Cube/1p12-workspace/l476rg/Core/Inc/main.h_save
2023-09-30 10:41:33,924 [INFO] CodeEngine:279 - Generated code: /home/kosma/STM32Cube/1p12-workspace/l476rg/Core/Inc/main.h
2023-09-30 10:41:33,925 [INFO] CodeEngine:255 - oldGeneratedFile, /home/kosma/STM32Cube/1p12-workspace/l476rg/Core/Src/main.c_save
2023-09-30 10:41:33,994 [INFO] CodeEngine:279 - Generated code: /home/kosma/STM32Cube/1p12-workspace/l476rg/Core/Src/main.c
2023-09-30 10:41:34,639 [INFO] ProjectBuilder:2996 - Time for Copy HAL[2] : 0mS.
2023-09-30 10:41:34,641 [INFO] ProjectBuilder:4304 - Project Generator version: 3.19.2
2023-09-30 10:41:34,850 [INFO] ConfigFileManager:1483 - The Die is : DIE415
2023-09-30 10:41:36,340 [INFO] ProjectBuilder:4505 - Time for Generating toolchain IDE Files: 1699mS.
2023-09-30 10:41:36,340 [INFO] ProjectBuilder:2867 - Time for Copy CMSIS : 0mS.
2023-09-30 10:41:36,341 [INFO] ProjectBuilder:2867 - Time for Copy CMSIS : 0mS.
2023-09-30 11:03:59,604 [INFO] UtilMem:75 - End SaveConfig() Used Memory: 790590224 Bytes (1040187392)
2023-09-30 11:03:59,693 [INFO] UtilMem:75 - End SaveConfig() Used Memory: 814185232 Bytes (1040187392)
2023-09-30 11:04:00,056 [INFO] UtilMem:75 - End SaveConfig() Used Memory: 442747072 Bytes (1040187392)
2023-09-30 11:04:00,326 [INFO] BlockDiagram:2759 - set Specific Code input for plugin: TIM1_8L4
2023-09-30 11:04:00,326 [INFO] BlockDiagram:2759 - set Specific Code input for plugin: SYS
2023-09-30 11:04:00,326 [INFO] BlockDiagram:2759 - set Specific Code input for plugin: RCC
2023-09-30 11:04:00,326 [INFO] BlockDiagram:2759 - set Specific Code input for plugin: NVIC
2023-09-30 11:04:00,326 [INFO] BlockDiagram:2759 - set Specific Code input for plugin: USART
2023-09-30 11:04:00,326 [INFO] BlockDiagram:2759 - set Specific Code input for plugin: GPIO
2023-09-30 11:04:00,326 [INFO] CodeGenerator:793 - code generatio: config db path: /app/stm32cubeide/plugins/com.st.stm32cube.common.mx_6.8.0.202302231600//db/
2023-09-30 11:04:00,481 [INFO] CodeEngine:255 - oldGeneratedFile, /home/kosma/STM32Cube/1p12-workspace/l476rg/MXTmpFiles/license.tmp_save
2023-09-30 11:04:00,536 [INFO] CodeEngine:279 - Generated code: /home/kosma/STM32Cube/1p12-workspace/l476rg/MXTmpFiles/license.tmp
2023-09-30 11:04:00,560 [INFO] CodeEngine:255 - oldGeneratedFile, /home/kosma/STM32Cube/1p12-workspace/l476rg/MXTmpFiles/gpio.tmp_save
2023-09-30 11:04:00,612 [INFO] CodeEngine:279 - Generated code: /home/kosma/STM32Cube/1p12-workspace/l476rg/MXTmpFiles/gpio.tmp
2023-09-30 11:04:00,730 [INFO] CodeEngine:255 - oldGeneratedFile, /home/kosma/STM32Cube/1p12-workspace/l476rg/Core/Src/stm32l4xx_it.c_save
2023-09-30 11:04:00,957 [INFO] CodeEngine:279 - Generated code: /home/kosma/STM32Cube/1p12-workspace/l476rg/Core/Src/stm32l4xx_it.c
2023-09-30 11:04:00,959 [INFO] CodeEngine:255 - oldGeneratedFile, /home/kosma/STM32Cube/1p12-workspace/l476rg/Core/Inc/stm32l4xx_it.h_save
2023-09-30 11:04:01,041 [INFO] CodeEngine:279 - Generated code: /home/kosma/STM32Cube/1p12-workspace/l476rg/Core/Inc/stm32l4xx_it.h
2023-09-30 11:04:01,046 [INFO] CodeEngine:255 - oldGeneratedFile, /home/kosma/STM32Cube/1p12-workspace/l476rg/Core/Src/stm32l4xx_hal_msp.c_save
2023-09-30 11:04:01,148 [INFO] CodeEngine:279 - Generated code: /home/kosma/STM32Cube/1p12-workspace/l476rg/Core/Src/stm32l4xx_hal_msp.c
2023-09-30 11:04:01,149 [INFO] CodeEngine:255 - oldGeneratedFile, /home/kosma/STM32Cube/1p12-workspace/l476rg/MXTmpFiles/system.tmp_save
2023-09-30 11:04:01,196 [INFO] CodeEngine:279 - Generated code: /home/kosma/STM32Cube/1p12-workspace/l476rg/MXTmpFiles/system.tmp
2023-09-30 11:04:01,198 [INFO] CodeEngine:311 - oldGeneratedFile, /home/kosma/STM32Cube/1p12-workspace/l476rg/Core/Inc/stm32l4xx_hal_conf.h_save
2023-09-30 11:04:01,272 [INFO] CodeEngine:335 - Generated code: /home/kosma/STM32Cube/1p12-workspace/l476rg/Core/Inc/stm32l4xx_hal_conf.h
2023-09-30 11:04:01,286 [WARN] IPConfigManager:3431 - IP not found : TIM
2023-09-30 11:04:01,286 [WARN] CodeGenerator:3754 - IP not found : null
2023-09-30 11:04:01,288 [INFO] CodeEngine:255 - oldGeneratedFile, /home/kosma/STM32Cube/1p12-workspace/l476rg/Core/Inc/main.h_save
2023-09-30 11:04:01,364 [INFO] CodeEngine:279 - Generated code: /home/kosma/STM32Cube/1p12-workspace/l476rg/Core/Inc/main.h
2023-09-30 11:04:01,365 [INFO] CodeEngine:255 - oldGeneratedFile, /home/kosma/STM32Cube/1p12-workspace/l476rg/Core/Src/main.c_save
2023-09-30 11:04:01,460 [INFO] CodeEngine:279 - Generated code: /home/kosma/STM32Cube/1p12-workspace/l476rg/Core/Src/main.c
2023-09-30 11:04:02,172 [INFO] ProjectBuilder:2996 - Time for Copy HAL[2] : 0mS.
2023-09-30 11:04:02,174 [INFO] ProjectBuilder:4304 - Project Generator version: 3.19.2
2023-09-30 11:04:02,446 [INFO] ConfigFileManager:1483 - The Die is : DIE415
2023-09-30 11:04:03,943 [INFO] ProjectBuilder:4505 - Time for Generating toolchain IDE Files: 1769mS.
2023-09-30 11:04:03,943 [INFO] ProjectBuilder:2867 - Time for Copy CMSIS : 0mS.
2023-09-30 11:04:03,944 [INFO] ProjectBuilder:2867 - Time for Copy CMSIS : 0mS.
2023-09-30 11:07:13,115 [INFO] NvicIntPanel:101 - NVIC parent = com.st.microxplorer.plugins.ip.nvic.MultiNvicIntPanel[,0,0,0x0,invalid,layout=javax.swing.BoxLayout,alignmentX=0.0,alignmentY=0.0,border=,flags=9,maximumSize=,minimumSize=,preferredSize=]
2023-09-30 11:07:17,182 [INFO] NvicIntPanel:101 - NVIC parent = com.st.microxplorer.plugins.ip.nvic.MultiNvicIntPanel[,0,0,0x0,invalid,layout=javax.swing.BoxLayout,alignmentX=0.0,alignmentY=0.0,border=,flags=9,maximumSize=,minimumSize=,preferredSize=]
2023-09-30 11:07:55,582 [INFO] NvicIntPanel:101 - NVIC parent = com.st.microxplorer.plugins.ip.nvic.MultiNvicIntPanel[,0,0,0x0,invalid,layout=javax.swing.BoxLayout,alignmentX=0.0,alignmentY=0.0,border=,flags=9,maximumSize=,minimumSize=,preferredSize=]
2023-09-30 11:07:55,724 [INFO] NvicIntPanel:101 - NVIC parent = com.st.microxplorer.plugins.ip.nvic.MultiNvicIntPanel[,0,0,0x0,invalid,layout=javax.swing.BoxLayout,alignmentX=0.0,alignmentY=0.0,border=,flags=9,maximumSize=,minimumSize=,preferredSize=]
2023-09-30 11:08:31,349 [INFO] UtilMem:75 - End SaveConfig() Used Memory: 419291280 Bytes (1040187392)
2023-09-30 11:08:31,452 [INFO] UtilMem:75 - End SaveConfig() Used Memory: 441833616 Bytes (1040187392)
2023-09-30 11:08:31,738 [INFO] UtilMem:75 - End SaveConfig() Used Memory: 481543344 Bytes (1040187392)
2023-09-30 11:08:31,933 [INFO] BlockDiagram:2759 - set Specific Code input for plugin: TIM1_8L4
2023-09-30 11:08:31,933 [INFO] BlockDiagram:2759 - set Specific Code input for plugin: SYS
2023-09-30 11:08:31,933 [INFO] BlockDiagram:2759 - set Specific Code input for plugin: RCC
2023-09-30 11:08:31,933 [INFO] BlockDiagram:2759 - set Specific Code input for plugin: NVIC
2023-09-30 11:08:31,933 [INFO] BlockDiagram:2759 - set Specific Code input for plugin: USART
2023-09-30 11:08:31,933 [INFO] BlockDiagram:2759 - set Specific Code input for plugin: GPIO
2023-09-30 11:08:31,933 [INFO] CodeGenerator:793 - code generatio: config db path: /app/stm32cubeide/plugins/com.st.stm32cube.common.mx_6.8.0.202302231600//db/
2023-09-30 11:08:32,087 [INFO] CodeEngine:255 - oldGeneratedFile, /home/kosma/STM32Cube/1p12-workspace/l476rg/MXTmpFiles/license.tmp_save
2023-09-30 11:08:32,135 [INFO] CodeEngine:279 - Generated code: /home/kosma/STM32Cube/1p12-workspace/l476rg/MXTmpFiles/license.tmp
2023-09-30 11:08:32,153 [INFO] CodeEngine:255 - oldGeneratedFile, /home/kosma/STM32Cube/1p12-workspace/l476rg/MXTmpFiles/gpio.tmp_save
2023-09-30 11:08:32,200 [INFO] CodeEngine:279 - Generated code: /home/kosma/STM32Cube/1p12-workspace/l476rg/MXTmpFiles/gpio.tmp
2023-09-30 11:08:32,306 [INFO] CodeEngine:255 - oldGeneratedFile, /home/kosma/STM32Cube/1p12-workspace/l476rg/Core/Src/stm32l4xx_it.c_save
2023-09-30 11:08:32,374 [INFO] CodeEngine:279 - Generated code: /home/kosma/STM32Cube/1p12-workspace/l476rg/Core/Src/stm32l4xx_it.c
2023-09-30 11:08:32,375 [INFO] CodeEngine:255 - oldGeneratedFile, /home/kosma/STM32Cube/1p12-workspace/l476rg/Core/Inc/stm32l4xx_it.h_save
2023-09-30 11:08:32,441 [INFO] CodeEngine:279 - Generated code: /home/kosma/STM32Cube/1p12-workspace/l476rg/Core/Inc/stm32l4xx_it.h
2023-09-30 11:08:32,445 [INFO] CodeEngine:255 - oldGeneratedFile, /home/kosma/STM32Cube/1p12-workspace/l476rg/Core/Src/stm32l4xx_hal_msp.c_save
2023-09-30 11:08:32,517 [INFO] CodeEngine:279 - Generated code: /home/kosma/STM32Cube/1p12-workspace/l476rg/Core/Src/stm32l4xx_hal_msp.c
2023-09-30 11:08:32,518 [INFO] CodeEngine:255 - oldGeneratedFile, /home/kosma/STM32Cube/1p12-workspace/l476rg/MXTmpFiles/system.tmp_save
2023-09-30 11:08:32,566 [INFO] CodeEngine:279 - Generated code: /home/kosma/STM32Cube/1p12-workspace/l476rg/MXTmpFiles/system.tmp
2023-09-30 11:08:32,567 [INFO] CodeEngine:311 - oldGeneratedFile, /home/kosma/STM32Cube/1p12-workspace/l476rg/Core/Inc/stm32l4xx_hal_conf.h_save
2023-09-30 11:08:32,619 [INFO] CodeEngine:335 - Generated code: /home/kosma/STM32Cube/1p12-workspace/l476rg/Core/Inc/stm32l4xx_hal_conf.h
2023-09-30 11:08:32,632 [WARN] IPConfigManager:3431 - IP not found : TIM
2023-09-30 11:08:32,632 [WARN] CodeGenerator:3754 - IP not found : null
2023-09-30 11:08:32,633 [INFO] CodeEngine:255 - oldGeneratedFile, /home/kosma/STM32Cube/1p12-workspace/l476rg/Core/Inc/main.h_save
2023-09-30 11:08:32,686 [INFO] CodeEngine:279 - Generated code: /home/kosma/STM32Cube/1p12-workspace/l476rg/Core/Inc/main.h
2023-09-30 11:08:32,688 [INFO] CodeEngine:255 - oldGeneratedFile, /home/kosma/STM32Cube/1p12-workspace/l476rg/Core/Src/main.c_save
2023-09-30 11:08:32,764 [INFO] CodeEngine:279 - Generated code: /home/kosma/STM32Cube/1p12-workspace/l476rg/Core/Src/main.c
2023-09-30 11:08:33,621 [INFO] ProjectBuilder:2996 - Time for Copy HAL[2] : 0mS.
2023-09-30 11:08:33,623 [INFO] ProjectBuilder:4304 - Project Generator version: 3.19.2
2023-09-30 11:08:34,107 [INFO] ConfigFileManager:1483 - The Die is : DIE415
2023-09-30 11:08:35,637 [INFO] ProjectBuilder:4505 - Time for Generating toolchain IDE Files: 2014mS.
2023-09-30 11:08:35,637 [INFO] ProjectBuilder:2867 - Time for Copy CMSIS : 0mS.
2023-09-30 11:08:35,638 [INFO] ProjectBuilder:2867 - Time for Copy CMSIS : 0mS.
2023-09-30 11:08:50,707 [INFO] UtilMem:75 - End SaveConfig() Used Memory: 549160704 Bytes (1044381696)
2023-09-30 11:08:50,801 [INFO] UtilMem:75 - End SaveConfig() Used Memory: 572229376 Bytes (1044381696)
2023-09-30 11:08:51,106 [INFO] UtilMem:75 - End SaveConfig() Used Memory: 654405752 Bytes (1044381696)
2023-09-30 11:08:51,343 [INFO] BlockDiagram:2759 - set Specific Code input for plugin: TIM1_8L4
2023-09-30 11:08:51,343 [INFO] BlockDiagram:2759 - set Specific Code input for plugin: SYS
2023-09-30 11:08:51,343 [INFO] BlockDiagram:2759 - set Specific Code input for plugin: RCC
2023-09-30 11:08:51,343 [INFO] BlockDiagram:2759 - set Specific Code input for plugin: NVIC
2023-09-30 11:08:51,343 [INFO] BlockDiagram:2759 - set Specific Code input for plugin: USART
2023-09-30 11:08:51,343 [INFO] BlockDiagram:2759 - set Specific Code input for plugin: GPIO
2023-09-30 11:08:51,344 [INFO] CodeGenerator:793 - code generatio: config db path: /app/stm32cubeide/plugins/com.st.stm32cube.common.mx_6.8.0.202302231600//db/
2023-09-30 11:08:51,574 [INFO] CodeEngine:255 - oldGeneratedFile, /home/kosma/STM32Cube/1p12-workspace/l476rg/MXTmpFiles/license.tmp_save
2023-09-30 11:08:51,633 [INFO] CodeEngine:279 - Generated code: /home/kosma/STM32Cube/1p12-workspace/l476rg/MXTmpFiles/license.tmp
2023-09-30 11:08:51,655 [INFO] CodeEngine:255 - oldGeneratedFile, /home/kosma/STM32Cube/1p12-workspace/l476rg/MXTmpFiles/gpio.tmp_save
2023-09-30 11:08:51,774 [INFO] CodeEngine:279 - Generated code: /home/kosma/STM32Cube/1p12-workspace/l476rg/MXTmpFiles/gpio.tmp
2023-09-30 11:08:51,964 [INFO] CodeEngine:255 - oldGeneratedFile, /home/kosma/STM32Cube/1p12-workspace/l476rg/Core/Src/stm32l4xx_it.c_save
2023-09-30 11:08:52,059 [INFO] CodeEngine:279 - Generated code: /home/kosma/STM32Cube/1p12-workspace/l476rg/Core/Src/stm32l4xx_it.c
2023-09-30 11:08:52,061 [INFO] CodeEngine:255 - oldGeneratedFile, /home/kosma/STM32Cube/1p12-workspace/l476rg/Core/Inc/stm32l4xx_it.h_save
2023-09-30 11:08:52,122 [INFO] CodeEngine:279 - Generated code: /home/kosma/STM32Cube/1p12-workspace/l476rg/Core/Inc/stm32l4xx_it.h
2023-09-30 11:08:52,124 [INFO] CodeEngine:255 - oldGeneratedFile, /home/kosma/STM32Cube/1p12-workspace/l476rg/Core/Src/stm32l4xx_hal_msp.c_save
2023-09-30 11:08:52,219 [INFO] CodeEngine:279 - Generated code: /home/kosma/STM32Cube/1p12-workspace/l476rg/Core/Src/stm32l4xx_hal_msp.c
2023-09-30 11:08:52,223 [INFO] CodeEngine:255 - oldGeneratedFile, /home/kosma/STM32Cube/1p12-workspace/l476rg/MXTmpFiles/system.tmp_save
2023-09-30 11:08:52,307 [INFO] CodeEngine:279 - Generated code: /home/kosma/STM32Cube/1p12-workspace/l476rg/MXTmpFiles/system.tmp
2023-09-30 11:08:52,310 [INFO] CodeEngine:311 - oldGeneratedFile, /home/kosma/STM32Cube/1p12-workspace/l476rg/Core/Inc/stm32l4xx_hal_conf.h_save
2023-09-30 11:08:52,387 [INFO] CodeEngine:335 - Generated code: /home/kosma/STM32Cube/1p12-workspace/l476rg/Core/Inc/stm32l4xx_hal_conf.h
2023-09-30 11:08:52,406 [WARN] IPConfigManager:3431 - IP not found : TIM
2023-09-30 11:08:52,406 [WARN] CodeGenerator:3754 - IP not found : null
2023-09-30 11:08:52,407 [INFO] CodeEngine:255 - oldGeneratedFile, /home/kosma/STM32Cube/1p12-workspace/l476rg/Core/Inc/main.h_save
2023-09-30 11:08:52,465 [INFO] CodeEngine:279 - Generated code: /home/kosma/STM32Cube/1p12-workspace/l476rg/Core/Inc/main.h
2023-09-30 11:08:52,466 [INFO] CodeEngine:255 - oldGeneratedFile, /home/kosma/STM32Cube/1p12-workspace/l476rg/Core/Src/main.c_save
2023-09-30 11:08:52,546 [INFO] CodeEngine:279 - Generated code: /home/kosma/STM32Cube/1p12-workspace/l476rg/Core/Src/main.c
2023-09-30 11:08:53,225 [INFO] ProjectBuilder:2996 - Time for Copy HAL[2] : 0mS.
2023-09-30 11:08:53,227 [INFO] ProjectBuilder:4304 - Project Generator version: 3.19.2
2023-09-30 11:08:53,476 [INFO] ConfigFileManager:1483 - The Die is : DIE415
2023-09-30 11:08:55,197 [INFO] ProjectBuilder:4505 - Time for Generating toolchain IDE Files: 1970mS.
2023-09-30 11:08:55,197 [INFO] ProjectBuilder:2867 - Time for Copy CMSIS : 0mS.
2023-09-30 11:08:55,198 [INFO] ProjectBuilder:2867 - Time for Copy CMSIS : 0mS.
2023-09-30 11:08:58,367 [INFO] NvicIntPanel:101 - NVIC parent = com.st.microxplorer.plugins.ip.nvic.MultiNvicIntPanel[,0,0,509x312,layout=javax.swing.BoxLayout,alignmentX=0.0,alignmentY=0.0,border=,flags=9,maximumSize=,minimumSize=,preferredSize=]
2023-09-30 11:09:19,933 [INFO] NvicIntPanel:101 - NVIC parent = com.st.microxplorer.plugins.ip.nvic.MultiNvicIntPanel[,0,0,0x0,invalid,layout=javax.swing.BoxLayout,alignmentX=0.0,alignmentY=0.0,border=,flags=9,maximumSize=,minimumSize=,preferredSize=]
2023-09-30 11:39:46,563 [INFO] WebAppUi:1035 - Web application message: Reloading CAD
2023-09-30 16:11:05,873 [INFO] WebAppUi:1035 - Web application message: Reloading CAD
2023-09-30 16:11:50,265 [INFO] WebAppUi:1035 - Web application message: Reloading CAD
2023-09-30 16:16:46,921 [INFO] WebAppUi:1035 - Web application message: Reloading CAD
2023-09-30 16:23:07,472 [INFO] UtilMem:75 - End SaveConfig() Used Memory: 486209968 Bytes (1067450368)
2023-09-30 16:23:07,561 [INFO] UtilMem:75 - End SaveConfig() Used Memory: 508756400 Bytes (1067450368)
2023-09-30 16:23:07,867 [INFO] UtilMem:75 - End SaveConfig() Used Memory: 551748016 Bytes (1067450368)
2023-09-30 16:23:08,125 [INFO] BlockDiagram:2759 - set Specific Code input for plugin: TIM1_8L4
2023-09-30 16:23:08,126 [INFO] BlockDiagram:2759 - set Specific Code input for plugin: SYS
2023-09-30 16:23:08,126 [INFO] BlockDiagram:2759 - set Specific Code input for plugin: RCC
2023-09-30 16:23:08,126 [INFO] BlockDiagram:2759 - set Specific Code input for plugin: NVIC
2023-09-30 16:23:08,126 [INFO] BlockDiagram:2759 - set Specific Code input for plugin: USART
2023-09-30 16:23:08,126 [INFO] BlockDiagram:2759 - set Specific Code input for plugin: GPIO
2023-09-30 16:23:08,126 [INFO] CodeGenerator:793 - code generatio: config db path: /app/stm32cubeide/plugins/com.st.stm32cube.common.mx_6.8.0.202302231600//db/
2023-09-30 16:23:08,315 [INFO] CodeEngine:255 - oldGeneratedFile, /home/kosma/STM32Cube/1p12-workspace/l476rg/MXTmpFiles/license.tmp_save
2023-09-30 16:23:08,418 [INFO] CodeEngine:279 - Generated code: /home/kosma/STM32Cube/1p12-workspace/l476rg/MXTmpFiles/license.tmp
2023-09-30 16:23:08,438 [INFO] CodeEngine:255 - oldGeneratedFile, /home/kosma/STM32Cube/1p12-workspace/l476rg/MXTmpFiles/gpio.tmp_save
2023-09-30 16:23:08,508 [INFO] CodeEngine:279 - Generated code: /home/kosma/STM32Cube/1p12-workspace/l476rg/MXTmpFiles/gpio.tmp
2023-09-30 16:23:08,635 [INFO] CodeEngine:255 - oldGeneratedFile, /home/kosma/STM32Cube/1p12-workspace/l476rg/Core/Src/stm32l4xx_it.c_save
2023-09-30 16:23:08,815 [INFO] CodeEngine:279 - Generated code: /home/kosma/STM32Cube/1p12-workspace/l476rg/Core/Src/stm32l4xx_it.c
2023-09-30 16:23:08,816 [INFO] CodeEngine:255 - oldGeneratedFile, /home/kosma/STM32Cube/1p12-workspace/l476rg/Core/Inc/stm32l4xx_it.h_save
2023-09-30 16:23:08,902 [INFO] CodeEngine:279 - Generated code: /home/kosma/STM32Cube/1p12-workspace/l476rg/Core/Inc/stm32l4xx_it.h
2023-09-30 16:23:08,905 [INFO] CodeEngine:255 - oldGeneratedFile, /home/kosma/STM32Cube/1p12-workspace/l476rg/Core/Src/stm32l4xx_hal_msp.c_save
2023-09-30 16:23:09,011 [INFO] CodeEngine:279 - Generated code: /home/kosma/STM32Cube/1p12-workspace/l476rg/Core/Src/stm32l4xx_hal_msp.c
2023-09-30 16:23:09,012 [INFO] CodeEngine:255 - oldGeneratedFile, /home/kosma/STM32Cube/1p12-workspace/l476rg/MXTmpFiles/system.tmp_save
2023-09-30 16:23:09,065 [INFO] CodeEngine:279 - Generated code: /home/kosma/STM32Cube/1p12-workspace/l476rg/MXTmpFiles/system.tmp
2023-09-30 16:23:09,068 [INFO] CodeEngine:311 - oldGeneratedFile, /home/kosma/STM32Cube/1p12-workspace/l476rg/Core/Inc/stm32l4xx_hal_conf.h_save
2023-09-30 16:23:09,135 [INFO] CodeEngine:335 - Generated code: /home/kosma/STM32Cube/1p12-workspace/l476rg/Core/Inc/stm32l4xx_hal_conf.h
2023-09-30 16:23:09,158 [WARN] IPConfigManager:3431 - IP not found : TIM
2023-09-30 16:23:09,158 [WARN] CodeGenerator:3754 - IP not found : null
2023-09-30 16:23:09,161 [INFO] CodeEngine:255 - oldGeneratedFile, /home/kosma/STM32Cube/1p12-workspace/l476rg/Core/Inc/main.h_save
2023-09-30 16:23:09,233 [INFO] CodeEngine:279 - Generated code: /home/kosma/STM32Cube/1p12-workspace/l476rg/Core/Inc/main.h
2023-09-30 16:23:09,235 [INFO] CodeEngine:255 - oldGeneratedFile, /home/kosma/STM32Cube/1p12-workspace/l476rg/Core/Src/main.c_save
2023-09-30 16:23:09,318 [INFO] CodeEngine:279 - Generated code: /home/kosma/STM32Cube/1p12-workspace/l476rg/Core/Src/main.c
2023-09-30 16:23:10,240 [INFO] ProjectBuilder:2996 - Time for Copy HAL[2] : 0mS.
2023-09-30 16:23:10,242 [INFO] ProjectBuilder:4304 - Project Generator version: 3.19.2
2023-09-30 16:23:10,493 [INFO] ConfigFileManager:1483 - The Die is : DIE415
2023-09-30 16:23:11,947 [INFO] ProjectBuilder:4505 - Time for Generating toolchain IDE Files: 1705mS.
2023-09-30 16:23:11,947 [INFO] ProjectBuilder:2867 - Time for Copy CMSIS : 0mS.
2023-09-30 16:23:11,948 [INFO] ProjectBuilder:2867 - Time for Copy CMSIS : 0mS.
2023-09-30 16:25:07,427 [INFO] WebAppUi:241 - Path where cad_preferences.json is located /home/kosma/.stm32cubeide/
2023-09-30 16:25:07,427 [INFO] WebAppUi:242 - Updating consent from JSON file
2023-09-30 16:25:07,519 [INFO] WebAppUi:430 - JxBrowser engine has been closed 
2023-09-30 16:25:07,519 [INFO] WebAppUi:467 - Close the Jxbrowser engine manually
